#
# There is insufficient memory for the Java Runtime Environment to continue.
# Native memory allocation (malloc) failed to allocate 853456 bytes for Chunk::new
# Possible reasons:
#   The system is out of physical RAM or swap space
#   The process is running with CompressedOops enabled, and the Java Heap may be blocking the growth of the native heap
# Possible solutions:
#   Reduce memory load on the system
#   Increase physical memory or swap space
#   Check if swap backing store is full
#   Decrease Java heap size (-Xmx/-Xms)
#   Decrease number of Java threads
#   Decrease Java thread stack sizes (-Xss)
#   Set larger code cache with -XX:ReservedCodeCacheSize=
#   JVM is running with Unscaled Compressed Oops mode in which the Java heap is
#     placed in the first 4GB address space. The Java Heap base address is the
#     maximum limit for the native heap growth. Please use -XX:HeapBaseMinAddress
#     to set the Java Heap base and to place the Java Heap above 4GB virtual address.
# This output file may be truncated or incomplete.
#
#  Out of Memory Error (allocation.cpp:389), pid=14848, tid=0x00000000000047d0
#
# JRE version: Java(TM) SE Runtime Environment (8.0_221-b11) (build 1.8.0_221-b11)
# Java VM: Java HotSpot(TM) 64-Bit Server VM (25.221-b11 mixed mode windows-amd64 compressed oops)
# Failed to write core dump. Minidumps are not enabled by default on client versions of Windows
#

---------------  T H R E A D  ---------------

Current thread (0x000000001784f800):  JavaThread "C2 CompilerThread0" daemon [_thread_in_native, id=18384, stack(0x00000000191b0000,0x00000000192b0000)]

Stack: [0x00000000191b0000,0x00000000192b0000]
[error occurred during error reporting (printing stack bounds), id 0xc0000005]

Native frames: (J=compiled Java code, j=interpreted, Vv=VM code, C=native code)


Current CompileTask:
C2:  14585 4657       4       java.lang.Class::getMethod0 (40 bytes)


---------------  P R O C E S S  ---------------

Java Threads: ( => current thread )
  0x000000001d46a000 JavaThread "Cache worker for Build Output Cleanup Cache (C:\Users\Sseokkoo\StudioProjects\AndroidStudy04\.gradle\buildOutputCleanup)" [_thread_blocked, id=18304, stack(0x0000000028fe0000,0x00000000290e0000)]
  0x000000001d46b000 JavaThread "jar transforms Thread 92" [_thread_blocked, id=16920, stack(0x0000000028ce0000,0x0000000028de0000)]
  0x000000001d46f800 JavaThread "jar transforms Thread 91" [_thread_blocked, id=16224, stack(0x0000000028be0000,0x0000000028ce0000)]
  0x000000001d468800 JavaThread "jar transforms Thread 90" [_thread_blocked, id=17924, stack(0x0000000028ae0000,0x0000000028be0000)]
  0x000000001d46d000 JavaThread "jar transforms Thread 89" [_thread_blocked, id=6860, stack(0x00000000289e0000,0x0000000028ae0000)]
  0x000000001dcf3000 JavaThread "jar transforms Thread 88" [_thread_blocked, id=9568, stack(0x00000000288e0000,0x00000000289e0000)]
  0x000000001dcf3800 JavaThread "jar transforms Thread 87" [_thread_blocked, id=17260, stack(0x00000000287e0000,0x00000000288e0000)]
  0x000000001dcf2000 JavaThread "jar transforms Thread 86" [_thread_blocked, id=15180, stack(0x00000000286e0000,0x00000000287e0000)]
  0x000000001dcf0000 JavaThread "jar transforms Thread 85" [_thread_blocked, id=8972, stack(0x00000000285e0000,0x00000000286e0000)]
  0x000000001dcf4800 JavaThread "jar transforms Thread 84" [_thread_blocked, id=8904, stack(0x00000000284e0000,0x00000000285e0000)]
  0x000000001dcef000 JavaThread "jar transforms Thread 83" [_thread_blocked, id=7912, stack(0x00000000283e0000,0x00000000284e0000)]
  0x000000001dcf1800 JavaThread "jar transforms Thread 82" [_thread_blocked, id=10336, stack(0x00000000282e0000,0x00000000283e0000)]
  0x000000001dcee800 JavaThread "jar transforms Thread 81" [_thread_blocked, id=15936, stack(0x00000000281e0000,0x00000000282e0000)]
  0x000000001dcf0800 JavaThread "jar transforms Thread 80" [_thread_blocked, id=15536, stack(0x00000000280e0000,0x00000000281e0000)]
  0x000000001dce7000 JavaThread "jar transforms Thread 79" [_thread_blocked, id=7236, stack(0x0000000027fe0000,0x00000000280e0000)]
  0x000000001dced800 JavaThread "jar transforms Thread 78" [_thread_blocked, id=4872, stack(0x0000000027ee0000,0x0000000027fe0000)]
  0x000000001dce6000 JavaThread "jar transforms Thread 77" [_thread_blocked, id=10864, stack(0x0000000027de0000,0x0000000027ee0000)]
  0x000000001dceb800 JavaThread "jar transforms Thread 76" [_thread_blocked, id=10040, stack(0x0000000027ce0000,0x0000000027de0000)]
  0x000000001dcea800 JavaThread "jar transforms Thread 75" [_thread_blocked, id=16488, stack(0x0000000027be0000,0x0000000027ce0000)]
  0x000000001dce8800 JavaThread "jar transforms Thread 74" [_thread_blocked, id=13672, stack(0x0000000027ae0000,0x0000000027be0000)]
  0x000000001dced000 JavaThread "jar transforms Thread 73" [_thread_blocked, id=3736, stack(0x00000000279e0000,0x0000000027ae0000)]
  0x000000001dce5800 JavaThread "jar transforms Thread 72" [_thread_blocked, id=8888, stack(0x00000000278e0000,0x00000000279e0000)]
  0x000000001dcea000 JavaThread "jar transforms Thread 71" [_thread_blocked, id=11112, stack(0x00000000277e0000,0x00000000278e0000)]
  0x000000001dce9000 JavaThread "jar transforms Thread 70" [_thread_blocked, id=13980, stack(0x00000000276e0000,0x00000000277e0000)]
  0x000000001dcec000 JavaThread "jar transforms Thread 69" [_thread_blocked, id=1164, stack(0x00000000275e0000,0x00000000276e0000)]
  0x000000001dce7800 JavaThread "jar transforms Thread 68" [_thread_blocked, id=8852, stack(0x00000000274e0000,0x00000000275e0000)]
  0x000000001979d000 JavaThread "jar transforms Thread 67" [_thread_blocked, id=10372, stack(0x00000000273e0000,0x00000000274e0000)]
  0x000000001979c000 JavaThread "jar transforms Thread 66" [_thread_blocked, id=17064, stack(0x00000000272e0000,0x00000000273e0000)]
  0x000000001979b800 JavaThread "jar transforms Thread 65" [_thread_blocked, id=3204, stack(0x00000000271e0000,0x00000000272e0000)]
  0x000000001979a000 JavaThread "jar transforms Thread 64" [_thread_blocked, id=8572, stack(0x00000000270e0000,0x00000000271e0000)]
  0x000000001979a800 JavaThread "jar transforms Thread 63" [_thread_blocked, id=16872, stack(0x0000000026fe0000,0x00000000270e0000)]
  0x0000000019799000 JavaThread "jar transforms Thread 62" [_thread_blocked, id=15864, stack(0x0000000026ee0000,0x0000000026fe0000)]
  0x0000000019797800 JavaThread "jar transforms Thread 61" [_thread_blocked, id=11464, stack(0x0000000026de0000,0x0000000026ee0000)]
  0x0000000019798800 JavaThread "jar transforms Thread 60" [_thread_blocked, id=16004, stack(0x0000000026ce0000,0x0000000026de0000)]
  0x0000000019790000 JavaThread "jar transforms Thread 59" [_thread_blocked, id=17232, stack(0x0000000026be0000,0x0000000026ce0000)]
  0x0000000019797000 JavaThread "jar transforms Thread 58" [_thread_blocked, id=2868, stack(0x0000000026ae0000,0x0000000026be0000)]
  0x0000000019792000 JavaThread "jar transforms Thread 57" [_thread_blocked, id=6656, stack(0x00000000269e0000,0x0000000026ae0000)]
  0x000000001978f000 JavaThread "jar transforms Thread 56" [_thread_blocked, id=576, stack(0x00000000268e0000,0x00000000269e0000)]
  0x0000000019794800 JavaThread "jar transforms Thread 55" [_thread_blocked, id=11220, stack(0x00000000267e0000,0x00000000268e0000)]
  0x0000000019791800 JavaThread "jar transforms Thread 54" [_thread_blocked, id=5060, stack(0x00000000266e0000,0x00000000267e0000)]
  0x0000000019794000 JavaThread "jar transforms Thread 53" [_thread_blocked, id=4884, stack(0x00000000265e0000,0x00000000266e0000)]
  0x0000000019796000 JavaThread "jar transforms Thread 52" [_thread_blocked, id=13780, stack(0x00000000264e0000,0x00000000265e0000)]
  0x000000001978e800 JavaThread "jar transforms Thread 51" [_thread_blocked, id=14728, stack(0x00000000263e0000,0x00000000264e0000)]
  0x0000000019790800 JavaThread "jar transforms Thread 50" [_thread_blocked, id=11128, stack(0x00000000262e0000,0x00000000263e0000)]
  0x0000000019795800 JavaThread "jar transforms Thread 49" [_thread_blocked, id=10032, stack(0x00000000261e0000,0x00000000262e0000)]
  0x0000000019793000 JavaThread "jar transforms Thread 48" [_thread_blocked, id=2120, stack(0x00000000260e0000,0x00000000261e0000)]
  0x000000001978d800 JavaThread "jar transforms Thread 47" [_thread_blocked, id=3808, stack(0x0000000025fe0000,0x00000000260e0000)]
  0x00000000197f3800 JavaThread "jar transforms Thread 46" [_thread_blocked, id=2408, stack(0x0000000025ee0000,0x0000000025fe0000)]
  0x00000000197f2000 JavaThread "jar transforms Thread 45" [_thread_blocked, id=16804, stack(0x0000000025de0000,0x0000000025ee0000)]
  0x00000000197f3000 JavaThread "jar transforms Thread 44" [_thread_blocked, id=2412, stack(0x0000000025ce0000,0x0000000025de0000)]
  0x00000000197f1800 JavaThread "jar transforms Thread 43" [_thread_blocked, id=11236, stack(0x0000000025be0000,0x0000000025ce0000)]
  0x00000000197ea800 JavaThread "jar transforms Thread 42" [_thread_blocked, id=12180, stack(0x0000000025ae0000,0x0000000025be0000)]
  0x00000000197e9800 JavaThread "jar transforms Thread 41" [_thread_blocked, id=7760, stack(0x00000000259e0000,0x0000000025ae0000)]
  0x00000000197f0800 JavaThread "jar transforms Thread 40" [_thread_blocked, id=1820, stack(0x00000000258e0000,0x00000000259e0000)]
  0x00000000197ef800 JavaThread "jar transforms Thread 39" [_thread_blocked, id=2004, stack(0x00000000257e0000,0x00000000258e0000)]
  0x00000000197eb000 JavaThread "jar transforms Thread 38" [_thread_blocked, id=10280, stack(0x00000000256e0000,0x00000000257e0000)]
  0x00000000197e8000 JavaThread "jar transforms Thread 37" [_thread_blocked, id=3396, stack(0x00000000255e0000,0x00000000256e0000)]
  0x00000000197ef000 JavaThread "jar transforms Thread 36" [_thread_blocked, id=10660, stack(0x00000000254e0000,0x00000000255e0000)]
  0x00000000197ed800 JavaThread "jar transforms Thread 35" [_thread_blocked, id=7504, stack(0x00000000253e0000,0x00000000254e0000)]
  0x00000000197ec800 JavaThread "jar transforms Thread 34" [_thread_blocked, id=4800, stack(0x00000000252e0000,0x00000000253e0000)]
  0x00000000197ee000 JavaThread "jar transforms Thread 33" [_thread_blocked, id=6876, stack(0x00000000251e0000,0x00000000252e0000)]
  0x00000000197e6000 JavaThread "jar transforms Thread 32" [_thread_blocked, id=2116, stack(0x00000000250e0000,0x00000000251e0000)]
  0x00000000197e5000 JavaThread "jar transforms Thread 31" [_thread_blocked, id=7768, stack(0x0000000024fe0000,0x00000000250e0000)]
  0x00000000197ec000 JavaThread "jar transforms Thread 30" [_thread_blocked, id=15484, stack(0x0000000024ee0000,0x0000000024fe0000)]
  0x00000000197e7800 JavaThread "jar transforms Thread 29" [_thread_blocked, id=12712, stack(0x0000000024de0000,0x0000000024ee0000)]
  0x00000000197e6800 JavaThread "jar transforms Thread 28" [_thread_blocked, id=16364, stack(0x0000000024ce0000,0x0000000024de0000)]
  0x00000000197e4800 JavaThread "jar transforms Thread 27" [_thread_blocked, id=4564, stack(0x0000000024be0000,0x0000000024ce0000)]
  0x00000000197e9000 JavaThread "jar transforms Thread 26" [_thread_blocked, id=14112, stack(0x0000000024ae0000,0x0000000024be0000)]
  0x000000001d669000 JavaThread "jar transforms Thread 25" [_thread_blocked, id=16660, stack(0x00000000249e0000,0x0000000024ae0000)]
  0x000000001d668800 JavaThread "jar transforms Thread 24" [_thread_blocked, id=18148, stack(0x00000000248e0000,0x00000000249e0000)]
  0x000000001d66f000 JavaThread "jar transforms Thread 23" [_thread_blocked, id=14308, stack(0x00000000247e0000,0x00000000248e0000)]
  0x000000001d66d000 JavaThread "jar transforms Thread 22" [_thread_blocked, id=18420, stack(0x00000000246e0000,0x00000000247e0000)]
  0x000000001d66c000 JavaThread "jar transforms Thread 21" [_thread_blocked, id=8404, stack(0x00000000245e0000,0x00000000246e0000)]
  0x000000001d66e800 JavaThread "jar transforms Thread 20" [_thread_blocked, id=9908, stack(0x00000000244e0000,0x00000000245e0000)]
  0x000000001d66a800 JavaThread "jar transforms Thread 19" [_thread_blocked, id=4964, stack(0x00000000243e0000,0x00000000244e0000)]
  0x000000001d66a000 JavaThread "jar transforms Thread 18" [_thread_blocked, id=16372, stack(0x00000000242e0000,0x00000000243e0000)]
  0x000000001d66b800 JavaThread "jar transforms Thread 17" [_thread_blocked, id=17132, stack(0x00000000241e0000,0x00000000242e0000)]
  0x000000001d66d800 JavaThread "jar transforms Thread 16" [_thread_blocked, id=18232, stack(0x00000000240e0000,0x00000000241e0000)]
  0x000000001f2a2800 JavaThread "jar transforms Thread 15" [_thread_blocked, id=17080, stack(0x0000000023fe0000,0x00000000240e0000)]
  0x000000001f2a3000 JavaThread "jar transforms Thread 14" [_thread_blocked, id=15844, stack(0x0000000023ee0000,0x0000000023fe0000)]
  0x000000001f2a0000 JavaThread "jar transforms Thread 13" [_thread_blocked, id=8476, stack(0x0000000023de0000,0x0000000023ee0000)]
  0x000000001f29f800 JavaThread "jar transforms Thread 12" [_thread_blocked, id=4068, stack(0x0000000023ce0000,0x0000000023de0000)]
  0x000000001f29e000 JavaThread "jar transforms Thread 11" [_thread_blocked, id=17564, stack(0x0000000023be0000,0x0000000023ce0000)]
  0x000000001f29e800 JavaThread "jar transforms Thread 10" [_thread_blocked, id=16820, stack(0x0000000023ae0000,0x0000000023be0000)]
  0x000000001f2a1800 JavaThread "jar transforms Thread 9" [_thread_blocked, id=10604, stack(0x00000000239e0000,0x0000000023ae0000)]
  0x000000001f2a1000 JavaThread "jar transforms Thread 8" [_thread_blocked, id=12788, stack(0x00000000238e0000,0x00000000239e0000)]
  0x000000001f296000 JavaThread "jar transforms Thread 7" [_thread_blocked, id=14612, stack(0x00000000237e0000,0x00000000238e0000)]
  0x000000001f29d000 JavaThread "jar transforms Thread 6" [_thread_blocked, id=13512, stack(0x00000000236e0000,0x00000000237e0000)]
  0x000000001f295800 JavaThread "jar transforms Thread 5" [_thread_blocked, id=15236, stack(0x00000000235e0000,0x00000000236e0000)]
  0x000000001f29c800 JavaThread "jar transforms Thread 4" [_thread_blocked, id=13012, stack(0x00000000234e0000,0x00000000235e0000)]
  0x000000001f29b800 JavaThread "jar transforms Thread 3" [_thread_blocked, id=17588, stack(0x00000000233e0000,0x00000000234e0000)]
  0x000000001f29a000 JavaThread "jar transforms Thread 2" [_thread_blocked, id=1876, stack(0x00000000232e0000,0x00000000233e0000)]
  0x000000001f29a800 JavaThread "Build operations Thread 4" [_thread_blocked, id=1780, stack(0x00000000231e0000,0x00000000232e0000)]
  0x000000001f299000 JavaThread "Build operations Thread 3" [_thread_blocked, id=2008, stack(0x00000000230e0000,0x00000000231e0000)]
  0x000000001f297000 JavaThread "Build operations Thread 2" [_thread_blocked, id=1384, stack(0x0000000022fe0000,0x00000000230e0000)]
  0x000000001f294000 JavaThread "Build operations" [_thread_blocked, id=15680, stack(0x0000000022ee0000,0x0000000022fe0000)]
  0x000000001f297800 JavaThread "Cache worker for file content cache (C:\Users\Sseokkoo\.gradle\caches\6.5\fileContent)" [_thread_blocked, id=15836, stack(0x0000000021810000,0x0000000021910000)]
  0x0000000018c62000 JavaThread "jar transforms" [_thread_blocked, id=15276, stack(0x0000000021710000,0x0000000021810000)]
  0x0000000018c68000 JavaThread "Cache worker for execution history cache (C:\Users\Sseokkoo\.gradle\caches\6.5\executionHistory)" [_thread_blocked, id=8848, stack(0x0000000021010000,0x0000000021110000)]
  0x0000000018c67000 JavaThread "Cache worker for cache directory md-rule (C:\Users\Sseokkoo\.gradle\caches\6.5\md-rule)" [_thread_blocked, id=6788, stack(0x000000001fbf0000,0x000000001fcf0000)]
  0x0000000018c65800 JavaThread "Cache worker for cache directory md-supplier (C:\Users\Sseokkoo\.gradle\caches\6.5\md-supplier)" [_thread_blocked, id=16740, stack(0x000000001faf0000,0x000000001fbf0000)]
  0x0000000018c65000 JavaThread "Cache worker for checksums cache (C:\Users\Sseokkoo\StudioProjects\AndroidStudy04\.gradle\checksums)" [_thread_blocked, id=1140, stack(0x000000001f9f0000,0x000000001faf0000)]
  0x0000000018c61000 JavaThread "Cache worker for file hash cache (C:\Users\Sseokkoo\StudioProjects\AndroidStudy04\.gradle\6.5\fileHashes)" [_thread_blocked, id=9976, stack(0x000000001f6f0000,0x000000001f7f0000)]
  0x0000000018c66800 JavaThread "Cache worker for file hash cache (C:\Users\Sseokkoo\.gradle\caches\6.5\fileHashes)" [_thread_blocked, id=16148, stack(0x000000001e420000,0x000000001e520000)]
  0x0000000018c64000 JavaThread "File lock request listener" [_thread_in_native, id=9760, stack(0x000000001d250000,0x000000001d350000)]
  0x0000000018c63800 JavaThread "Cache worker for journal cache (C:\Users\Sseokkoo\.gradle\caches\journal-1)" [_thread_blocked, id=6908, stack(0x000000001d150000,0x000000001d250000)]
  0x000000001b22b800 JavaThread "Thread-9" [_thread_blocked, id=7036, stack(0x000000001ce50000,0x000000001cf50000)]
  0x000000001b22a000 JavaThread "Stdin handler" [_thread_blocked, id=4672, stack(0x000000001cd50000,0x000000001ce50000)]
  0x000000001b208800 JavaThread "Asynchronous log dispatcher for DefaultDaemonConnection: socket connection from /127.0.0.1:51725 to /127.0.0.1:51727" [_thread_blocked, id=10076, stack(0x000000001cc50000,0x000000001cd50000)]
  0x000000001b206000 JavaThread "Daemon worker" [_thread_in_vm, id=8272, stack(0x000000001cb50000,0x000000001cc50000)]
  0x000000001b205000 JavaThread "Cancel handler" [_thread_blocked, id=1380, stack(0x000000001ca50000,0x000000001cb50000)]
  0x000000001b1fd000 JavaThread "Handler for socket connection from /127.0.0.1:51725 to /127.0.0.1:51727" [_thread_in_native, id=10836, stack(0x000000001c950000,0x000000001ca50000)]
  0x000000001a1a8000 JavaThread "Daemon periodic checks" [_thread_blocked, id=6492, stack(0x000000001c850000,0x000000001c950000)]
  0x000000001b194800 JavaThread "Daemon" [_thread_blocked, id=6140, stack(0x000000001c750000,0x000000001c850000)]
  0x000000001b180000 JavaThread "Incoming local TCP Connector on port 51725" [_thread_in_native, id=7916, stack(0x000000001c370000,0x000000001c470000)]
  0x0000000018ceb000 JavaThread "Daemon health stats" [_thread_blocked, id=5572, stack(0x000000001c050000,0x000000001c150000)]
  0x0000000018c36000 JavaThread "Service Thread" daemon [_thread_blocked, id=13856, stack(0x00000000194b0000,0x00000000195b0000)]
  0x0000000018c12800 JavaThread "C1 CompilerThread2" daemon [_thread_blocked, id=7264, stack(0x00000000193b0000,0x00000000194b0000)]
  0x0000000018bf4800 JavaThread "C2 CompilerThread1" daemon [_thread_in_native, id=7116, stack(0x00000000192b0000,0x00000000193b0000)]
=>0x000000001784f800 JavaThread "C2 CompilerThread0" daemon [_thread_in_native, id=18384, stack(0x00000000191b0000,0x00000000192b0000)]
  0x0000000017839000 JavaThread "Attach Listener" daemon [_thread_blocked, id=18108, stack(0x00000000190b0000,0x00000000191b0000)]
  0x000000001789e800 JavaThread "Signal Dispatcher" daemon [_thread_blocked, id=13640, stack(0x0000000018fb0000,0x00000000190b0000)]
  0x0000000002c1b000 JavaThread "Finalizer" daemon [_thread_blocked, id=4276, stack(0x0000000018ab0000,0x0000000018bb0000)]
  0x0000000002c12000 JavaThread "Reference Handler" daemon [_thread_blocked, id=15336, stack(0x00000000189b0000,0x0000000018ab0000)]
  0x0000000002b22800 JavaThread "main" [_thread_blocked, id=17848, stack(0x0000000002600000,0x0000000002700000)]

Other Threads:
  0x0000000017807800 VMThread [stack: 0x00000000188b0000,0x00000000189b0000] [id=9952]
  0x0000000018c39000 WatcherThread [stack: 0x00000000195b0000,0x00000000196b0000] [id=2640]

VM state:not at safepoint (normal execution)

VM Mutex/Monitor currently owned by a thread: None

heap address: 0x0000000080000000, size: 2048 MB, Compressed Oops mode: 32-bit
Narrow klass base: 0x0000000000000000, Narrow klass shift: 3
Compressed class space size: 1073741824 Address: 0x0000000100000000

Heap:
 PSYoungGen      total 150528K, used 143327K [0x00000000d5580000, 0x00000000e0600000, 0x0000000100000000)
  eden space 142336K, 95% used [0x00000000d5580000,0x00000000dd9abc20,0x00000000de080000)
  from space 8192K, 97% used [0x00000000dfe00000,0x00000000e05cc218,0x00000000e0600000)
  to   space 11264K, 0% used [0x00000000df000000,0x00000000df000000,0x00000000dfb00000)
 ParOldGen       total 82944K, used 14745K [0x0000000080000000, 0x0000000085100000, 0x00000000d5580000)
  object space 82944K, 17% used [0x0000000080000000,0x0000000080e667c8,0x0000000085100000)
 Metaspace       used 50926K, capacity 53004K, committed 53248K, reserved 1095680K
  class space    used 6968K, capacity 7402K, committed 7424K, reserved 1048576K

Card table byte_map: [0x0000000011fe0000,0x00000000123f0000] byte_map_base: 0x0000000011be0000

Marking Bits: (ParMarkBitMap*) 0x0000000059265ce0
 Begin Bits: [0x0000000012aa0000, 0x0000000014aa0000)
 End Bits:   [0x0000000014aa0000, 0x0000000016aa0000)

Polling page: 0x0000000000df0000

CodeCache: size=245760Kb used=14727Kb max_used=14727Kb free=231032Kb
 bounds [0x0000000002c20000, 0x0000000003a90000, 0x0000000011c20000]
 total_blobs=5042 nmethods=4279 adapters=674
 compilation: enabled

Compilation events (10 events):
Event: 14.567 Thread 0x0000000018c12800 nmethod 4682 0x0000000003a89190 code [0x0000000003a89300, 0x0000000003a89630]
Event: 14.567 Thread 0x0000000018c12800 4683       3       org.codehaus.groovy.util.ComplexKeyHashMap::init (20 bytes)
Event: 14.567 Thread 0x0000000018c12800 nmethod 4683 0x0000000003a89750 code [0x0000000003a898a0, 0x0000000003a89ad0]
Event: 14.567 Thread 0x0000000018c12800 4681       3       org.codehaus.groovy.util.SingleKeyHashMap::<init> (5 bytes)
Event: 14.568 Thread 0x0000000018c12800 nmethod 4681 0x0000000003a89b90 code [0x0000000003a89d00, 0x0000000003a8a090]
Event: 14.568 Thread 0x0000000018c12800 4684       3       org.codehaus.groovy.reflection.ClassInfo::isSAM (13 bytes)
Event: 14.569 Thread 0x0000000018c12800 nmethod 4684 0x0000000003a8a1d0 code [0x0000000003a8a340, 0x0000000003a8a588]
Event: 14.573 Thread 0x0000000018c12800 4685       3       java.util.LinkedList$ListItr::hasPrevious (13 bytes)
Event: 14.573 Thread 0x0000000018c12800 nmethod 4685 0x0000000003a8a690 code [0x0000000003a8a7e0, 0x0000000003a8a990]
Event: 14.580 Thread 0x0000000018c12800 4686       3       java.beans.PropertyDescriptor::<init> (112 bytes)

GC Heap History (10 events):
Event: 7.786 GC heap before
{Heap before GC invocations=8 (full 1):
 PSYoungGen      total 76288K, used 66048K [0x00000000d5580000, 0x00000000dab80000, 0x0000000100000000)
  eden space 66048K, 100% used [0x00000000d5580000,0x00000000d9600000,0x00000000d9600000)
  from space 10240K, 0% used [0x00000000da080000,0x00000000da080000,0x00000000daa80000)
  to   space 10752K, 0% used [0x00000000d9600000,0x00000000d9600000,0x00000000da080000)
 ParOldGen       total 56832K, used 9088K [0x0000000080000000, 0x0000000083780000, 0x00000000d5580000)
  object space 56832K, 15% used [0x0000000080000000,0x00000000808e03e8,0x0000000083780000)
 Metaspace       used 28384K, capacity 29194K, committed 29440K, reserved 1075200K
  class space    used 4005K, capacity 4235K, committed 4352K, reserved 1048576K
Event: 7.796 GC heap after
Heap after GC invocations=8 (full 1):
 PSYoungGen      total 76800K, used 8120K [0x00000000d5580000, 0x00000000dd780000, 0x0000000100000000)
  eden space 66048K, 0% used [0x00000000d5580000,0x00000000d5580000,0x00000000d9600000)
  from space 10752K, 75% used [0x00000000d9600000,0x00000000d9dee0f0,0x00000000da080000)
  to   space 11264K, 0% used [0x00000000dcc80000,0x00000000dcc80000,0x00000000dd780000)
 ParOldGen       total 56832K, used 9096K [0x0000000080000000, 0x0000000083780000, 0x00000000d5580000)
  object space 56832K, 16% used [0x0000000080000000,0x00000000808e23e8,0x0000000083780000)
 Metaspace       used 28384K, capacity 29194K, committed 29440K, reserved 1075200K
  class space    used 4005K, capacity 4235K, committed 4352K, reserved 1048576K
}
Event: 8.872 GC heap before
{Heap before GC invocations=9 (full 1):
 PSYoungGen      total 76800K, used 74168K [0x00000000d5580000, 0x00000000dd780000, 0x0000000100000000)
  eden space 66048K, 100% used [0x00000000d5580000,0x00000000d9600000,0x00000000d9600000)
  from space 10752K, 75% used [0x00000000d9600000,0x00000000d9dee0f0,0x00000000da080000)
  to   space 11264K, 0% used [0x00000000dcc80000,0x00000000dcc80000,0x00000000dd780000)
 ParOldGen       total 56832K, used 9096K [0x0000000080000000, 0x0000000083780000, 0x00000000d5580000)
  object space 56832K, 16% used [0x0000000080000000,0x00000000808e23e8,0x0000000083780000)
 Metaspace       used 32888K, capacity 33908K, committed 34048K, reserved 1079296K
  class space    used 4596K, capacity 4850K, committed 4864K, reserved 1048576K
Event: 8.886 GC heap after
Heap after GC invocations=9 (full 1):
 PSYoungGen      total 121344K, used 9292K [0x00000000d5580000, 0x00000000dd880000, 0x0000000100000000)
  eden space 110080K, 0% used [0x00000000d5580000,0x00000000d5580000,0x00000000dc100000)
  from space 11264K, 82% used [0x00000000dcc80000,0x00000000dd593240,0x00000000dd780000)
  to   space 11776K, 0% used [0x00000000dc100000,0x00000000dc100000,0x00000000dcc80000)
 ParOldGen       total 56832K, used 9104K [0x0000000080000000, 0x0000000083780000, 0x00000000d5580000)
  object space 56832K, 16% used [0x0000000080000000,0x00000000808e43e8,0x0000000083780000)
 Metaspace       used 32888K, capacity 33908K, committed 34048K, reserved 1079296K
  class space    used 4596K, capacity 4850K, committed 4864K, reserved 1048576K
}
Event: 9.235 GC heap before
{Heap before GC invocations=10 (full 1):
 PSYoungGen      total 121344K, used 37617K [0x00000000d5580000, 0x00000000dd880000, 0x0000000100000000)
  eden space 110080K, 25% used [0x00000000d5580000,0x00000000d7129390,0x00000000dc100000)
  from space 11264K, 82% used [0x00000000dcc80000,0x00000000dd593240,0x00000000dd780000)
  to   space 11776K, 0% used [0x00000000dc100000,0x00000000dc100000,0x00000000dcc80000)
 ParOldGen       total 56832K, used 9104K [0x0000000080000000, 0x0000000083780000, 0x00000000d5580000)
  object space 56832K, 16% used [0x0000000080000000,0x00000000808e43e8,0x0000000083780000)
 Metaspace       used 34319K, capacity 35450K, committed 35496K, reserved 1079296K
  class space    used 4833K, capacity 5100K, committed 5120K, reserved 1048576K
Event: 9.251 GC heap after
Heap after GC invocations=10 (full 1):
 PSYoungGen      total 121856K, used 8012K [0x00000000d5580000, 0x00000000e0980000, 0x0000000100000000)
  eden space 110080K, 0% used [0x00000000d5580000,0x00000000d5580000,0x00000000dc100000)
  from space 11776K, 68% used [0x00000000dc100000,0x00000000dc8d31c8,0x00000000dcc80000)
  to   space 11776K, 0% used [0x00000000dfe00000,0x00000000dfe00000,0x00000000e0980000)
 ParOldGen       total 56832K, used 9112K [0x0000000080000000, 0x0000000083780000, 0x00000000d5580000)
  object space 56832K, 16% used [0x0000000080000000,0x00000000808e63e8,0x0000000083780000)
 Metaspace       used 34319K, capacity 35450K, committed 35496K, reserved 1079296K
  class space    used 4833K, capacity 5100K, committed 5120K, reserved 1048576K
}
Event: 9.251 GC heap before
{Heap before GC invocations=11 (full 2):
 PSYoungGen      total 121856K, used 8012K [0x00000000d5580000, 0x00000000e0980000, 0x0000000100000000)
  eden space 110080K, 0% used [0x00000000d5580000,0x00000000d5580000,0x00000000dc100000)
  from space 11776K, 68% used [0x00000000dc100000,0x00000000dc8d31c8,0x00000000dcc80000)
  to   space 11776K, 0% used [0x00000000dfe00000,0x00000000dfe00000,0x00000000e0980000)
 ParOldGen       total 56832K, used 9112K [0x0000000080000000, 0x0000000083780000, 0x00000000d5580000)
  object space 56832K, 16% used [0x0000000080000000,0x00000000808e63e8,0x0000000083780000)
 Metaspace       used 34319K, capacity 35450K, committed 35496K, reserved 1079296K
  class space    used 4833K, capacity 5100K, committed 5120K, reserved 1048576K
Event: 9.333 GC heap after
Heap after GC invocations=11 (full 2):
 PSYoungGen      total 121856K, used 0K [0x00000000d5580000, 0x00000000e0980000, 0x0000000100000000)
  eden space 110080K, 0% used [0x00000000d5580000,0x00000000d5580000,0x00000000dc100000)
  from space 11776K, 0% used [0x00000000dc100000,0x00000000dc100000,0x00000000dcc80000)
  to   space 11776K, 0% used [0x00000000dfe00000,0x00000000dfe00000,0x00000000e0980000)
 ParOldGen       total 82944K, used 14737K [0x0000000080000000, 0x0000000085100000, 0x00000000d5580000)
  object space 82944K, 17% used [0x0000000080000000,0x0000000080e647c8,0x0000000085100000)
 Metaspace       used 34319K, capacity 35450K, committed 35496K, reserved 1079296K
  class space    used 4833K, capacity 5100K, committed 5120K, reserved 1048576K
}
Event: 10.830 GC heap before
{Heap before GC invocations=12 (full 2):
 PSYoungGen      total 121856K, used 110080K [0x00000000d5580000, 0x00000000e0980000, 0x0000000100000000)
  eden space 110080K, 100% used [0x00000000d5580000,0x00000000dc100000,0x00000000dc100000)
  from space 11776K, 0% used [0x00000000dc100000,0x00000000dc100000,0x00000000dcc80000)
  to   space 11776K, 0% used [0x00000000dfe00000,0x00000000dfe00000,0x00000000e0980000)
 ParOldGen       total 82944K, used 14737K [0x0000000080000000, 0x0000000085100000, 0x00000000d5580000)
  object space 82944K, 17% used [0x0000000080000000,0x0000000080e647c8,0x0000000085100000)
 Metaspace       used 38397K, capacity 40024K, committed 40320K, reserved 1083392K
  class space    used 5415K, capacity 5708K, committed 5760K, reserved 1048576K
Event: 10.846 GC heap after
Heap after GC invocations=12 (full 2):
 PSYoungGen      total 150528K, used 7984K [0x00000000d5580000, 0x00000000e0600000, 0x0000000100000000)
  eden space 142336K, 0% used [0x00000000d5580000,0x00000000d5580000,0x00000000de080000)
  from space 8192K, 97% used [0x00000000dfe00000,0x00000000e05cc218,0x00000000e0600000)
  to   space 11264K, 0% used [0x00000000df000000,0x00000000df000000,0x00000000dfb00000)
 ParOldGen       total 82944K, used 14745K [0x0000000080000000, 0x0000000085100000, 0x00000000d5580000)
  object space 82944K, 17% used [0x0000000080000000,0x0000000080e667c8,0x0000000085100000)
 Metaspace       used 38397K, capacity 40024K, committed 40320K, reserved 1083392K
  class space    used 5415K, capacity 5708K, committed 5760K, reserved 1048576K
}

Deoptimization events (10 events):
Event: 13.052 Thread 0x000000001b206000 Uncommon trap: reason=bimorphic action=maybe_recompile pc=0x0000000003744fb8 method=java.util.regex.Pattern$CharProperty.match(Ljava/util/regex/Matcher;ILjava/lang/CharSequence;)Z @ 18
Event: 13.053 Thread 0x000000001b206000 Uncommon trap: reason=bimorphic action=maybe_recompile pc=0x0000000003744fb8 method=java.util.regex.Pattern$CharProperty.match(Ljava/util/regex/Matcher;ILjava/lang/CharSequence;)Z @ 18
Event: 13.053 Thread 0x000000001b206000 Uncommon trap: reason=bimorphic action=maybe_recompile pc=0x0000000003744fb8 method=java.util.regex.Pattern$CharProperty.match(Ljava/util/regex/Matcher;ILjava/lang/CharSequence;)Z @ 18
Event: 13.101 Thread 0x000000001b206000 Uncommon trap: reason=bimorphic action=maybe_recompile pc=0x0000000003744fb8 method=java.util.regex.Pattern$CharProperty.match(Ljava/util/regex/Matcher;ILjava/lang/CharSequence;)Z @ 18
Event: 13.437 Thread 0x000000001b206000 Uncommon trap: reason=unstable_if action=reinterpret pc=0x0000000003641530 method=org.gradle.internal.reflect.PropertyAccessorType.of(Ljava/lang/reflect/Method;)Lorg/gradle/internal/reflect/PropertyAccessorType; @ 56
Event: 13.788 Thread 0x000000001b206000 Uncommon trap: reason=unstable_if action=reinterpret pc=0x000000000396e518 method=com.google.gson.stream.JsonReader.doPeek()I @ 315
Event: 14.179 Thread 0x000000001b206000 Uncommon trap: reason=unstable_if action=reinterpret pc=0x00000000039ddd34 method=com.sun.org.apache.xerces.internal.impl.XMLEntityScanner.checkBeforeLoad(Lcom/sun/xml/internal/stream/Entity$ScannedEntity;II)I @ 18
Event: 14.303 Thread 0x000000001b206000 Uncommon trap: reason=unstable_if action=reinterpret pc=0x0000000003836830 method=org.gradle.internal.instantiation.generator.AbstractClassGenerator$InjectionAnnotationValidator.validateMethod(Ljava/lang/reflect/Method;Lorg/gradle/internal/reflect/Propert
Event: 14.303 Thread 0x000000001b206000 Uncommon trap: reason=unstable_if action=reinterpret pc=0x0000000003839584 method=org.gradle.internal.instantiation.generator.AbstractClassGenerator$InjectionAnnotationValidator.validateMethod(Ljava/lang/reflect/Method;Lorg/gradle/internal/reflect/Propert
Event: 14.420 Thread 0x000000001b206000 Uncommon trap: reason=null_check action=make_not_entrant pc=0x0000000002d9325c method=java.lang.Class.searchMethods([Ljava/lang/reflect/Method;Ljava/lang/String;[Ljava/lang/Class;)Ljava/lang/reflect/Method; @ 59

Classes redefined (0 events):
No events

Internal exceptions (10 events):
Event: 14.525 Thread 0x000000001b206000 Exception <a 'java/lang/ClassNotFoundException': org/gradle/api/internal/AbstractNamedDomainObjectContainerBeanInfo> (0x00000000dd43cc70) thrown at [C:\re\workspace\8-2-build-windows-amd64-cygwin\jdk8u221\13320\hotspot\src\share\vm\classfile\systemDiction
Event: 14.526 Thread 0x000000001b206000 Exception <a 'java/lang/ClassNotFoundException': org/gradle/api/internal/DefaultNamedDomainObjectSetBeanInfo> (0x00000000dd47bc58) thrown at [C:\re\workspace\8-2-build-windows-amd64-cygwin\jdk8u221\13320\hotspot\src\share\vm\classfile\systemDictionary.cpp
Event: 14.554 Thread 0x000000001b206000 Exception <a 'java/lang/ClassNotFoundException': org/gradle/api/internal/DefaultNamedDomainObjectSetCustomizer> (0x00000000dd4bbaa0) thrown at [C:\re\workspace\8-2-build-windows-amd64-cygwin\jdk8u221\13320\hotspot\src\share\vm\classfile\systemDictionary.c
Event: 14.558 Thread 0x000000001b206000 Exception <a 'java/lang/ClassNotFoundException': org/gradle/api/internal/AbstractNamedDomainObjectContainerCustomizer> (0x00000000dd51a868) thrown at [C:\re\workspace\8-2-build-windows-amd64-cygwin\jdk8u221\13320\hotspot\src\share\vm\classfile\systemDicti
Event: 14.563 Thread 0x000000001b206000 Exception <a 'java/lang/ClassNotFoundException': org/gradle/api/internal/FactoryNamedDomainObjectContainerCustomizer> (0x00000000dd577920) thrown at [C:\re\workspace\8-2-build-windows-amd64-cygwin\jdk8u221\13320\hotspot\src\share\vm\classfile\systemDictio
Event: 14.565 Thread 0x000000001b206000 Exception <a 'java/lang/ClassNotFoundException': org/gradle/api/internal/FactoryNamedDomainObjectContainer_DecoratedCustomizer> (0x00000000dd5cd218) thrown at [C:\re\workspace\8-2-build-windows-amd64-cygwin\jdk8u221\13320\hotspot\src\share\vm\classfile\sy
Event: 14.574 Thread 0x000000001b206000 Exception <a 'java/lang/ClassNotFoundException': com/android/build/gradle/internal/dsl/BuildType_DecoratedBeanInfo> (0x00000000dd6c7c18) thrown at [C:\re\workspace\8-2-build-windows-amd64-cygwin\jdk8u221\13320\hotspot\src\share\vm\classfile\systemDictiona
Event: 14.575 Thread 0x000000001b206000 Exception <a 'java/lang/ClassNotFoundException': com/android/build/gradle/internal/dsl/BuildTypeBeanInfo> (0x00000000dd6e35d8) thrown at [C:\re\workspace\8-2-build-windows-amd64-cygwin\jdk8u221\13320\hotspot\src\share\vm\classfile\systemDictionary.cpp, li
Event: 14.576 Thread 0x000000001b206000 Exception <a 'java/lang/ClassNotFoundException': com/android/builder/core/AbstractBuildTypeBeanInfo> (0x00000000dd6fd418) thrown at [C:\re\workspace\8-2-build-windows-amd64-cygwin\jdk8u221\13320\hotspot\src\share\vm\classfile\systemDictionary.cpp, line 21
Event: 14.580 Thread 0x000000001b206000 Exception <a 'java/lang/ClassNotFoundException': com/android/builder/core/AbstractBuildTypeCustomizer> (0x00000000dd718338) thrown at [C:\re\workspace\8-2-build-windows-amd64-cygwin\jdk8u221\13320\hotspot\src\share\vm\classfile\systemDictionary.cpp, line 

Events (10 events):
Event: 14.575 loading class com/android/build/gradle/internal/dsl/BuildTypeBeanInfo
Event: 14.575 loading class com/android/build/gradle/internal/dsl/BuildTypeBeanInfo done
Event: 14.575 loading class com/android/builder/core/AbstractBuildTypeBeanInfo
Event: 14.575 loading class com/android/builder/core/AbstractBuildTypeBeanInfo done
Event: 14.576 loading class com/android/builder/core/AbstractBuildTypeBeanInfo
Event: 14.576 loading class com/android/builder/core/AbstractBuildTypeBeanInfo done
Event: 14.576 loading class com/android/builder/core/AbstractBuildTypeCustomizer
Event: 14.576 loading class com/android/builder/core/AbstractBuildTypeCustomizer done
Event: 14.579 loading class com/android/builder/core/AbstractBuildTypeCustomizer
Event: 14.579 loading class com/android/builder/core/AbstractBuildTypeCustomizer done


Dynamic libraries:
0x00007ff670eb0000 - 0x00007ff670ee7000 	C:\Program Files\Java\jdk1.8.0_221\bin\java.exe
0x00007ff95f6c0000 - 0x00007ff95f8b0000 	C:\WINDOWS\SYSTEM32\ntdll.dll
0x00007ff9320a0000 - 0x00007ff9320b2000 	C:\Program Files\AVAST Software\Avast\aswhook.dll
0x00007ff95eec0000 - 0x00007ff95ef72000 	C:\WINDOWS\System32\KERNEL32.DLL
0x00007ff95d2a0000 - 0x00007ff95d545000 	C:\WINDOWS\System32\KERNELBASE.dll
0x00007ff95f140000 - 0x00007ff95f1e3000 	C:\WINDOWS\System32\ADVAPI32.dll
0x00007ff95efb0000 - 0x00007ff95f04e000 	C:\WINDOWS\System32\msvcrt.dll
0x00007ff95f250000 - 0x00007ff95f2e7000 	C:\WINDOWS\System32\sechost.dll
0x00007ff95eb20000 - 0x00007ff95ec40000 	C:\WINDOWS\System32\RPCRT4.dll
0x00007ff95f2f0000 - 0x00007ff95f484000 	C:\WINDOWS\System32\USER32.dll
0x00007ff95d1c0000 - 0x00007ff95d1e1000 	C:\WINDOWS\System32\win32u.dll
0x00007ff95ef80000 - 0x00007ff95efa6000 	C:\WINDOWS\System32\GDI32.dll
0x00007ff95d5d0000 - 0x00007ff95d766000 	C:\WINDOWS\System32\gdi32full.dll
0x00007ff95cf10000 - 0x00007ff95cfae000 	C:\WINDOWS\System32\msvcp_win.dll
0x00007ff95cfb0000 - 0x00007ff95d0aa000 	C:\WINDOWS\System32\ucrtbase.dll
0x00007ff94d530000 - 0x00007ff94d7b4000 	C:\WINDOWS\WinSxS\amd64_microsoft.windows.common-controls_6595b64144ccf1df_6.0.18362.1256_none_9e7e379be45e40e2\COMCTL32.dll
0x00007ff95e7e0000 - 0x00007ff95eb16000 	C:\WINDOWS\System32\combase.dll
0x00007ff95d0b0000 - 0x00007ff95d131000 	C:\WINDOWS\System32\bcryptPrimitives.dll
0x00007ff95e510000 - 0x00007ff95e53e000 	C:\WINDOWS\System32\IMM32.DLL
0x000000005a1b0000 - 0x000000005a282000 	C:\Program Files\Java\jdk1.8.0_221\jre\bin\msvcr100.dll
0x0000000058a40000 - 0x00000000592e5000 	C:\Program Files\Java\jdk1.8.0_221\jre\bin\server\jvm.dll
0x00007ff95e500000 - 0x00007ff95e508000 	C:\WINDOWS\System32\PSAPI.DLL
0x00007ff94ade0000 - 0x00007ff94ade9000 	C:\WINDOWS\SYSTEM32\WSOCK32.dll
0x00007ff95ed80000 - 0x00007ff95edef000 	C:\WINDOWS\System32\WS2_32.dll
0x00007ff9573d0000 - 0x00007ff9573f4000 	C:\WINDOWS\SYSTEM32\WINMM.dll
0x00007ff955bd0000 - 0x00007ff955bda000 	C:\WINDOWS\SYSTEM32\VERSION.dll
0x00007ff9573a0000 - 0x00007ff9573cd000 	C:\WINDOWS\SYSTEM32\WINMMBASE.dll
0x00007ff95d580000 - 0x00007ff95d5ca000 	C:\WINDOWS\System32\cfgmgr32.dll
0x00007ff957e60000 - 0x00007ff957e6f000 	C:\Program Files\Java\jdk1.8.0_221\jre\bin\verify.dll
0x00007ff93ea80000 - 0x00007ff93eaa9000 	C:\Program Files\Java\jdk1.8.0_221\jre\bin\java.dll
0x00007ff93e980000 - 0x00007ff93e996000 	C:\Program Files\Java\jdk1.8.0_221\jre\bin\zip.dll
0x00007ff95d770000 - 0x00007ff95de57000 	C:\WINDOWS\System32\SHELL32.dll
0x00007ff95e680000 - 0x00007ff95e729000 	C:\WINDOWS\System32\shcore.dll
0x00007ff95c630000 - 0x00007ff95cdb1000 	C:\WINDOWS\System32\windows.storage.dll
0x00007ff95c5b0000 - 0x00007ff95c5d3000 	C:\WINDOWS\System32\profapi.dll
0x00007ff95c5e0000 - 0x00007ff95c62a000 	C:\WINDOWS\System32\powrprof.dll
0x00007ff95c560000 - 0x00007ff95c570000 	C:\WINDOWS\System32\UMPDC.dll
0x00007ff95f0e0000 - 0x00007ff95f132000 	C:\WINDOWS\System32\shlwapi.dll
0x00007ff95c570000 - 0x00007ff95c581000 	C:\WINDOWS\System32\kernel.appcore.dll
0x00007ff95d1a0000 - 0x00007ff95d1b7000 	C:\WINDOWS\System32\cryptsp.dll
0x00007ff9315c0000 - 0x00007ff9315da000 	C:\Program Files\Java\jdk1.8.0_221\jre\bin\net.dll
0x00007ff944f00000 - 0x00007ff9450d6000 	C:\WINDOWS\SYSTEM32\urlmon.dll
0x00007ff944b50000 - 0x00007ff944df7000 	C:\WINDOWS\SYSTEM32\iertutil.dll
0x00007ff95bf80000 - 0x00007ff95bf8c000 	C:\WINDOWS\SYSTEM32\CRYPTBASE.DLL
0x00007ff95bdb0000 - 0x00007ff95be17000 	C:\WINDOWS\system32\mswsock.dll
0x00007ff931260000 - 0x00007ff931272000 	C:\Program Files\Java\jdk1.8.0_221\jre\bin\nio.dll
0x00007ff945f60000 - 0x00007ff945f87000 	C:\Users\Sseokkoo\.gradle\native\f6784746aeab05261644944871eae4fe03e0ef1612fff0a4a95f87b438bc6780\windows-amd64\native-platform.dll
0x00007ff956ae0000 - 0x00007ff956aed000 	C:\Program Files\Java\jdk1.8.0_221\jre\bin\management.dll
0x00007ff95b920000 - 0x00007ff95b953000 	C:\WINDOWS\system32\rsaenh.dll
0x00007ff95d550000 - 0x00007ff95d576000 	C:\WINDOWS\System32\bcrypt.dll
0x00007ff95c480000 - 0x00007ff95c4a5000 	C:\WINDOWS\SYSTEM32\USERENV.dll
0x00007ff95bac0000 - 0x00007ff95bafa000 	C:\WINDOWS\SYSTEM32\IPHLPAPI.DLL
0x00007ff95f510000 - 0x00007ff95f518000 	C:\WINDOWS\System32\NSI.dll
0x00007ff954990000 - 0x00007ff9549a6000 	C:\WINDOWS\SYSTEM32\dhcpcsvc6.DLL
0x00007ff954d00000 - 0x00007ff954d1c000 	C:\WINDOWS\SYSTEM32\dhcpcsvc.DLL
0x00007ff95bb00000 - 0x00007ff95bbcb000 	C:\WINDOWS\SYSTEM32\DNSAPI.dll
0x00007ff955c60000 - 0x00007ff955c6b000 	C:\WINDOWS\SYSTEM32\WINNSI.DLL

VM Arguments:
jvm_args: -Xmx2048m -Dfile.encoding=UTF-8 -Duser.country=KR -Duser.language=ko -Duser.variant 
java_command: org.gradle.launcher.daemon.bootstrap.GradleDaemon 6.5
java_class_path (initial): C:\Users\Sseokkoo\.gradle\wrapper\dists\gradle-6.5-bin\6nifqtx7604sqp1q6g8wikw7p\gradle-6.5\lib\gradle-launcher-6.5.jar
Launcher Type: SUN_STANDARD

Environment Variables:
JAVA_HOME=C:\Program Files\Java\jdk-12.0.1
CLASSPATH=C:\Program Files\Java\jdk-12.0.1\lib
PATH=C:\Program Files (x86)\Common Files\Oracle\Java\javapath;C:\Program Files (x86)\Intel\iCLS Client\;C:\Program Files\Intel\iCLS Client\;C:\Windows\system32;C:\Windows;C:\Windows\System32\Wbem;C:\Windows\System32\WindowsPowerShell\v1.0\;C:\Windows\System32\OpenSSH\;C:\Program Files (x86)\Intel\Intel(R) Management Engine Components\DAL;C:\Program Files\Intel\Intel(R) Management Engine Components\DAL;C:\Program Files (x86)\Intel\Intel(R) Management Engine Components\IPT;C:\Program Files\Intel\Intel(R) Management Engine Components\IPT;C:\Program Files (x86)\NVIDIA Corporation\PhysX\Common;C:\Program Files\Intel\WiFi\bin\;C:\Program Files\Common Files\Intel\WirelessCommon\;C:\AutoSet10\Server\conf\;C:\AutoSet10\Server\bin\;C:\Program Files\Git\cmd;C:\ProgramData\ComposerSetup\bin;C:\Program Files\MySQL\MySQL Server 8.0\bin;?C:\Program Files\nodejs\node.exe;C:\Program Files (x86)\GtkSharp\2.12\bin;%SystemRoot%\system32;%SystemRoot%;%SystemRoot%\System32\Wbem;%SYSTEMROOT%\System32\WindowsPowerShell\v1.0\;%SYSTEMROOT%\System32\OpenSSH\;C:\Users\Sseokkoo\AppData\Local\Microsoft\WindowsApps;C:\Program Files\Intel\WiFi\bin\;C:\Program Files\Common Files\Intel\WirelessCommon\;C:\Program Files\JetBrains\IntelliJ IDEA Community Edition 2019.1.2\bin;;C:\Program Files\Java\jdk-12.0.1\bin;C:\PHP;C:\Users\Sseokkoo\AppData\Roaming\Composer\vendor\bin;C:\Program Files\MySQL\MySQL Server 8.0\bin;C:\Users\Sseokkoo\AppData\Roaming\npm;C:\Program Files\nodejs;C:\Users\Sseokkoo\AppData\Local\Programs\Microsoft VS Code\bin
USERNAME=Sseokkoo
OS=Windows_NT
PROCESSOR_IDENTIFIER=Intel64 Family 6 Model 142 Stepping 9, GenuineIntel



---------------  S Y S T E M  ---------------

OS: Windows 10.0 , 64 bit Build 18362 (10.0.18362.1110)

CPU:total 4 (initial active 4) (2 cores per cpu, 2 threads per core) family 6 model 142 stepping 9, cmov, cx8, fxsr, mmx, sse, sse2, sse3, ssse3, sse4.1, sse4.2, popcnt, avx, avx2, aes, clmul, erms, 3dnowpref, lzcnt, ht, tsc, tscinvbit, bmi1, bmi2, adx

Memory: 4k page, physical 8268916k(1351304k free), swap 8268916k(2052k free)

vm_info: Java HotSpot(TM) 64-Bit Server VM (25.221-b11) for windows-amd64 JRE (1.8.0_221-b11), built on Jul  4 2019 04:39:29 by "java_re" with MS VC++ 10.0 (VS2010)

time: Thu Jan 07 22:52:11 2021
timezone: 대한민국 표준시
elapsed time: 14 seconds (0d 0h 0m 14s)

