#
# There is insufficient memory for the Java Runtime Environment to continue.
# Native memory allocation (malloc) failed to allocate 1390576 bytes for Chunk::new
# Possible reasons:
#   The system is out of physical RAM or swap space
#   The process is running with CompressedOops enabled, and the Java Heap may be blocking the growth of the native heap
# Possible solutions:
#   Reduce memory load on the system
#   Increase physical memory or swap space
#   Check if swap backing store is full
#   Decrease Java heap size (-Xmx/-Xms)
#   Decrease number of Java threads
#   Decrease Java thread stack sizes (-Xss)
#   Set larger code cache with -XX:ReservedCodeCacheSize=
#   JVM is running with Unscaled Compressed Oops mode in which the Java heap is
#     placed in the first 4GB address space. The Java Heap base address is the
#     maximum limit for the native heap growth. Please use -XX:HeapBaseMinAddress
#     to set the Java Heap base and to place the Java Heap above 4GB virtual address.
# This output file may be truncated or incomplete.
#
#  Out of Memory Error (allocation.cpp:389), pid=10492, tid=0x0000000000003864
#
# JRE version: Java(TM) SE Runtime Environment (8.0_221-b11) (build 1.8.0_221-b11)
# Java VM: Java HotSpot(TM) 64-Bit Server VM (25.221-b11 mixed mode windows-amd64 compressed oops)
# Failed to write core dump. Minidumps are not enabled by default on client versions of Windows
#

---------------  T H R E A D  ---------------

Current thread (0x000000001789c000):  JavaThread "C2 CompilerThread0" daemon [_thread_in_native, id=14436, stack(0x0000000019220000,0x0000000019320000)]

Stack: [0x0000000019220000,0x0000000019320000]
[error occurred during error reporting (printing stack bounds), id 0xc0000005]

Native frames: (J=compiled Java code, j=interpreted, Vv=VM code, C=native code)


Current CompileTask:
C2:2891240 21637       4       org.gradle.internal.component.model.ComponentAttributeMatcher::match (259 bytes)


---------------  P R O C E S S  ---------------

Java Threads: ( => current thread )
  0x000000002b86c000 JavaThread "WorkerExecutor Queue Thread 7" [_thread_blocked, id=17596, stack(0x0000000030520000,0x0000000030620000)]
  0x000000002b86b800 JavaThread "WorkerExecutor Queue Thread 6" [_thread_blocked, id=12236, stack(0x0000000030420000,0x0000000030520000)]
  0x000000001eeca800 JavaThread "Cache worker for Java compile cache (C:\Users\Sseokkoo\StudioProjects\AndroidStudy04\.gradle\6.5\javaCompile)" [_thread_blocked, id=1724, stack(0x000000002fd20000,0x000000002fe20000)]
  0x000000001eed1800 JavaThread "Cache worker for Java compile cache (C:\Users\Sseokkoo\.gradle\caches\6.5\javaCompile)" [_thread_blocked, id=1704, stack(0x000000002e9b0000,0x000000002eab0000)]
  0x000000001eed7800 JavaThread "WorkerExecutor Queue Thread 5" [_thread_blocked, id=7116, stack(0x000000002fc20000,0x000000002fd20000)]
  0x000000001eed6800 JavaThread "stdout" [_thread_in_native, id=17848, stack(0x000000002f720000,0x000000002f820000)]
  0x000000001eed3000 JavaThread "stderr" [_thread_in_native, id=12492, stack(0x000000002f620000,0x000000002f720000)]
  0x000000001eed6000 JavaThread "stdout" [_thread_in_native, id=12824, stack(0x000000002f520000,0x000000002f620000)]
  0x000000001eed4800 JavaThread "stderr" [_thread_in_native, id=7852, stack(0x000000002f420000,0x000000002f520000)]
  0x000000001eed5000 JavaThread "stdout" [_thread_in_native, id=12124, stack(0x000000002f320000,0x000000002f420000)]
  0x000000001eecb800 JavaThread "stderr" [_thread_in_native, id=1824, stack(0x000000002f220000,0x000000002f320000)]
  0x000000001eed2000 JavaThread "pool-7-thread-1" [_thread_blocked, id=7720, stack(0x000000002eeb0000,0x000000002efb0000)]
  0x000000001eecc000 JavaThread "WorkerExecutor Queue Thread 2" [_thread_blocked, id=2636, stack(0x000000002ebb0000,0x000000002ecb0000)]
  0x000000001eecd000 JavaThread "Cache worker for execution history cache (C:\Users\Sseokkoo\StudioProjects\AndroidStudy04\.gradle\6.5\executionHistory)" [_thread_blocked, id=12956, stack(0x000000002e8b0000,0x000000002e9b0000)]
  0x000000001eeca000 JavaThread "Execution worker for ':' Thread 3" [_thread_blocked, id=16536, stack(0x000000002e7b0000,0x000000002e8b0000)]
  0x000000001eed0000 JavaThread "Execution worker for ':' Thread 2" [_thread_blocked, id=9848, stack(0x000000002e6b0000,0x000000002e7b0000)]
  0x000000001eecd800 JavaThread "Execution worker for ':'" [_thread_blocked, id=10072, stack(0x000000002e5b0000,0x000000002e6b0000)]
  0x000000001eecf000 JavaThread "Cache worker for file content cache (C:\Users\Sseokkoo\StudioProjects\AndroidStudy04\.gradle\6.5\fileContent)" [_thread_blocked, id=17312, stack(0x000000002c860000,0x000000002c960000)]
  0x000000001eec9000 JavaThread "Cache worker for Build Output Cleanup Cache (C:\Users\Sseokkoo\StudioProjects\AndroidStudy04\.gradle\buildOutputCleanup)" [_thread_in_native, id=12160, stack(0x000000002ac40000,0x000000002ad40000)]
  0x000000001fd2b800 JavaThread "jar transforms Thread 276" [_thread_blocked, id=14936, stack(0x000000002aa40000,0x000000002ab40000)]
  0x000000001fd2b000 JavaThread "jar transforms Thread 275" [_thread_blocked, id=16476, stack(0x0000000029440000,0x0000000029540000)]
  0x000000001fd2a000 JavaThread "jar transforms Thread 274" [_thread_blocked, id=1680, stack(0x0000000029340000,0x0000000029440000)]
  0x000000001fd29800 JavaThread "jar transforms Thread 273" [_thread_blocked, id=17452, stack(0x0000000029240000,0x0000000029340000)]
  0x000000001fd30000 JavaThread "jar transforms Thread 272" [_thread_blocked, id=5184, stack(0x0000000029140000,0x0000000029240000)]
  0x000000001fd2e800 JavaThread "jar transforms Thread 271" [_thread_blocked, id=5860, stack(0x0000000029040000,0x0000000029140000)]
  0x000000001fd2e000 JavaThread "jar transforms Thread 270" [_thread_blocked, id=5912, stack(0x0000000028f40000,0x0000000029040000)]
  0x000000001fd2d000 JavaThread "jar transforms Thread 269" [_thread_blocked, id=15272, stack(0x0000000028e40000,0x0000000028f40000)]
  0x000000001fd2f800 JavaThread "jar transforms Thread 268" [_thread_blocked, id=18236, stack(0x0000000028d40000,0x0000000028e40000)]
  0x000000001fd2c800 JavaThread "jar transforms Thread 267" [_thread_blocked, id=916, stack(0x0000000028c40000,0x0000000028d40000)]
  0x000000001fd22800 JavaThread "jar transforms Thread 266" [_thread_blocked, id=14756, stack(0x0000000028b40000,0x0000000028c40000)]
  0x000000001fd28000 JavaThread "jar transforms Thread 265" [_thread_blocked, id=4228, stack(0x0000000028a40000,0x0000000028b40000)]
  0x000000001fd21800 JavaThread "jar transforms Thread 264" [_thread_blocked, id=10292, stack(0x0000000028940000,0x0000000028a40000)]
  0x000000001fd23000 JavaThread "jar transforms Thread 263" [_thread_blocked, id=1440, stack(0x0000000028840000,0x0000000028940000)]
  0x000000001fd27000 JavaThread "jar transforms Thread 262" [_thread_blocked, id=2376, stack(0x0000000028740000,0x0000000028840000)]
  0x000000001fd28800 JavaThread "jar transforms Thread 261" [_thread_blocked, id=1640, stack(0x0000000028640000,0x0000000028740000)]
  0x000000001fd26800 JavaThread "jar transforms Thread 260" [_thread_blocked, id=1884, stack(0x0000000028540000,0x0000000028640000)]
  0x000000001fd24800 JavaThread "jar transforms Thread 259" [_thread_blocked, id=12144, stack(0x0000000028440000,0x0000000028540000)]
  0x000000001fd21000 JavaThread "jar transforms Thread 258" [_thread_blocked, id=12196, stack(0x0000000028340000,0x0000000028440000)]
  0x000000001fd24000 JavaThread "jar transforms Thread 257" [_thread_blocked, id=1436, stack(0x0000000028240000,0x0000000028340000)]
  0x000000001fd25800 JavaThread "jar transforms Thread 256" [_thread_blocked, id=9952, stack(0x0000000028140000,0x0000000028240000)]
  0x00000000200cf800 JavaThread "jar transforms Thread 255" [_thread_blocked, id=13856, stack(0x0000000028040000,0x0000000028140000)]
  0x00000000200ca000 JavaThread "jar transforms Thread 254" [_thread_blocked, id=15676, stack(0x0000000027f40000,0x0000000028040000)]
  0x00000000200ce000 JavaThread "jar transforms Thread 253" [_thread_blocked, id=17104, stack(0x0000000027e40000,0x0000000027f40000)]
  0x00000000200cd000 JavaThread "jar transforms Thread 252" [_thread_blocked, id=2092, stack(0x0000000027d40000,0x0000000027e40000)]
  0x00000000200ce800 JavaThread "jar transforms Thread 251" [_thread_blocked, id=1532, stack(0x0000000027c40000,0x0000000027d40000)]
  0x00000000200c9800 JavaThread "jar transforms Thread 250" [_thread_blocked, id=13756, stack(0x0000000027b40000,0x0000000027c40000)]
  0x00000000200cb000 JavaThread "jar transforms Thread 249" [_thread_blocked, id=4276, stack(0x0000000027a40000,0x0000000027b40000)]
  0x00000000200cb800 JavaThread "jar transforms Thread 248" [_thread_blocked, id=16508, stack(0x0000000027940000,0x0000000027a40000)]
  0x00000000200cc800 JavaThread "jar transforms Thread 247" [_thread_blocked, id=16076, stack(0x0000000027840000,0x0000000027940000)]
  0x00000000200c2000 JavaThread "jar transforms Thread 246" [_thread_blocked, id=17296, stack(0x0000000027740000,0x0000000027840000)]
  0x00000000200c8800 JavaThread "jar transforms Thread 245" [_thread_blocked, id=13936, stack(0x0000000027640000,0x0000000027740000)]
  0x00000000200c1000 JavaThread "jar transforms Thread 244" [_thread_blocked, id=16980, stack(0x0000000027540000,0x0000000027640000)]
  0x00000000200c8000 JavaThread "jar transforms Thread 243" [_thread_blocked, id=15908, stack(0x0000000027440000,0x0000000027540000)]
  0x00000000200c2800 JavaThread "jar transforms Thread 242" [_thread_blocked, id=17116, stack(0x0000000027340000,0x0000000027440000)]
  0x00000000200c5000 JavaThread "jar transforms Thread 241" [_thread_blocked, id=652, stack(0x0000000027240000,0x0000000027340000)]
  0x00000000200c0800 JavaThread "jar transforms Thread 240" [_thread_blocked, id=10760, stack(0x0000000027140000,0x0000000027240000)]
  0x00000000200c7000 JavaThread "jar transforms Thread 239" [_thread_blocked, id=14444, stack(0x0000000027040000,0x0000000027140000)]
  0x00000000200c4000 JavaThread "jar transforms Thread 238" [_thread_blocked, id=3176, stack(0x0000000026f40000,0x0000000027040000)]
  0x00000000200c6800 JavaThread "jar transforms Thread 237" [_thread_blocked, id=18220, stack(0x0000000026e40000,0x0000000026f40000)]
  0x00000000200c3800 JavaThread "jar transforms Thread 236" [_thread_blocked, id=8632, stack(0x0000000026d40000,0x0000000026e40000)]
  0x00000000200c5800 JavaThread "jar transforms Thread 235" [_thread_blocked, id=6912, stack(0x0000000026c40000,0x0000000026d40000)]
  0x000000001b567000 JavaThread "jar transforms Thread 234" [_thread_blocked, id=5272, stack(0x0000000026b40000,0x0000000026c40000)]
  0x000000001b56a000 JavaThread "jar transforms Thread 233" [_thread_blocked, id=14724, stack(0x0000000026a40000,0x0000000026b40000)]
  0x000000001b56d000 JavaThread "jar transforms Thread 232" [_thread_blocked, id=4916, stack(0x0000000026940000,0x0000000026a40000)]
  0x000000001b569000 JavaThread "jar transforms Thread 231" [_thread_blocked, id=6808, stack(0x0000000026840000,0x0000000026940000)]
  0x000000001b567800 JavaThread "jar transforms Thread 230" [_thread_blocked, id=11736, stack(0x0000000026740000,0x0000000026840000)]
  0x000000001b56d800 JavaThread "jar transforms Thread 229" [_thread_blocked, id=8216, stack(0x0000000026640000,0x0000000026740000)]
  0x000000001b56c000 JavaThread "jar transforms Thread 228" [_thread_blocked, id=3776, stack(0x0000000026540000,0x0000000026640000)]
  0x000000001ef2b000 JavaThread "jar transforms Thread 227" [_thread_blocked, id=12444, stack(0x0000000026440000,0x0000000026540000)]
  0x000000001ef2a000 JavaThread "jar transforms Thread 226" [_thread_blocked, id=18240, stack(0x0000000026340000,0x0000000026440000)]
  0x000000001ef2c800 JavaThread "jar transforms Thread 225" [_thread_blocked, id=9980, stack(0x0000000026240000,0x0000000026340000)]
  0x000000001ef28800 JavaThread "jar transforms Thread 224" [_thread_blocked, id=11240, stack(0x0000000026140000,0x0000000026240000)]
  0x000000001ef28000 JavaThread "jar transforms Thread 223" [_thread_blocked, id=14264, stack(0x0000000026040000,0x0000000026140000)]
  0x000000001ef29800 JavaThread "jar transforms Thread 222" [_thread_blocked, id=11192, stack(0x0000000025f40000,0x0000000026040000)]
  0x000000001ef26800 JavaThread "jar transforms Thread 221" [_thread_blocked, id=12508, stack(0x0000000025e40000,0x0000000025f40000)]
  0x000000001ef25800 JavaThread "jar transforms Thread 220" [_thread_blocked, id=4260, stack(0x0000000025d40000,0x0000000025e40000)]
  0x000000001ef27000 JavaThread "jar transforms Thread 219" [_thread_blocked, id=9236, stack(0x0000000025c40000,0x0000000025d40000)]
  0x000000001ef2b800 JavaThread "jar transforms Thread 218" [_thread_blocked, id=17756, stack(0x0000000025b40000,0x0000000025c40000)]
  0x000000001ef1e000 JavaThread "jar transforms Thread 217" [_thread_blocked, id=17600, stack(0x0000000025a40000,0x0000000025b40000)]
  0x000000001ef21000 JavaThread "jar transforms Thread 216" [_thread_blocked, id=8700, stack(0x0000000025940000,0x0000000025a40000)]
  0x000000001ef25000 JavaThread "jar transforms Thread 215" [_thread_blocked, id=14908, stack(0x0000000025840000,0x0000000025940000)]
  0x000000001ef24000 JavaThread "jar transforms Thread 214" [_thread_blocked, id=12128, stack(0x0000000025740000,0x0000000025840000)]
  0x000000001ef1f800 JavaThread "jar transforms Thread 213" [_thread_blocked, id=6828, stack(0x0000000025640000,0x0000000025740000)]
  0x000000001ef1d800 JavaThread "jar transforms Thread 212" [_thread_blocked, id=8064, stack(0x0000000025540000,0x0000000025640000)]
  0x000000001ef1f000 JavaThread "jar transforms Thread 211" [_thread_blocked, id=4048, stack(0x0000000025440000,0x0000000025540000)]
  0x000000001ef23800 JavaThread "jar transforms Thread 210" [_thread_blocked, id=1692, stack(0x0000000025340000,0x0000000025440000)]
  0x000000001d99e000 JavaThread "jar transforms Thread 209" [_thread_blocked, id=17644, stack(0x0000000025240000,0x0000000025340000)]
  0x000000001d99f800 JavaThread "jar transforms Thread 208" [_thread_blocked, id=16824, stack(0x0000000025140000,0x0000000025240000)]
  0x000000001d99c800 JavaThread "jar transforms Thread 207" [_thread_blocked, id=18312, stack(0x0000000025040000,0x0000000025140000)]
  0x000000001d99e800 JavaThread "jar transforms Thread 206" [_thread_blocked, id=4552, stack(0x0000000023ee0000,0x0000000023fe0000)]
  0x000000001d99b800 JavaThread "jar transforms Thread 205" [_thread_blocked, id=17740, stack(0x0000000023de0000,0x0000000023ee0000)]
  0x000000001d99b000 JavaThread "jar transforms Thread 204" [_thread_blocked, id=1976, stack(0x00000000230c0000,0x00000000231c0000)]
  0x000000001d99d000 JavaThread "jar transforms Thread 203" [_thread_blocked, id=8540, stack(0x00000000227c0000,0x00000000228c0000)]
  0x000000001d999800 JavaThread "jar transforms Thread 202" [_thread_blocked, id=18108, stack(0x00000000222c0000,0x00000000223c0000)]
  0x000000001d995800 JavaThread "jar transforms Thread 201" [_thread_blocked, id=15336, stack(0x00000000221c0000,0x00000000222c0000)]
  0x000000001d99a000 JavaThread "jar transforms Thread 200" [_thread_blocked, id=14316, stack(0x00000000220c0000,0x00000000221c0000)]
  0x000000001d998800 JavaThread "jar transforms Thread 199" [_thread_blocked, id=2488, stack(0x0000000021fc0000,0x00000000220c0000)]
  0x000000001d990000 JavaThread "jar transforms Thread 198" [_thread_blocked, id=7860, stack(0x0000000021ec0000,0x0000000021fc0000)]
  0x000000001d991000 JavaThread "jar transforms Thread 197" [_thread_blocked, id=3620, stack(0x0000000021dc0000,0x0000000021ec0000)]
  0x000000001d994800 JavaThread "jar transforms Thread 196" [_thread_blocked, id=14284, stack(0x0000000021cc0000,0x0000000021dc0000)]
  0x000000001d997000 JavaThread "jar transforms Thread 195" [_thread_blocked, id=16492, stack(0x0000000021bc0000,0x0000000021cc0000)]
  0x000000001d991800 JavaThread "jar transforms Thread 194" [_thread_blocked, id=14848, stack(0x0000000021ac0000,0x0000000021bc0000)]
  0x000000001d994000 JavaThread "jar transforms Thread 193" [_thread_blocked, id=12756, stack(0x00000000219c0000,0x0000000021ac0000)]
  0x000000001d993000 JavaThread "jar transforms Thread 192" [_thread_blocked, id=15028, stack(0x00000000218c0000,0x00000000219c0000)]
  0x000000001d992800 JavaThread "jar transforms Thread 191" [_thread_blocked, id=2916, stack(0x00000000217c0000,0x00000000218c0000)]
  0x000000001d996000 JavaThread "jar transforms Thread 190" [_thread_blocked, id=8756, stack(0x00000000216c0000,0x00000000217c0000)]
  0x000000001d7c9800 JavaThread "jar transforms Thread 189" [_thread_blocked, id=15128, stack(0x00000000215c0000,0x00000000216c0000)]
  0x000000001d7cf800 JavaThread "jar transforms Thread 188" [_thread_blocked, id=9816, stack(0x00000000214c0000,0x00000000215c0000)]
  0x000000001d7ce800 JavaThread "jar transforms Thread 187" [_thread_blocked, id=7228, stack(0x00000000213c0000,0x00000000214c0000)]
  0x000000001d7ce000 JavaThread "jar transforms Thread 186" [_thread_blocked, id=3788, stack(0x00000000212c0000,0x00000000213c0000)]
  0x000000001d7cd000 JavaThread "jar transforms Thread 185" [_thread_blocked, id=10920, stack(0x00000000211c0000,0x00000000212c0000)]
  0x000000001d7cc800 JavaThread "Build operations Thread 4" [_thread_blocked, id=7024, stack(0x00000000210c0000,0x00000000211c0000)]
  0x000000001d7ca000 JavaThread "Build operations Thread 3" [_thread_in_native, id=8164, stack(0x0000000020fc0000,0x00000000210c0000)]
  0x000000001d7cb000 JavaThread "Build operations Thread 2" [_thread_in_native, id=12536, stack(0x0000000020ec0000,0x0000000020fc0000)]
  0x000000001d7c2000 JavaThread "Build operations" [_thread_in_Java, id=15352, stack(0x0000000020dc0000,0x0000000020ec0000)]
  0x000000001d7c8800 JavaThread "Cache worker for cache directory md-rule (C:\Users\Sseokkoo\.gradle\caches\6.5\md-rule)" [_thread_blocked, id=14772, stack(0x000000001fa40000,0x000000001fb40000)]
  0x000000001d7c5000 JavaThread "Cache worker for cache directory md-supplier (C:\Users\Sseokkoo\.gradle\caches\6.5\md-supplier)" [_thread_blocked, id=18384, stack(0x000000001f940000,0x000000001fa40000)]
  0x000000001d7c8000 JavaThread "Cache worker for checksums cache (C:\Users\Sseokkoo\StudioProjects\AndroidStudy04\.gradle\checksums)" [_thread_blocked, id=15332, stack(0x000000001f840000,0x000000001f940000)]
  0x000000001d7c1000 JavaThread "Cache worker for file hash cache (C:\Users\Sseokkoo\StudioProjects\AndroidStudy04\.gradle\6.5\fileHashes)" [_thread_blocked, id=15356, stack(0x000000001f740000,0x000000001f840000)]
  0x000000001d7c0800 JavaThread "Thread-237" [_thread_blocked, id=13640, stack(0x000000001cca0000,0x000000001cda0000)]
  0x000000001d7c5800 JavaThread "Stdin handler" [_thread_blocked, id=3664, stack(0x000000001cba0000,0x000000001cca0000)]
  0x000000001d7c6800 JavaThread "Asynchronous log dispatcher for DefaultDaemonConnection: socket connection from /127.0.0.1:51314 to /127.0.0.1:51677" [_thread_blocked, id=13968, stack(0x000000001caa0000,0x000000001cba0000)]
  0x000000001d7c4000 JavaThread "Daemon worker Thread 3" [_thread_blocked, id=9516, stack(0x000000001c9a0000,0x000000001caa0000)]
  0x000000001d7c3800 JavaThread "Cancel handler" [_thread_blocked, id=15568, stack(0x000000001c8a0000,0x000000001c9a0000)]
  0x000000001d7c7000 JavaThread "Handler for socket connection from /127.0.0.1:51314 to /127.0.0.1:51677" [_thread_in_native, id=3544, stack(0x000000001c2c0000,0x000000001c3c0000)]
  0x000000001d7c2800 JavaThread "Daemon Thread 3" [_thread_blocked, id=7264, stack(0x000000001c1c0000,0x000000001c2c0000)]
  0x000000001d7cb800 JavaThread "Memory manager" [_thread_blocked, id=14928, stack(0x000000002a740000,0x000000002a840000)]
  0x000000001ef22000 JavaThread "Cache worker for file content cache (C:\Users\Sseokkoo\.gradle\caches\6.5\fileContent)" [_thread_blocked, id=16556, stack(0x0000000022fc0000,0x00000000230c0000)]
  0x000000001ef22800 JavaThread "Cache worker for execution history cache (C:\Users\Sseokkoo\.gradle\caches\6.5\executionHistory)" [_thread_blocked, id=6768, stack(0x0000000022ac0000,0x0000000022bc0000)]
  0x000000001b56b800 JavaThread "Cache worker for file hash cache (C:\Users\Sseokkoo\.gradle\caches\6.5\fileHashes)" [_thread_blocked, id=1912, stack(0x000000001d4a0000,0x000000001d5a0000)]
  0x000000001b56a800 JavaThread "File lock request listener" [_thread_in_native, id=3540, stack(0x000000001d3a0000,0x000000001d4a0000)]
  0x000000001b568800 JavaThread "Cache worker for journal cache (C:\Users\Sseokkoo\.gradle\caches\journal-1)" [_thread_blocked, id=6972, stack(0x000000001d1a0000,0x000000001d2a0000)]
  0x000000001b272800 JavaThread "Daemon periodic checks" [_thread_blocked, id=6504, stack(0x000000001c5a0000,0x000000001c6a0000)]
  0x000000001b25c800 JavaThread "Incoming local TCP Connector on port 51314" [_thread_in_native, id=6320, stack(0x000000001c3c0000,0x000000001c4c0000)]
  0x0000000018d47000 JavaThread "Daemon health stats" [_thread_blocked, id=2236, stack(0x000000001c0c0000,0x000000001c1c0000)]
  0x0000000018cb2800 JavaThread "Service Thread" daemon [_thread_blocked, id=16832, stack(0x0000000019520000,0x0000000019620000)]
  0x0000000018c39000 JavaThread "C1 CompilerThread2" daemon [_thread_in_native, id=7952, stack(0x0000000019420000,0x0000000019520000)]
  0x0000000018c33800 JavaThread "C2 CompilerThread1" daemon [_thread_in_native, id=12552, stack(0x0000000019320000,0x0000000019420000)]
=>0x000000001789c000 JavaThread "C2 CompilerThread0" daemon [_thread_in_native, id=14436, stack(0x0000000019220000,0x0000000019320000)]
  0x0000000017850800 JavaThread "Attach Listener" daemon [_thread_blocked, id=12484, stack(0x0000000019120000,0x0000000019220000)]
  0x000000001784f800 JavaThread "Signal Dispatcher" daemon [_thread_blocked, id=6692, stack(0x0000000019020000,0x0000000019120000)]
  0x0000000002bbc800 JavaThread "Finalizer" daemon [_thread_blocked, id=13400, stack(0x0000000018a90000,0x0000000018b90000)]
  0x000000001782a000 JavaThread "Reference Handler" daemon [_thread_blocked, id=12368, stack(0x0000000018990000,0x0000000018a90000)]
  0x0000000002ac2800 JavaThread "main" [_thread_blocked, id=3052, stack(0x0000000002620000,0x0000000002720000)]

Other Threads:
  0x0000000017807800 VMThread [stack: 0x0000000018890000,0x0000000018990000] [id=8680]
  0x0000000018cd0800 WatcherThread [stack: 0x0000000019620000,0x0000000019720000] [id=8240]

VM state:not at safepoint (normal execution)

VM Mutex/Monitor currently owned by a thread: None

OutOfMemory and StackOverflow Exception counts:
OutOfMemoryError java_heap_errors=3

heap address: 0x0000000080000000, size: 2048 MB, Compressed Oops mode: 32-bit
Narrow klass base: 0x0000000000000000, Narrow klass shift: 3
Compressed class space size: 1073741824 Address: 0x0000000100000000

Heap:
 PSYoungGen      total 361472K, used 74785K [0x00000000d5580000, 0x00000000eed80000, 0x0000000100000000)
  eden space 327680K, 13% used [0x00000000d5580000,0x00000000d7f84618,0x00000000e9580000)
  from space 33792K, 93% used [0x00000000e9580000,0x00000000eb483e20,0x00000000eb680000)
  to   space 32256K, 0% used [0x00000000ece00000,0x00000000ece00000,0x00000000eed80000)
 ParOldGen       total 182784K, used 43965K [0x0000000080000000, 0x000000008b280000, 0x00000000d5580000)
  object space 182784K, 24% used [0x0000000080000000,0x0000000082aef620,0x000000008b280000)
 Metaspace       used 116050K, capacity 121998K, committed 122280K, reserved 1155072K
  class space    used 15314K, capacity 16445K, committed 16552K, reserved 1048576K

Card table byte_map: [0x0000000011fe0000,0x00000000123f0000] byte_map_base: 0x0000000011be0000

Marking Bits: (ParMarkBitMap*) 0x0000000059265ce0
 Begin Bits: [0x0000000012aa0000, 0x0000000014aa0000)
 End Bits:   [0x0000000014aa0000, 0x0000000016aa0000)

Polling page: 0x0000000000bc0000

CodeCache: size=245760Kb used=58082Kb max_used=58082Kb free=187677Kb
 bounds [0x0000000002c20000, 0x0000000006520000, 0x0000000011c20000]
 total_blobs=18510 nmethods=17546 adapters=873
 compilation: enabled

Compilation events (10 events):
Event: 2891.226 Thread 0x0000000018c39000 nmethod 21717 0x000000000650f250 code [0x000000000650f3c0, 0x000000000650f5d0]
Event: 2891.232 Thread 0x0000000018c39000 21718       1       java.util.WeakHashMap$Entry::getValue (5 bytes)
Event: 2891.232 Thread 0x0000000018c39000 nmethod 21718 0x000000000650ef90 code [0x000000000650f0e0, 0x000000000650f1f0]
Event: 2891.233 Thread 0x0000000018c39000 21719       3       java.util.WeakHashMap$HashIterator::hasNext (95 bytes)
Event: 2891.233 Thread 0x0000000018c39000 nmethod 21719 0x000000000650e750 code [0x000000000650e8e0, 0x000000000650ed90]
Event: 2891.233 Thread 0x0000000018c39000 21720       3       java.util.WeakHashMap$EntryIterator::next (5 bytes)
Event: 2891.234 Thread 0x0000000018c39000 nmethod 21720 0x000000000650e290 code [0x000000000650e400, 0x000000000650e668]
Event: 2891.234 Thread 0x0000000018c39000 21721       3       java.util.WeakHashMap$EntryIterator::next (5 bytes)
Event: 2891.234 Thread 0x0000000018c39000 nmethod 21721 0x000000000650de90 code [0x000000000650e000, 0x000000000650e208]
Event: 2891.237 Thread 0x0000000018c33800 21722       4       java.lang.invoke.InnerClassLambdaMetafactory::getOpcodeOffset (38 bytes)

GC Heap History (10 events):
Event: 2863.507 GC heap before
{Heap before GC invocations=27 (full 4):
 PSYoungGen      total 332800K, used 5984K [0x00000000d5580000, 0x00000000ed880000, 0x0000000100000000)
  eden space 326656K, 0% used [0x00000000d5580000,0x00000000d5580000,0x00000000e9480000)
  from space 6144K, 97% used [0x00000000ea180000,0x00000000ea758000,0x00000000ea780000)
  to   space 34816K, 0% used [0x00000000eb680000,0x00000000eb680000,0x00000000ed880000)
 ParOldGen       total 125952K, used 93427K [0x0000000080000000, 0x0000000087b00000, 0x00000000d5580000)
  object space 125952K, 74% used [0x0000000080000000,0x0000000085b3ce18,0x0000000087b00000)
 Metaspace       used 94057K, capacity 98584K, committed 98600K, reserved 1134592K
  class space    used 12460K, capacity 13338K, committed 13352K, reserved 1048576K
Event: 2863.783 GC heap after
Heap after GC invocations=27 (full 4):
 PSYoungGen      total 332800K, used 0K [0x00000000d5580000, 0x00000000ed880000, 0x0000000100000000)
  eden space 326656K, 0% used [0x00000000d5580000,0x00000000d5580000,0x00000000e9480000)
  from space 6144K, 0% used [0x00000000ea180000,0x00000000ea180000,0x00000000ea780000)
  to   space 34816K, 0% used [0x00000000eb680000,0x00000000eb680000,0x00000000ed880000)
 ParOldGen       total 182784K, used 43941K [0x0000000080000000, 0x000000008b280000, 0x00000000d5580000)
  object space 182784K, 24% used [0x0000000080000000,0x0000000082ae9620,0x000000008b280000)
 Metaspace       used 93559K, capacity 97628K, committed 98600K, reserved 1134592K
  class space    used 12356K, capacity 13157K, committed 13352K, reserved 1048576K
}
Event: 2874.458 GC heap before
{Heap before GC invocations=28 (full 4):
 PSYoungGen      total 332800K, used 326656K [0x00000000d5580000, 0x00000000ed880000, 0x0000000100000000)
  eden space 326656K, 100% used [0x00000000d5580000,0x00000000e9480000,0x00000000e9480000)
  from space 6144K, 0% used [0x00000000ea180000,0x00000000ea180000,0x00000000ea780000)
  to   space 34816K, 0% used [0x00000000eb680000,0x00000000eb680000,0x00000000ed880000)
 ParOldGen       total 182784K, used 43941K [0x0000000080000000, 0x000000008b280000, 0x00000000d5580000)
  object space 182784K, 24% used [0x0000000080000000,0x0000000082ae9620,0x000000008b280000)
 Metaspace       used 100566K, capacity 105120K, committed 105384K, reserved 1140736K
  class space    used 13260K, capacity 14141K, committed 14248K, reserved 1048576K
Event: 2874.490 GC heap after
Heap after GC invocations=28 (full 4):
 PSYoungGen      total 362496K, used 17339K [0x00000000d5580000, 0x00000000ef680000, 0x0000000100000000)
  eden space 327680K, 0% used [0x00000000d5580000,0x00000000d5580000,0x00000000e9580000)
  from space 34816K, 49% used [0x00000000eb680000,0x00000000ec76efe8,0x00000000ed880000)
  to   space 33792K, 0% used [0x00000000e9580000,0x00000000e9580000,0x00000000eb680000)
 ParOldGen       total 182784K, used 43949K [0x0000000080000000, 0x000000008b280000, 0x00000000d5580000)
  object space 182784K, 24% used [0x0000000080000000,0x0000000082aeb620,0x000000008b280000)
 Metaspace       used 100566K, capacity 105120K, committed 105384K, reserved 1140736K
  class space    used 13260K, capacity 14141K, committed 14248K, reserved 1048576K
}
Event: 2882.212 GC heap before
{Heap before GC invocations=29 (full 4):
 PSYoungGen      total 362496K, used 345019K [0x00000000d5580000, 0x00000000ef680000, 0x0000000100000000)
  eden space 327680K, 100% used [0x00000000d5580000,0x00000000e9580000,0x00000000e9580000)
  from space 34816K, 49% used [0x00000000eb680000,0x00000000ec76efe8,0x00000000ed880000)
  to   space 33792K, 0% used [0x00000000e9580000,0x00000000e9580000,0x00000000eb680000)
 ParOldGen       total 182784K, used 43949K [0x0000000080000000, 0x000000008b280000, 0x00000000d5580000)
  object space 182784K, 24% used [0x0000000080000000,0x0000000082aeb620,0x000000008b280000)
 Metaspace       used 102268K, capacity 106986K, committed 107176K, reserved 1142784K
  class space    used 13443K, capacity 14396K, committed 14504K, reserved 1048576K
Event: 2882.276 GC heap after
Heap after GC invocations=29 (full 4):
 PSYoungGen      total 361472K, used 15912K [0x00000000d5580000, 0x00000000eed80000, 0x0000000100000000)
  eden space 327680K, 0% used [0x00000000d5580000,0x00000000d5580000,0x00000000e9580000)
  from space 33792K, 47% used [0x00000000e9580000,0x00000000ea50a050,0x00000000eb680000)
  to   space 32256K, 0% used [0x00000000ece00000,0x00000000ece00000,0x00000000eed80000)
 ParOldGen       total 182784K, used 43949K [0x0000000080000000, 0x000000008b280000, 0x00000000d5580000)
  object space 182784K, 24% used [0x0000000080000000,0x0000000082aeb620,0x000000008b280000)
 Metaspace       used 102268K, capacity 106986K, committed 107176K, reserved 1142784K
  class space    used 13443K, capacity 14396K, committed 14504K, reserved 1048576K
}
Event: 2886.347 GC heap before
{Heap before GC invocations=30 (full 4):
 PSYoungGen      total 361472K, used 343592K [0x00000000d5580000, 0x00000000eed80000, 0x0000000100000000)
  eden space 327680K, 100% used [0x00000000d5580000,0x00000000e9580000,0x00000000e9580000)
  from space 33792K, 47% used [0x00000000e9580000,0x00000000ea50a050,0x00000000eb680000)
  to   space 32256K, 0% used [0x00000000ece00000,0x00000000ece00000,0x00000000eed80000)
 ParOldGen       total 182784K, used 43949K [0x0000000080000000, 0x000000008b280000, 0x00000000d5580000)
  object space 182784K, 24% used [0x0000000080000000,0x0000000082aeb620,0x000000008b280000)
 Metaspace       used 108375K, capacity 113208K, committed 113320K, reserved 1146880K
  class space    used 14202K, capacity 15196K, committed 15272K, reserved 1048576K
Event: 2886.390 GC heap after
Heap after GC invocations=30 (full 4):
 PSYoungGen      total 359936K, used 23723K [0x00000000d5580000, 0x00000000eed80000, 0x0000000100000000)
  eden space 327680K, 0% used [0x00000000d5580000,0x00000000d5580000,0x00000000e9580000)
  from space 32256K, 73% used [0x00000000ece00000,0x00000000ee52ad98,0x00000000eed80000)
  to   space 33792K, 0% used [0x00000000e9580000,0x00000000e9580000,0x00000000eb680000)
 ParOldGen       total 182784K, used 43957K [0x0000000080000000, 0x000000008b280000, 0x00000000d5580000)
  object space 182784K, 24% used [0x0000000080000000,0x0000000082aed620,0x000000008b280000)
 Metaspace       used 108375K, capacity 113208K, committed 113320K, reserved 1146880K
  class space    used 14202K, capacity 15196K, committed 15272K, reserved 1048576K
}
Event: 2891.001 GC heap before
{Heap before GC invocations=31 (full 4):
 PSYoungGen      total 359936K, used 351403K [0x00000000d5580000, 0x00000000eed80000, 0x0000000100000000)
  eden space 327680K, 100% used [0x00000000d5580000,0x00000000e9580000,0x00000000e9580000)
  from space 32256K, 73% used [0x00000000ece00000,0x00000000ee52ad98,0x00000000eed80000)
  to   space 33792K, 0% used [0x00000000e9580000,0x00000000e9580000,0x00000000eb680000)
 ParOldGen       total 182784K, used 43957K [0x0000000080000000, 0x000000008b280000, 0x00000000d5580000)
  object space 182784K, 24% used [0x0000000080000000,0x0000000082aed620,0x000000008b280000)
 Metaspace       used 115981K, capacity 121916K, committed 122280K, reserved 1155072K
  class space    used 15308K, capacity 16442K, committed 16552K, reserved 1048576K
Event: 2891.053 GC heap after
Heap after GC invocations=31 (full 4):
 PSYoungGen      total 361472K, used 31759K [0x00000000d5580000, 0x00000000eed80000, 0x0000000100000000)
  eden space 327680K, 0% used [0x00000000d5580000,0x00000000d5580000,0x00000000e9580000)
  from space 33792K, 93% used [0x00000000e9580000,0x00000000eb483e20,0x00000000eb680000)
  to   space 32256K, 0% used [0x00000000ece00000,0x00000000ece00000,0x00000000eed80000)
 ParOldGen       total 182784K, used 43965K [0x0000000080000000, 0x000000008b280000, 0x00000000d5580000)
  object space 182784K, 24% used [0x0000000080000000,0x0000000082aef620,0x000000008b280000)
 Metaspace       used 115981K, capacity 121916K, committed 122280K, reserved 1155072K
  class space    used 15308K, capacity 16442K, committed 16552K, reserved 1048576K
}

Deoptimization events (10 events):
Event: 2890.607 Thread 0x000000002b86c000 Uncommon trap: reason=array_check action=maybe_recompile pc=0x00000000063e92cc method=java.util.TimSort.binarySort([Ljava/lang/Object;IIILjava/util/Comparator;)V @ 193
Event: 2890.607 Thread 0x000000002b86c000 Uncommon trap: reason=array_check action=maybe_recompile pc=0x00000000063e92cc method=java.util.TimSort.binarySort([Ljava/lang/Object;IIILjava/util/Comparator;)V @ 193
Event: 2890.607 Thread 0x000000002b86c000 Uncommon trap: reason=array_check action=maybe_recompile pc=0x0000000004194354 method=java.util.TimSort.binarySort([Ljava/lang/Object;IIILjava/util/Comparator;)V @ 183
Event: 2890.607 Thread 0x000000002b86c000 Uncommon trap: reason=array_check action=maybe_recompile pc=0x0000000004194168 method=java.util.TimSort.binarySort([Ljava/lang/Object;IIILjava/util/Comparator;)V @ 215
Event: 2890.632 Thread 0x000000002b86c000 Uncommon trap: reason=unstable_if action=reinterpret pc=0x0000000006420c60 method=com.android.tools.r8.dex.m.c(I)V @ 8
Event: 2890.736 Thread 0x000000001eed0000 Uncommon trap: reason=class_check action=maybe_recompile pc=0x0000000005c0db6c method=com.google.common.collect.SortedIterables.hasSameComparator(Ljava/util/Comparator;Ljava/lang/Iterable;)Z @ 11
Event: 2890.736 Thread 0x000000001eed0000 Uncommon trap: reason=class_check action=maybe_recompile pc=0x0000000005c0db6c method=com.google.common.collect.SortedIterables.hasSameComparator(Ljava/util/Comparator;Ljava/lang/Iterable;)Z @ 11
Event: 2890.913 Thread 0x000000001eed0000 Uncommon trap: reason=unstable_if action=reinterpret pc=0x00000000057897a0 method=org.gradle.api.internal.artifacts.transform.DefaultExecutionGraphDependenciesResolver.forTransformer(Lorg/gradle/api/internal/artifacts/transform/Transformer;)Lorg/gradle/in
Event: 2890.914 Thread 0x000000001eed0000 Uncommon trap: reason=unstable_if action=reinterpret pc=0x0000000005062c3c method=com.google.common.cache.LocalCache$Segment.getLiveEntry(Ljava/lang/Object;IJ)Lcom/google/common/cache/ReferenceEntry; @ 25
Event: 2890.926 Thread 0x000000001eed0000 Uncommon trap: reason=unstable_if action=reinterpret pc=0x0000000002e3c8cc method=org.gradle.api.internal.artifacts.transform.DefaultExecutionGraphDependenciesResolver.forTransformer(Lorg/gradle/api/internal/artifacts/transform/Transformer;)Lorg/gradle/in

Classes redefined (0 events):
No events

Internal exceptions (10 events):
Event: 2890.603 Thread 0x000000001eed7800 Exception <a 'sun/nio/fs/WindowsException'> (0x00000000e826d6b0) thrown at [C:\re\workspace\8-2-build-windows-amd64-cygwin\jdk8u221\13320\hotspot\src\share\vm\prims\jni.cpp, line 710]
Event: 2890.617 Thread 0x000000001eed7800 Exception <a 'sun/nio/fs/WindowsException'> (0x00000000e837a9e0) thrown at [C:\re\workspace\8-2-build-windows-amd64-cygwin\jdk8u221\13320\hotspot\src\share\vm\prims\jni.cpp, line 710]
Event: 2890.632 Thread 0x000000001eed7800 Exception <a 'sun/nio/fs/WindowsException'> (0x00000000e8419a30) thrown at [C:\re\workspace\8-2-build-windows-amd64-cygwin\jdk8u221\13320\hotspot\src\share\vm\prims\jni.cpp, line 710]
Event: 2890.643 Thread 0x000000001eed7800 Exception <a 'sun/nio/fs/WindowsException'> (0x00000000e8421fc0) thrown at [C:\re\workspace\8-2-build-windows-amd64-cygwin\jdk8u221\13320\hotspot\src\share\vm\prims\jni.cpp, line 710]
Event: 2890.649 Thread 0x000000001eed7800 Exception <a 'sun/nio/fs/WindowsException'> (0x00000000e85efee8) thrown at [C:\re\workspace\8-2-build-windows-amd64-cygwin\jdk8u221\13320\hotspot\src\share\vm\prims\jni.cpp, line 710]
Event: 2890.655 Thread 0x000000001eed7800 Exception <a 'sun/nio/fs/WindowsException'> (0x00000000e85f7948) thrown at [C:\re\workspace\8-2-build-windows-amd64-cygwin\jdk8u221\13320\hotspot\src\share\vm\prims\jni.cpp, line 710]
Event: 2890.663 Thread 0x000000001eed7800 Exception <a 'sun/nio/fs/WindowsException'> (0x00000000e86846b8) thrown at [C:\re\workspace\8-2-build-windows-amd64-cygwin\jdk8u221\13320\hotspot\src\share\vm\prims\jni.cpp, line 710]
Event: 2891.227 Thread 0x000000001d7cc800 Exception <a 'java/lang/OutOfMemoryError'> (0x00000000d7778980) thrown at [C:\re\workspace\8-2-build-windows-amd64-cygwin\jdk8u221\13320\hotspot\src\share\vm\prims\jni.cpp, line 736]
Event: 2891.229 Thread 0x000000001d7cb000 Exception <a 'java/lang/OutOfMemoryError'> (0x00000000d793de38) thrown at [C:\re\workspace\8-2-build-windows-amd64-cygwin\jdk8u221\13320\hotspot\src\share\vm\prims\jni.cpp, line 736]
Event: 2891.229 Thread 0x000000001d7ca000 Exception <a 'java/lang/OutOfMemoryError'> (0x00000000d78e63e0) thrown at [C:\re\workspace\8-2-build-windows-amd64-cygwin\jdk8u221\13320\hotspot\src\share\vm\prims\jni.cpp, line 736]

Events (10 events):
Event: 2891.236 loading class org/gradle/internal/Try
Event: 2891.236 loading class org/gradle/internal/Try done
Event: 2891.237 loading class org/gradle/internal/execution/Result
Event: 2891.237 loading class org/gradle/internal/Try
Event: 2891.237 loading class org/gradle/internal/execution/Result done
Event: 2891.237 loading class org/gradle/internal/Try done
Event: 2891.237 loading class org/gradle/internal/execution/Result
Event: 2891.237 loading class org/gradle/internal/execution/Result done
Event: 2891.237 loading class org/gradle/internal/execution/Result
Event: 2891.237 loading class org/gradle/internal/execution/Result done


Dynamic libraries:
0x00007ff670eb0000 - 0x00007ff670ee7000 	C:\Program Files\Java\jdk1.8.0_221\bin\java.exe
0x00007ff95f6c0000 - 0x00007ff95f8b0000 	C:\WINDOWS\SYSTEM32\ntdll.dll
0x00007ff9320a0000 - 0x00007ff9320b2000 	C:\Program Files\AVAST Software\Avast\aswhook.dll
0x00007ff95eec0000 - 0x00007ff95ef72000 	C:\WINDOWS\System32\KERNEL32.DLL
0x00007ff95d2a0000 - 0x00007ff95d545000 	C:\WINDOWS\System32\KERNELBASE.dll
0x00007ff95f140000 - 0x00007ff95f1e3000 	C:\WINDOWS\System32\ADVAPI32.dll
0x00007ff95efb0000 - 0x00007ff95f04e000 	C:\WINDOWS\System32\msvcrt.dll
0x00007ff95f250000 - 0x00007ff95f2e7000 	C:\WINDOWS\System32\sechost.dll
0x00007ff95eb20000 - 0x00007ff95ec40000 	C:\WINDOWS\System32\RPCRT4.dll
0x00007ff95f2f0000 - 0x00007ff95f484000 	C:\WINDOWS\System32\USER32.dll
0x00007ff95d1c0000 - 0x00007ff95d1e1000 	C:\WINDOWS\System32\win32u.dll
0x00007ff95ef80000 - 0x00007ff95efa6000 	C:\WINDOWS\System32\GDI32.dll
0x00007ff95d5d0000 - 0x00007ff95d766000 	C:\WINDOWS\System32\gdi32full.dll
0x00007ff95cf10000 - 0x00007ff95cfae000 	C:\WINDOWS\System32\msvcp_win.dll
0x00007ff95cfb0000 - 0x00007ff95d0aa000 	C:\WINDOWS\System32\ucrtbase.dll
0x00007ff94d530000 - 0x00007ff94d7b4000 	C:\WINDOWS\WinSxS\amd64_microsoft.windows.common-controls_6595b64144ccf1df_6.0.18362.1256_none_9e7e379be45e40e2\COMCTL32.dll
0x00007ff95e7e0000 - 0x00007ff95eb16000 	C:\WINDOWS\System32\combase.dll
0x00007ff95d0b0000 - 0x00007ff95d131000 	C:\WINDOWS\System32\bcryptPrimitives.dll
0x00007ff95e510000 - 0x00007ff95e53e000 	C:\WINDOWS\System32\IMM32.DLL
0x000000005a1b0000 - 0x000000005a282000 	C:\Program Files\Java\jdk1.8.0_221\jre\bin\msvcr100.dll
0x0000000058a40000 - 0x00000000592e5000 	C:\Program Files\Java\jdk1.8.0_221\jre\bin\server\jvm.dll
0x00007ff95e500000 - 0x00007ff95e508000 	C:\WINDOWS\System32\PSAPI.DLL
0x00007ff94ade0000 - 0x00007ff94ade9000 	C:\WINDOWS\SYSTEM32\WSOCK32.dll
0x00007ff95ed80000 - 0x00007ff95edef000 	C:\WINDOWS\System32\WS2_32.dll
0x00007ff9573d0000 - 0x00007ff9573f4000 	C:\WINDOWS\SYSTEM32\WINMM.dll
0x00007ff955bd0000 - 0x00007ff955bda000 	C:\WINDOWS\SYSTEM32\VERSION.dll
0x00007ff9573a0000 - 0x00007ff9573cd000 	C:\WINDOWS\SYSTEM32\WINMMBASE.dll
0x00007ff95d580000 - 0x00007ff95d5ca000 	C:\WINDOWS\System32\cfgmgr32.dll
0x00007ff956b60000 - 0x00007ff956b6f000 	C:\Program Files\Java\jdk1.8.0_221\jre\bin\verify.dll
0x00007ff9384a0000 - 0x00007ff9384c9000 	C:\Program Files\Java\jdk1.8.0_221\jre\bin\java.dll
0x00007ff93e960000 - 0x00007ff93e976000 	C:\Program Files\Java\jdk1.8.0_221\jre\bin\zip.dll
0x00007ff95d770000 - 0x00007ff95de57000 	C:\WINDOWS\System32\SHELL32.dll
0x00007ff95e680000 - 0x00007ff95e729000 	C:\WINDOWS\System32\shcore.dll
0x00007ff95c630000 - 0x00007ff95cdb1000 	C:\WINDOWS\System32\windows.storage.dll
0x00007ff95c5b0000 - 0x00007ff95c5d3000 	C:\WINDOWS\System32\profapi.dll
0x00007ff95c5e0000 - 0x00007ff95c62a000 	C:\WINDOWS\System32\powrprof.dll
0x00007ff95c560000 - 0x00007ff95c570000 	C:\WINDOWS\System32\UMPDC.dll
0x00007ff95f0e0000 - 0x00007ff95f132000 	C:\WINDOWS\System32\shlwapi.dll
0x00007ff95c570000 - 0x00007ff95c581000 	C:\WINDOWS\System32\kernel.appcore.dll
0x00007ff95d1a0000 - 0x00007ff95d1b7000 	C:\WINDOWS\System32\cryptsp.dll
0x00007ff94b2b0000 - 0x00007ff94b2ca000 	C:\Program Files\Java\jdk1.8.0_221\jre\bin\net.dll
0x00007ff944f00000 - 0x00007ff9450d6000 	C:\WINDOWS\SYSTEM32\urlmon.dll
0x00007ff944b50000 - 0x00007ff944df7000 	C:\WINDOWS\SYSTEM32\iertutil.dll
0x00007ff95bf80000 - 0x00007ff95bf8c000 	C:\WINDOWS\SYSTEM32\CRYPTBASE.DLL
0x00007ff95bdb0000 - 0x00007ff95be17000 	C:\WINDOWS\system32\mswsock.dll
0x00007ff938480000 - 0x00007ff938492000 	C:\Program Files\Java\jdk1.8.0_221\jre\bin\nio.dll
0x00007ff945f60000 - 0x00007ff945f87000 	C:\Users\Sseokkoo\.gradle\native\f6784746aeab05261644944871eae4fe03e0ef1612fff0a4a95f87b438bc6780\windows-amd64\native-platform.dll
0x00007ff956ae0000 - 0x00007ff956aed000 	C:\Program Files\Java\jdk1.8.0_221\jre\bin\management.dll
0x00007ff95b920000 - 0x00007ff95b953000 	C:\WINDOWS\system32\rsaenh.dll
0x00007ff95d550000 - 0x00007ff95d576000 	C:\WINDOWS\System32\bcrypt.dll
0x00007ff95c480000 - 0x00007ff95c4a5000 	C:\WINDOWS\SYSTEM32\USERENV.dll
0x00007ff95bac0000 - 0x00007ff95bafa000 	C:\WINDOWS\SYSTEM32\IPHLPAPI.DLL
0x00007ff95f510000 - 0x00007ff95f518000 	C:\WINDOWS\System32\NSI.dll
0x00007ff954990000 - 0x00007ff9549a6000 	C:\WINDOWS\SYSTEM32\dhcpcsvc6.DLL
0x00007ff954d00000 - 0x00007ff954d1c000 	C:\WINDOWS\SYSTEM32\dhcpcsvc.DLL
0x00007ff95bb00000 - 0x00007ff95bbcb000 	C:\WINDOWS\SYSTEM32\DNSAPI.dll
0x00007ff955c60000 - 0x00007ff955c6b000 	C:\WINDOWS\SYSTEM32\WINNSI.DLL
0x00007ff94ce60000 - 0x00007ff94ce84000 	C:\Program Files\Java\jdk1.8.0_221\jre\bin\sunec.dll
0x00007ff956c10000 - 0x00007ff956c1b000 	C:\Program Files\Java\jdk1.8.0_221\jre\bin\sunmscapi.dll
0x00007ff95cdc0000 - 0x00007ff95cf09000 	C:\WINDOWS\System32\CRYPT32.dll
0x00007ff95c590000 - 0x00007ff95c5a2000 	C:\WINDOWS\System32\MSASN1.dll
0x00007ff94cc90000 - 0x00007ff94cc9a000 	C:\Windows\System32\rasadhlp.dll
0x00007ff953730000 - 0x00007ff9537a7000 	C:\WINDOWS\System32\fwpuclnt.dll
0x00007ff95b6b0000 - 0x00007ff95b6e1000 	C:\WINDOWS\SYSTEM32\ntmarta.dll

VM Arguments:
jvm_args: -Xmx2048m -Dfile.encoding=UTF-8 -Duser.country=KR -Duser.language=ko -Duser.variant 
java_command: org.gradle.launcher.daemon.bootstrap.GradleDaemon 6.5
java_class_path (initial): C:\Users\Sseokkoo\.gradle\wrapper\dists\gradle-6.5-bin\6nifqtx7604sqp1q6g8wikw7p\gradle-6.5\lib\gradle-launcher-6.5.jar
Launcher Type: SUN_STANDARD

Environment Variables:
JAVA_HOME=C:\Program Files\Java\jdk-12.0.1
CLASSPATH=C:\Program Files\Java\jdk-12.0.1\lib
PATH=C:\Program Files (x86)\Common Files\Oracle\Java\javapath;C:\Program Files (x86)\Intel\iCLS Client\;C:\Program Files\Intel\iCLS Client\;C:\Windows\system32;C:\Windows;C:\Windows\System32\Wbem;C:\Windows\System32\WindowsPowerShell\v1.0\;C:\Windows\System32\OpenSSH\;C:\Program Files (x86)\Intel\Intel(R) Management Engine Components\DAL;C:\Program Files\Intel\Intel(R) Management Engine Components\DAL;C:\Program Files (x86)\Intel\Intel(R) Management Engine Components\IPT;C:\Program Files\Intel\Intel(R) Management Engine Components\IPT;C:\Program Files (x86)\NVIDIA Corporation\PhysX\Common;C:\Program Files\Intel\WiFi\bin\;C:\Program Files\Common Files\Intel\WirelessCommon\;C:\AutoSet10\Server\conf\;C:\AutoSet10\Server\bin\;C:\Program Files\Git\cmd;C:\ProgramData\ComposerSetup\bin;C:\Program Files\MySQL\MySQL Server 8.0\bin;?C:\Program Files\nodejs\node.exe;C:\Program Files (x86)\GtkSharp\2.12\bin;%SystemRoot%\system32;%SystemRoot%;%SystemRoot%\System32\Wbem;%SYSTEMROOT%\System32\WindowsPowerShell\v1.0\;%SYSTEMROOT%\System32\OpenSSH\;C:\Users\Sseokkoo\AppData\Local\Microsoft\WindowsApps;C:\Program Files\Intel\WiFi\bin\;C:\Program Files\Common Files\Intel\WirelessCommon\;C:\Program Files\JetBrains\IntelliJ IDEA Community Edition 2019.1.2\bin;;C:\Program Files\Java\jdk-12.0.1\bin;C:\PHP;C:\Users\Sseokkoo\AppData\Roaming\Composer\vendor\bin;C:\Program Files\MySQL\MySQL Server 8.0\bin;C:\Users\Sseokkoo\AppData\Roaming\npm;C:\Program Files\nodejs;C:\Users\Sseokkoo\AppData\Local\Programs\Microsoft VS Code\bin
USERNAME=Sseokkoo
OS=Windows_NT
PROCESSOR_IDENTIFIER=Intel64 Family 6 Model 142 Stepping 9, GenuineIntel



---------------  S Y S T E M  ---------------

OS: Windows 10.0 , 64 bit Build 18362 (10.0.18362.1110)

CPU:total 4 (initial active 4) (2 cores per cpu, 2 threads per core) family 6 model 142 stepping 9, cmov, cx8, fxsr, mmx, sse, sse2, sse3, ssse3, sse4.1, sse4.2, popcnt, avx, avx2, aes, clmul, erms, 3dnowpref, lzcnt, ht, tsc, tscinvbit, bmi1, bmi2, adx

Memory: 4k page, physical 8268916k(1161800k free), swap 8268916k(5244k free)

vm_info: Java HotSpot(TM) 64-Bit Server VM (25.221-b11) for windows-amd64 JRE (1.8.0_221-b11), built on Jul  4 2019 04:39:29 by "java_re" with MS VC++ 10.0 (VS2010)

time: Thu Jan 07 22:51:26 2021
timezone: 대한민국 표준시
elapsed time: 2891 seconds (0d 0h 48m 11s)

