#
# There is insufficient memory for the Java Runtime Environment to continue.
# Native memory allocation (malloc) failed to allocate 32744 bytes for ChunkPool::allocate
# Possible reasons:
#   The system is out of physical RAM or swap space
#   The process is running with CompressedOops enabled, and the Java Heap may be blocking the growth of the native heap
# Possible solutions:
#   Reduce memory load on the system
#   Increase physical memory or swap space
#   Check if swap backing store is full
#   Decrease Java heap size (-Xmx/-Xms)
#   Decrease number of Java threads
#   Decrease Java thread stack sizes (-Xss)
#   Set larger code cache with -XX:ReservedCodeCacheSize=
#   JVM is running with Unscaled Compressed Oops mode in which the Java heap is
#     placed in the first 4GB address space. The Java Heap base address is the
#     maximum limit for the native heap growth. Please use -XX:HeapBaseMinAddress
#     to set the Java Heap base and to place the Java Heap above 4GB virtual address.
# This output file may be truncated or incomplete.
#
#  Out of Memory Error (allocation.cpp:272), pid=12308, tid=0x000000000000167c
#
# JRE version: Java(TM) SE Runtime Environment (8.0_221-b11) (build 1.8.0_221-b11)
# Java VM: Java HotSpot(TM) 64-Bit Server VM (25.221-b11 mixed mode windows-amd64 compressed oops)
# Failed to write core dump. Minidumps are not enabled by default on client versions of Windows
#

---------------  T H R E A D  ---------------

Current thread (0x0000000018c3c800):  JavaThread "C1 CompilerThread2" daemon [_thread_in_vm, id=5756, stack(0x0000000019410000,0x0000000019510000)]

Stack: [0x0000000019410000,0x0000000019510000]
[error occurred during error reporting (printing stack bounds), id 0xc0000005]

Native frames: (J=compiled Java code, j=interpreted, Vv=VM code, C=native code)


---------------  P R O C E S S  ---------------

Java Threads: ( => current thread )
  0x0000000030c21000 JavaThread "ForkJoinPool-2-worker-0" daemon [_thread_blocked, id=12416, stack(0x0000000031880000,0x0000000031980000)]
  0x0000000030c20800 JavaThread "ForkJoinPool-2-worker-3" daemon [_thread_blocked, id=19068, stack(0x0000000031780000,0x0000000031880000)]
  0x0000000030c1e000 JavaThread "ForkJoinPool-2-worker-2" daemon [_thread_blocked, id=2976, stack(0x0000000031680000,0x0000000031780000)]
  0x0000000030c1c000 JavaThread "ForkJoinPool-2-worker-1" daemon [_thread_blocked, id=8968, stack(0x0000000031580000,0x0000000031680000)]
  0x0000000030c22800 JavaThread "WorkerExecutor Queue Thread 5" [_thread_blocked, id=18856, stack(0x0000000031480000,0x0000000031580000)]
  0x0000000030c1d800 JavaThread "WorkerExecutor Queue Thread 4" [_thread_blocked, id=16268, stack(0x0000000031380000,0x0000000031480000)]
  0x0000000030c22000 JavaThread "WorkerExecutor Queue Thread 3" [_thread_blocked, id=8556, stack(0x0000000031280000,0x0000000031380000)]
  0x0000000030c1c800 JavaThread "WorkerExecutor Queue Thread 2" [_thread_blocked, id=8240, stack(0x000000002ed20000,0x000000002ee20000)]
  0x0000000030c1f000 JavaThread "WorkerExecutor Queue" [_thread_in_Java, id=19164, stack(0x000000002ea10000,0x000000002eb10000)]
  0x000000001b575800 JavaThread "Cache worker for execution history cache (C:\Users\Sseokkoo\StudioProjects\AndroidStudy04\.gradle\6.5\executionHistory)" [_thread_blocked, id=15964, stack(0x000000002d130000,0x000000002d230000)]
  0x000000001b577000 JavaThread "Execution worker for ':' Thread 3" [_thread_blocked, id=11884, stack(0x000000002d030000,0x000000002d130000)]
  0x000000001b576800 JavaThread "Execution worker for ':' Thread 2" [_thread_blocked, id=7672, stack(0x000000002cf30000,0x000000002d030000)]
  0x000000001b56f000 JavaThread "Execution worker for ':'" [_thread_blocked, id=7760, stack(0x000000002ce30000,0x000000002cf30000)]
  0x000000001b575000 JavaThread "Cache worker for file content cache (C:\Users\Sseokkoo\StudioProjects\AndroidStudy04\.gradle\6.5\fileContent)" [_thread_blocked, id=564, stack(0x000000002c8d0000,0x000000002c9d0000)]
  0x000000001b569000 JavaThread "Cache worker for Build Output Cleanup Cache (C:\Users\Sseokkoo\StudioProjects\AndroidStudy04\.gradle\buildOutputCleanup)" [_thread_blocked, id=2432, stack(0x000000002c380000,0x000000002c480000)]
  0x000000001e57d800 JavaThread "Build operations Thread 4" [_thread_blocked, id=13872, stack(0x000000002a970000,0x000000002aa70000)]
  0x000000001e57c800 JavaThread "Build operations Thread 3" [_thread_blocked, id=10908, stack(0x0000000024300000,0x0000000024400000)]
  0x000000001e579800 JavaThread "Build operations Thread 2" [_thread_blocked, id=18024, stack(0x0000000024200000,0x0000000024300000)]
  0x000000001e57b000 JavaThread "Build operations" [_thread_blocked, id=18388, stack(0x0000000024100000,0x0000000024200000)]
  0x000000001e57c000 JavaThread "Cache worker for cache directory md-rule (C:\Users\Sseokkoo\.gradle\caches\6.5\md-rule)" [_thread_blocked, id=8140, stack(0x0000000024000000,0x0000000024100000)]
  0x000000001e579000 JavaThread "Cache worker for cache directory md-supplier (C:\Users\Sseokkoo\.gradle\caches\6.5\md-supplier)" [_thread_blocked, id=16272, stack(0x0000000023090000,0x0000000023190000)]
  0x000000001e576800 JavaThread "Cache worker for checksums cache (C:\Users\Sseokkoo\StudioProjects\AndroidStudy04\.gradle\checksums)" [_thread_blocked, id=18848, stack(0x0000000022790000,0x0000000022890000)]
  0x000000001e57a800 JavaThread "Cache worker for file hash cache (C:\Users\Sseokkoo\StudioProjects\AndroidStudy04\.gradle\6.5\fileHashes)" [_thread_blocked, id=6520, stack(0x0000000022690000,0x0000000022790000)]
  0x000000001e56f000 JavaThread "Thread-124" [_thread_blocked, id=18656, stack(0x0000000022590000,0x0000000022690000)]
  0x000000001e573800 JavaThread "Stdin handler" [_thread_blocked, id=7912, stack(0x0000000020d90000,0x0000000020e90000)]
  0x000000001e571800 JavaThread "Asynchronous log dispatcher for DefaultDaemonConnection: socket connection from /127.0.0.1:52360 to /127.0.0.1:52372" [_thread_blocked, id=19028, stack(0x000000001cc90000,0x000000001cd90000)]
  0x000000001e570000 JavaThread "Cancel handler" [_thread_blocked, id=19448, stack(0x000000001ca90000,0x000000001cb90000)]
  0x000000001e576000 JavaThread "Handler for socket connection from /127.0.0.1:52360 to /127.0.0.1:52372" [_thread_in_native, id=17908, stack(0x000000001c990000,0x000000001ca90000)]
  0x000000001e575000 JavaThread "Memory manager" [_thread_blocked, id=18620, stack(0x000000002a870000,0x000000002a970000)]
  0x000000001e56e800 JavaThread "jar transforms Thread 92" [_thread_blocked, id=18124, stack(0x00000000284a0000,0x00000000285a0000)]
  0x000000001e570800 JavaThread "jar transforms Thread 91" [_thread_blocked, id=18884, stack(0x00000000283a0000,0x00000000284a0000)]
  0x000000001afba800 JavaThread "jar transforms Thread 90" [_thread_blocked, id=9688, stack(0x00000000282a0000,0x00000000283a0000)]
  0x000000001afbb800 JavaThread "jar transforms Thread 89" [_thread_blocked, id=10044, stack(0x00000000281a0000,0x00000000282a0000)]
  0x000000001afba000 JavaThread "jar transforms Thread 88" [_thread_blocked, id=17576, stack(0x00000000280a0000,0x00000000281a0000)]
  0x000000001afb9000 JavaThread "jar transforms Thread 87" [_thread_blocked, id=18924, stack(0x0000000027fa0000,0x00000000280a0000)]
  0x000000001afb1800 JavaThread "jar transforms Thread 86" [_thread_blocked, id=1632, stack(0x0000000027ea0000,0x0000000027fa0000)]
  0x000000001afb7000 JavaThread "jar transforms Thread 85" [_thread_blocked, id=19284, stack(0x0000000027da0000,0x0000000027ea0000)]
  0x000000001afb8800 JavaThread "jar transforms Thread 84" [_thread_blocked, id=18672, stack(0x0000000027ca0000,0x0000000027da0000)]
  0x000000001afb7800 JavaThread "jar transforms Thread 83" [_thread_blocked, id=14748, stack(0x0000000027ba0000,0x0000000027ca0000)]
  0x000000001afb6000 JavaThread "jar transforms Thread 82" [_thread_blocked, id=18808, stack(0x0000000027aa0000,0x0000000027ba0000)]
  0x000000001afb5800 JavaThread "jar transforms Thread 81" [_thread_blocked, id=15612, stack(0x00000000279a0000,0x0000000027aa0000)]
  0x000000001afae000 JavaThread "jar transforms Thread 80" [_thread_blocked, id=19024, stack(0x00000000278a0000,0x00000000279a0000)]
  0x000000001afb4800 JavaThread "jar transforms Thread 79" [_thread_blocked, id=6140, stack(0x00000000277a0000,0x00000000278a0000)]
  0x000000001afb2800 JavaThread "jar transforms Thread 78" [_thread_blocked, id=3176, stack(0x00000000276a0000,0x00000000277a0000)]
  0x000000001afad000 JavaThread "jar transforms Thread 77" [_thread_blocked, id=15420, stack(0x00000000275a0000,0x00000000276a0000)]
  0x000000001afb4000 JavaThread "jar transforms Thread 76" [_thread_blocked, id=9252, stack(0x00000000274a0000,0x00000000275a0000)]
  0x000000001afb0000 JavaThread "jar transforms Thread 75" [_thread_blocked, id=19348, stack(0x00000000273a0000,0x00000000274a0000)]
  0x000000001afb3000 JavaThread "jar transforms Thread 74" [_thread_blocked, id=14520, stack(0x00000000272a0000,0x00000000273a0000)]
  0x000000001afae800 JavaThread "jar transforms Thread 73" [_thread_blocked, id=4832, stack(0x00000000271a0000,0x00000000272a0000)]
  0x000000001afaf800 JavaThread "jar transforms Thread 72" [_thread_blocked, id=19232, stack(0x00000000270a0000,0x00000000271a0000)]
  0x000000001afb1000 JavaThread "jar transforms Thread 71" [_thread_blocked, id=10040, stack(0x0000000026fa0000,0x00000000270a0000)]
  0x000000001afac800 JavaThread "jar transforms Thread 70" [_thread_blocked, id=18828, stack(0x0000000026ea0000,0x0000000026fa0000)]
  0x000000001f626000 JavaThread "jar transforms Thread 69" [_thread_blocked, id=12244, stack(0x0000000026da0000,0x0000000026ea0000)]
  0x000000001f62d000 JavaThread "jar transforms Thread 68" [_thread_blocked, id=16076, stack(0x0000000026ca0000,0x0000000026da0000)]
  0x000000001f62c000 JavaThread "jar transforms Thread 67" [_thread_blocked, id=13980, stack(0x0000000026ba0000,0x0000000026ca0000)]
  0x000000001f62b800 JavaThread "jar transforms Thread 66" [_thread_blocked, id=16804, stack(0x0000000026aa0000,0x0000000026ba0000)]
  0x000000001f62a800 JavaThread "jar transforms Thread 65" [_thread_blocked, id=10332, stack(0x00000000269a0000,0x0000000026aa0000)]
  0x000000001f629000 JavaThread "jar transforms Thread 64" [_thread_blocked, id=6460, stack(0x00000000268a0000,0x00000000269a0000)]
  0x000000001f625800 JavaThread "jar transforms Thread 63" [_thread_blocked, id=18928, stack(0x00000000267a0000,0x00000000268a0000)]
  0x000000001f628800 JavaThread "jar transforms Thread 62" [_thread_blocked, id=7440, stack(0x00000000266a0000,0x00000000267a0000)]
  0x000000001f627800 JavaThread "jar transforms Thread 61" [_thread_blocked, id=12396, stack(0x00000000265a0000,0x00000000266a0000)]
  0x000000001f62a000 JavaThread "jar transforms Thread 60" [_thread_blocked, id=16492, stack(0x00000000264a0000,0x00000000265a0000)]
  0x000000001f627000 JavaThread "jar transforms Thread 59" [_thread_blocked, id=15912, stack(0x00000000263a0000,0x00000000264a0000)]
  0x000000001f61e000 JavaThread "jar transforms Thread 58" [_thread_blocked, id=12512, stack(0x00000000262a0000,0x00000000263a0000)]
  0x000000001f624800 JavaThread "jar transforms Thread 57" [_thread_blocked, id=19384, stack(0x00000000261a0000,0x00000000262a0000)]
  0x000000001f624000 JavaThread "jar transforms Thread 56" [_thread_blocked, id=17344, stack(0x00000000260a0000,0x00000000261a0000)]
  0x000000001f61e800 JavaThread "jar transforms Thread 55" [_thread_blocked, id=19228, stack(0x0000000025fa0000,0x00000000260a0000)]
  0x000000001f623000 JavaThread "jar transforms Thread 54" [_thread_blocked, id=2392, stack(0x0000000025ea0000,0x0000000025fa0000)]
  0x000000001f621800 JavaThread "jar transforms Thread 53" [_thread_blocked, id=1932, stack(0x0000000025da0000,0x0000000025ea0000)]
  0x000000001f622800 JavaThread "jar transforms Thread 52" [_thread_blocked, id=18960, stack(0x0000000025ca0000,0x0000000025da0000)]
  0x000000001f621000 JavaThread "jar transforms Thread 51" [_thread_blocked, id=9000, stack(0x0000000025ba0000,0x0000000025ca0000)]
  0x000000001f620000 JavaThread "jar transforms Thread 50" [_thread_blocked, id=10736, stack(0x0000000025aa0000,0x0000000025ba0000)]
  0x000000001f61f800 JavaThread "jar transforms Thread 49" [_thread_blocked, id=4200, stack(0x00000000259a0000,0x0000000025aa0000)]
  0x000000001e20d000 JavaThread "jar transforms Thread 48" [_thread_blocked, id=4260, stack(0x00000000258a0000,0x00000000259a0000)]
  0x000000001e20c800 JavaThread "jar transforms Thread 47" [_thread_blocked, id=16276, stack(0x00000000257a0000,0x00000000258a0000)]
  0x000000001e20b800 JavaThread "jar transforms Thread 46" [_thread_blocked, id=16840, stack(0x00000000256a0000,0x00000000257a0000)]
  0x000000001e207000 JavaThread "jar transforms Thread 45" [_thread_blocked, id=11496, stack(0x00000000255a0000,0x00000000256a0000)]
  0x000000001e205800 JavaThread "jar transforms Thread 44" [_thread_blocked, id=1288, stack(0x00000000254a0000,0x00000000255a0000)]
  0x000000001e20a000 JavaThread "jar transforms Thread 43" [_thread_blocked, id=18140, stack(0x00000000253a0000,0x00000000254a0000)]
  0x000000001e206800 JavaThread "jar transforms Thread 42" [_thread_blocked, id=9820, stack(0x00000000252a0000,0x00000000253a0000)]
  0x000000001e20b000 JavaThread "jar transforms Thread 41" [_thread_blocked, id=7896, stack(0x00000000251a0000,0x00000000252a0000)]
  0x000000001e208800 JavaThread "jar transforms Thread 40" [_thread_blocked, id=10064, stack(0x00000000250a0000,0x00000000251a0000)]
  0x000000001e208000 JavaThread "jar transforms Thread 39" [_thread_blocked, id=15316, stack(0x0000000024fa0000,0x00000000250a0000)]
  0x000000001e209800 JavaThread "jar transforms Thread 38" [_thread_blocked, id=11480, stack(0x0000000024ea0000,0x0000000024fa0000)]
  0x000000001e1fe000 JavaThread "jar transforms Thread 37" [_thread_blocked, id=2912, stack(0x0000000024da0000,0x0000000024ea0000)]
  0x000000001e202800 JavaThread "jar transforms Thread 36" [_thread_blocked, id=1428, stack(0x0000000024ca0000,0x0000000024da0000)]
  0x000000001e201000 JavaThread "jar transforms Thread 35" [_thread_blocked, id=4548, stack(0x0000000024ba0000,0x0000000024ca0000)]
  0x000000001e1fe800 JavaThread "jar transforms Thread 34" [_thread_blocked, id=16512, stack(0x0000000024aa0000,0x0000000024ba0000)]
  0x000000001e200000 JavaThread "jar transforms Thread 33" [_thread_blocked, id=12624, stack(0x00000000249a0000,0x0000000024aa0000)]
  0x000000001e204800 JavaThread "jar transforms Thread 32" [_thread_blocked, id=19392, stack(0x00000000248a0000,0x00000000249a0000)]
  0x000000001e203000 JavaThread "jar transforms Thread 31" [_thread_blocked, id=2696, stack(0x00000000247a0000,0x00000000248a0000)]
  0x000000001e204000 JavaThread "jar transforms Thread 30" [_thread_blocked, id=19388, stack(0x00000000246a0000,0x00000000247a0000)]
  0x000000001e1ff800 JavaThread "jar transforms Thread 29" [_thread_blocked, id=17864, stack(0x00000000245a0000,0x00000000246a0000)]
  0x000000001e201800 JavaThread "jar transforms Thread 28" [_thread_blocked, id=6580, stack(0x00000000244a0000,0x00000000245a0000)]
  0x000000001b573800 JavaThread "jar transforms Thread 27" [_thread_blocked, id=16548, stack(0x0000000023f00000,0x0000000024000000)]
  0x000000001b574000 JavaThread "jar transforms Thread 26" [_thread_blocked, id=1728, stack(0x0000000023e00000,0x0000000023f00000)]
  0x000000001b572000 JavaThread "Cache worker for file content cache (C:\Users\Sseokkoo\.gradle\caches\6.5\fileContent)" [_thread_blocked, id=15680, stack(0x0000000022f90000,0x0000000023090000)]
  0x000000001b571000 JavaThread "Cache worker for execution history cache (C:\Users\Sseokkoo\.gradle\caches\6.5\executionHistory)" [_thread_blocked, id=18980, stack(0x0000000022a90000,0x0000000022b90000)]
  0x000000001b56a800 JavaThread "jar transforms Thread 25" [_thread_blocked, id=1188, stack(0x0000000022290000,0x0000000022390000)]
  0x000000001b56c000 JavaThread "jar transforms Thread 24" [_thread_blocked, id=16540, stack(0x0000000022190000,0x0000000022290000)]
  0x000000001b569800 JavaThread "jar transforms Thread 23" [_thread_blocked, id=17564, stack(0x0000000022090000,0x0000000022190000)]
  0x000000001b56b000 JavaThread "jar transforms Thread 22" [_thread_blocked, id=8504, stack(0x0000000021f90000,0x0000000022090000)]
  0x000000001b56f800 JavaThread "jar transforms Thread 21" [_thread_blocked, id=9848, stack(0x0000000021e90000,0x0000000021f90000)]
  0x000000001b56d800 JavaThread "jar transforms Thread 20" [_thread_blocked, id=18396, stack(0x0000000021d90000,0x0000000021e90000)]
  0x000000001b56e000 JavaThread "jar transforms Thread 19" [_thread_blocked, id=15368, stack(0x0000000021c90000,0x0000000021d90000)]
  0x000000001b5bb800 JavaThread "jar transforms Thread 18" [_thread_blocked, id=19080, stack(0x0000000021b90000,0x0000000021c90000)]
  0x000000001b5ba800 JavaThread "jar transforms Thread 17" [_thread_blocked, id=14444, stack(0x0000000021a90000,0x0000000021b90000)]
  0x000000001b5ba000 JavaThread "jar transforms Thread 16" [_thread_blocked, id=19096, stack(0x0000000021990000,0x0000000021a90000)]
  0x000000001b5b2800 JavaThread "jar transforms Thread 15" [_thread_blocked, id=18880, stack(0x0000000021890000,0x0000000021990000)]
  0x000000001b5b9000 JavaThread "jar transforms Thread 14" [_thread_blocked, id=6656, stack(0x0000000021790000,0x0000000021890000)]
  0x000000001b5b8800 JavaThread "jar transforms Thread 13" [_thread_blocked, id=2120, stack(0x0000000021690000,0x0000000021790000)]
  0x000000001b5b1000 JavaThread "jar transforms Thread 12" [_thread_blocked, id=1644, stack(0x0000000021590000,0x0000000021690000)]
  0x000000001b5b7000 JavaThread "jar transforms Thread 11" [_thread_blocked, id=17080, stack(0x0000000021490000,0x0000000021590000)]
  0x000000001b5b6000 JavaThread "jar transforms Thread 10" [_thread_blocked, id=6560, stack(0x0000000021390000,0x0000000021490000)]
  0x000000001b5b4800 JavaThread "jar transforms Thread 9" [_thread_blocked, id=9824, stack(0x0000000021290000,0x0000000021390000)]
  0x000000001b5b7800 JavaThread "jar transforms Thread 8" [_thread_blocked, id=9964, stack(0x0000000021190000,0x0000000021290000)]
  0x000000001b5b5800 JavaThread "jar transforms Thread 7" [_thread_blocked, id=19064, stack(0x0000000021090000,0x0000000021190000)]
  0x000000001b5b4000 JavaThread "jar transforms Thread 6" [_thread_blocked, id=16536, stack(0x0000000020f90000,0x0000000021090000)]
  0x000000001b5ad000 JavaThread "jar transforms Thread 5" [_thread_blocked, id=12604, stack(0x0000000020e90000,0x0000000020f90000)]
  0x000000001b5b3000 JavaThread "jar transforms Thread 4" [_thread_blocked, id=8024, stack(0x000000001fa30000,0x000000001fb30000)]
  0x000000001b5b0000 JavaThread "jar transforms Thread 3" [_thread_blocked, id=15048, stack(0x000000001f930000,0x000000001fa30000)]
  0x000000001b5af800 JavaThread "jar transforms Thread 2" [_thread_blocked, id=4708, stack(0x000000001f830000,0x000000001f930000)]
  0x000000001b5ae800 JavaThread "jar transforms" [_thread_blocked, id=8404, stack(0x000000001f730000,0x000000001f830000)]
  0x000000001b5b1800 JavaThread "Cache worker for file hash cache (C:\Users\Sseokkoo\.gradle\caches\6.5\fileHashes)" [_thread_blocked, id=13608, stack(0x000000001d490000,0x000000001d590000)]
  0x000000001b5ac800 JavaThread "File lock request listener" [_thread_in_native, id=11476, stack(0x000000001d390000,0x000000001d490000)]
  0x000000001b38a000 JavaThread "Cache worker for journal cache (C:\Users\Sseokkoo\.gradle\caches\journal-1)" [_thread_blocked, id=9892, stack(0x000000001d190000,0x000000001d290000)]
  0x000000001b390000 JavaThread "Daemon worker" [_thread_blocked, id=13012, stack(0x000000001cb90000,0x000000001cc90000)]
  0x000000001b38e800 JavaThread "Daemon" [_thread_blocked, id=19256, stack(0x000000001c890000,0x000000001c990000)]
  0x000000001b38f800 JavaThread "Daemon periodic checks" [_thread_blocked, id=3408, stack(0x000000001c590000,0x000000001c690000)]
  0x000000001b38b800 JavaThread "Incoming local TCP Connector on port 52360" [_thread_in_native, id=8052, stack(0x000000001c3b0000,0x000000001c4b0000)]
  0x0000000019787800 JavaThread "Daemon health stats" [_thread_blocked, id=13864, stack(0x000000001c0b0000,0x000000001c1b0000)]
  0x0000000018ca1800 JavaThread "Service Thread" daemon [_thread_blocked, id=3236, stack(0x0000000019510000,0x0000000019610000)]
=>0x0000000018c3c800 JavaThread "C1 CompilerThread2" daemon [_thread_in_vm, id=5756, stack(0x0000000019410000,0x0000000019510000)]
  0x0000000018c21000 JavaThread "C2 CompilerThread1" daemon [_thread_in_native, id=17652, stack(0x0000000019310000,0x0000000019410000)]
  0x000000001783f800 JavaThread "C2 CompilerThread0" daemon [_thread_in_native, id=16688, stack(0x0000000019210000,0x0000000019310000)]
  0x0000000017827800 JavaThread "Attach Listener" daemon [_thread_blocked, id=18932, stack(0x0000000019110000,0x0000000019210000)]
  0x000000001788e800 JavaThread "Signal Dispatcher" daemon [_thread_blocked, id=14128, stack(0x0000000019010000,0x0000000019110000)]
  0x0000000002c0b000 JavaThread "Finalizer" daemon [_thread_blocked, id=6824, stack(0x0000000018a80000,0x0000000018b80000)]
  0x0000000002c02000 JavaThread "Reference Handler" daemon [_thread_blocked, id=19156, stack(0x0000000018980000,0x0000000018a80000)]
  0x0000000002b12800 JavaThread "main" [_thread_blocked, id=7548, stack(0x0000000002a10000,0x0000000002b10000)]

Other Threads:
  0x00000000177f7800 VMThread [stack: 0x0000000018880000,0x0000000018980000] [id=18640]
  0x0000000018cc0000 WatcherThread [stack: 0x0000000019610000,0x0000000019710000] [id=16284]

VM state:not at safepoint (normal execution)

VM Mutex/Monitor currently owned by a thread:  ([mutex/lock_event])
[0x0000000002b10c50] CompiledIC_lock - owner thread: 0x0000000018c3c800

heap address: 0x0000000080000000, size: 2048 MB, Compressed Oops mode: 32-bit
Narrow klass base: 0x0000000000000000, Narrow klass shift: 3
Compressed class space size: 1073741824 Address: 0x0000000100000000

Heap:
 PSYoungGen      total 336384K, used 220939K [0x00000000d5580000, 0x00000000ed680000, 0x0000000100000000)
  eden space 307200K, 71% used [0x00000000d5580000,0x00000000e2d42d28,0x00000000e8180000)
  from space 29184K, 0% used [0x00000000e8180000,0x00000000e8180000,0x00000000e9e00000)
  to   space 27648K, 0% used [0x00000000ebb80000,0x00000000ebb80000,0x00000000ed680000)
 ParOldGen       total 131072K, used 59884K [0x0000000080000000, 0x0000000088000000, 0x00000000d5580000)
  object space 131072K, 45% used [0x0000000080000000,0x0000000083a7b1e0,0x0000000088000000)
 Metaspace       used 94686K, capacity 99856K, committed 100136K, reserved 1136640K
  class space    used 12833K, capacity 13811K, committed 13864K, reserved 1048576K

Card table byte_map: [0x0000000011fd0000,0x00000000123e0000] byte_map_base: 0x0000000011bd0000

Marking Bits: (ParMarkBitMap*) 0x0000000059265ce0
 Begin Bits: [0x0000000012a90000, 0x0000000014a90000)
 End Bits:   [0x0000000014a90000, 0x0000000016a90000)

Polling page: 0x00000000009f0000

CodeCache: size=245760Kb used=43943Kb max_used=45260Kb free=201816Kb
 bounds [0x0000000002c10000, 0x00000000058d0000, 0x0000000011c10000]
 total_blobs=13845 nmethods=12983 adapters=768
 compilation: enabled

Compilation events (10 events):
Event: 47.401 Thread 0x0000000018c3c800 15307       2       org.gradle.api.internal.tasks.properties.AbstractValidatingProperty::cleanupValue (1 bytes)
Event: 47.401 Thread 0x0000000018c3c800 nmethod 15307 0x000000000375d5d0 code [0x000000000375d720, 0x000000000375d870]
Event: 47.402 Thread 0x0000000018c3c800 15309       1       com.google.common.cache.LocalCache$2::offer (2 bytes)
Event: 47.403 Thread 0x0000000018c3c800 nmethod 15309 0x0000000002e2d810 code [0x0000000002e2d960, 0x0000000002e2da70]
Event: 47.404 Thread 0x0000000018c3c800 15310       2       com.google.protobuf.UnknownFieldSet::getDefaultInstance (4 bytes)
Event: 47.404 Thread 0x0000000018c3c800 nmethod 15310 0x0000000004951150 code [0x00000000049512a0, 0x00000000049513d0]
Event: 47.405 Thread 0x0000000018c3c800 15312       2       com.android.tools.r8.graph.u::a (19 bytes)
Event: 47.406 Thread 0x0000000018c3c800 nmethod 15312 0x000000000391c490 code [0x000000000391c600, 0x000000000391c7c8]
Event: 47.407 Thread 0x0000000018c3c800 15313       2       com.android.tools.r8.graph.u::a (71 bytes)
Event: 47.407 Thread 0x0000000018c3c800 nmethod 15313 0x0000000004e0add0 code [0x0000000004e0af80, 0x0000000004e0b458]

GC Heap History (10 events):
Event: 36.409 GC heap before
{Heap before GC invocations=21 (full 3):
 PSYoungGen      total 279040K, used 250464K [0x00000000d5580000, 0x00000000ea500000, 0x0000000100000000)
  eden space 246272K, 100% used [0x00000000d5580000,0x00000000e4600000,0x00000000e4600000)
  from space 32768K, 12% used [0x00000000e4600000,0x00000000e4a18000,0x00000000e6600000)
  to   space 32768K, 0% used [0x00000000e8500000,0x00000000e8500000,0x00000000ea500000)
 ParOldGen       total 131072K, used 95893K [0x0000000080000000, 0x0000000088000000, 0x00000000d5580000)
  object space 131072K, 73% used [0x0000000080000000,0x0000000085da5550,0x0000000088000000)
 Metaspace       used 91915K, capacity 96522K, committed 96640K, reserved 1132544K
  class space    used 12461K, capacity 13332K, committed 13440K, reserved 1048576K
Event: 36.430 GC heap after
Heap after GC invocations=21 (full 3):
 PSYoungGen      total 303616K, used 7488K [0x00000000d5580000, 0x00000000ea080000, 0x0000000100000000)
  eden space 275456K, 0% used [0x00000000d5580000,0x00000000d5580000,0x00000000e6280000)
  from space 28160K, 26% used [0x00000000e8500000,0x00000000e8c50000,0x00000000ea080000)
  to   space 31744K, 0% used [0x00000000e6280000,0x00000000e6280000,0x00000000e8180000)
 ParOldGen       total 131072K, used 95901K [0x0000000080000000, 0x0000000088000000, 0x00000000d5580000)
  object space 131072K, 73% used [0x0000000080000000,0x0000000085da7550,0x0000000088000000)
 Metaspace       used 91915K, capacity 96522K, committed 96640K, reserved 1132544K
  class space    used 12461K, capacity 13332K, committed 13440K, reserved 1048576K
}
Event: 38.842 GC heap before
{Heap before GC invocations=22 (full 3):
 PSYoungGen      total 303616K, used 282944K [0x00000000d5580000, 0x00000000ea080000, 0x0000000100000000)
  eden space 275456K, 100% used [0x00000000d5580000,0x00000000e6280000,0x00000000e6280000)
  from space 28160K, 26% used [0x00000000e8500000,0x00000000e8c50000,0x00000000ea080000)
  to   space 31744K, 0% used [0x00000000e6280000,0x00000000e6280000,0x00000000e8180000)
 ParOldGen       total 131072K, used 95901K [0x0000000080000000, 0x0000000088000000, 0x00000000d5580000)
  object space 131072K, 73% used [0x0000000080000000,0x0000000085da7550,0x0000000088000000)
 Metaspace       used 91979K, capacity 96676K, committed 96896K, reserved 1132544K
  class space    used 12463K, capacity 13335K, committed 13440K, reserved 1048576K
Event: 38.869 GC heap after
Heap after GC invocations=22 (full 3):
 PSYoungGen      total 307200K, used 13056K [0x00000000d5580000, 0x00000000ebc00000, 0x0000000100000000)
  eden space 275456K, 0% used [0x00000000d5580000,0x00000000d5580000,0x00000000e6280000)
  from space 31744K, 41% used [0x00000000e6280000,0x00000000e6f40000,0x00000000e8180000)
  to   space 30208K, 0% used [0x00000000e9e80000,0x00000000e9e80000,0x00000000ebc00000)
 ParOldGen       total 131072K, used 95909K [0x0000000080000000, 0x0000000088000000, 0x00000000d5580000)
  object space 131072K, 73% used [0x0000000080000000,0x0000000085da9550,0x0000000088000000)
 Metaspace       used 91979K, capacity 96676K, committed 96896K, reserved 1132544K
  class space    used 12463K, capacity 13335K, committed 13440K, reserved 1048576K
}
Event: 41.703 GC heap before
{Heap before GC invocations=23 (full 3):
 PSYoungGen      total 307200K, used 288512K [0x00000000d5580000, 0x00000000ebc00000, 0x0000000100000000)
  eden space 275456K, 100% used [0x00000000d5580000,0x00000000e6280000,0x00000000e6280000)
  from space 31744K, 41% used [0x00000000e6280000,0x00000000e6f40000,0x00000000e8180000)
  to   space 30208K, 0% used [0x00000000e9e80000,0x00000000e9e80000,0x00000000ebc00000)
 ParOldGen       total 131072K, used 95909K [0x0000000080000000, 0x0000000088000000, 0x00000000d5580000)
  object space 131072K, 73% used [0x0000000080000000,0x0000000085da9550,0x0000000088000000)
 Metaspace       used 91981K, capacity 96676K, committed 96896K, reserved 1132544K
  class space    used 12463K, capacity 13335K, committed 13440K, reserved 1048576K
Event: 41.744 GC heap after
Heap after GC invocations=23 (full 3):
 PSYoungGen      total 335872K, used 14176K [0x00000000d5580000, 0x00000000eba80000, 0x0000000100000000)
  eden space 307200K, 0% used [0x00000000d5580000,0x00000000d5580000,0x00000000e8180000)
  from space 28672K, 49% used [0x00000000e9e80000,0x00000000eac58030,0x00000000eba80000)
  to   space 29184K, 0% used [0x00000000e8180000,0x00000000e8180000,0x00000000e9e00000)
 ParOldGen       total 131072K, used 95917K [0x0000000080000000, 0x0000000088000000, 0x00000000d5580000)
  object space 131072K, 73% used [0x0000000080000000,0x0000000085dab550,0x0000000088000000)
 Metaspace       used 91981K, capacity 96676K, committed 96896K, reserved 1132544K
  class space    used 12463K, capacity 13335K, committed 13440K, reserved 1048576K
}
Event: 45.349 GC heap before
{Heap before GC invocations=24 (full 3):
 PSYoungGen      total 335872K, used 211926K [0x00000000d5580000, 0x00000000eba80000, 0x0000000100000000)
  eden space 307200K, 64% used [0x00000000d5580000,0x00000000e169d968,0x00000000e8180000)
  from space 28672K, 49% used [0x00000000e9e80000,0x00000000eac58030,0x00000000eba80000)
  to   space 29184K, 0% used [0x00000000e8180000,0x00000000e8180000,0x00000000e9e00000)
 ParOldGen       total 131072K, used 95917K [0x0000000080000000, 0x0000000088000000, 0x00000000d5580000)
  object space 131072K, 73% used [0x0000000080000000,0x0000000085dab550,0x0000000088000000)
 Metaspace       used 93457K, capacity 98526K, committed 98600K, reserved 1134592K
  class space    used 12658K, capacity 13606K, committed 13608K, reserved 1048576K
Event: 45.372 GC heap after
Heap after GC invocations=24 (full 3):
 PSYoungGen      total 336384K, used 11475K [0x00000000d5580000, 0x00000000ed680000, 0x0000000100000000)
  eden space 307200K, 0% used [0x00000000d5580000,0x00000000d5580000,0x00000000e8180000)
  from space 29184K, 39% used [0x00000000e8180000,0x00000000e8cb4c08,0x00000000e9e00000)
  to   space 27648K, 0% used [0x00000000ebb80000,0x00000000ebb80000,0x00000000ed680000)
 ParOldGen       total 131072K, used 95925K [0x0000000080000000, 0x0000000088000000, 0x00000000d5580000)
  object space 131072K, 73% used [0x0000000080000000,0x0000000085dad550,0x0000000088000000)
 Metaspace       used 93457K, capacity 98526K, committed 98600K, reserved 1134592K
  class space    used 12658K, capacity 13606K, committed 13608K, reserved 1048576K
}
Event: 45.372 GC heap before
{Heap before GC invocations=25 (full 4):
 PSYoungGen      total 336384K, used 11475K [0x00000000d5580000, 0x00000000ed680000, 0x0000000100000000)
  eden space 307200K, 0% used [0x00000000d5580000,0x00000000d5580000,0x00000000e8180000)
  from space 29184K, 39% used [0x00000000e8180000,0x00000000e8cb4c08,0x00000000e9e00000)
  to   space 27648K, 0% used [0x00000000ebb80000,0x00000000ebb80000,0x00000000ed680000)
 ParOldGen       total 131072K, used 95925K [0x0000000080000000, 0x0000000088000000, 0x00000000d5580000)
  object space 131072K, 73% used [0x0000000080000000,0x0000000085dad550,0x0000000088000000)
 Metaspace       used 93457K, capacity 98526K, committed 98600K, reserved 1134592K
  class space    used 12658K, capacity 13606K, committed 13608K, reserved 1048576K
Event: 45.661 GC heap after
Heap after GC invocations=25 (full 4):
 PSYoungGen      total 336384K, used 0K [0x00000000d5580000, 0x00000000ed680000, 0x0000000100000000)
  eden space 307200K, 0% used [0x00000000d5580000,0x00000000d5580000,0x00000000e8180000)
  from space 29184K, 0% used [0x00000000e8180000,0x00000000e8180000,0x00000000e9e00000)
  to   space 27648K, 0% used [0x00000000ebb80000,0x00000000ebb80000,0x00000000ed680000)
 ParOldGen       total 131072K, used 59884K [0x0000000080000000, 0x0000000088000000, 0x00000000d5580000)
  object space 131072K, 45% used [0x0000000080000000,0x0000000083a7b1e0,0x0000000088000000)
 Metaspace       used 93386K, capacity 98310K, committed 98600K, reserved 1134592K
  class space    used 12634K, capacity 13566K, committed 13608K, reserved 1048576K
}

Deoptimization events (10 events):
Event: 46.420 Thread 0x0000000030c22000 Uncommon trap: reason=class_check action=maybe_recompile pc=0x00000000054e6a40 method=com.android.tools.r8.ir.conversion.N.a(Lcom/android/tools/r8/graph/n1;)Lcom/android/tools/r8/s/b/X; @ 33
Event: 46.424 Thread 0x0000000030c1d800 Uncommon trap: reason=bimorphic action=maybe_recompile pc=0x0000000005776778 method=com.android.tools.r8.graph.Y.collectIndexedItems(Lcom/android/tools/r8/dex/v;)V @ 4
Event: 46.424 Thread 0x0000000030c1d800 Uncommon trap: reason=bimorphic action=maybe_recompile pc=0x0000000005776778 method=com.android.tools.r8.graph.Y.collectIndexedItems(Lcom/android/tools/r8/dex/v;)V @ 4
Event: 46.424 Thread 0x0000000030c1d800 Uncommon trap: reason=bimorphic action=maybe_recompile pc=0x0000000005776778 method=com.android.tools.r8.graph.Y.collectIndexedItems(Lcom/android/tools/r8/dex/v;)V @ 4
Event: 46.424 Thread 0x0000000030c1d800 Uncommon trap: reason=bimorphic action=maybe_recompile pc=0x0000000005776778 method=com.android.tools.r8.graph.Y.collectIndexedItems(Lcom/android/tools/r8/dex/v;)V @ 4
Event: 46.527 Thread 0x0000000030c1d800 Uncommon trap: reason=unstable_if action=reinterpret pc=0x000000000434cb80 method=java.nio.Buffer.limit(I)Ljava/nio/Buffer; @ 33
Event: 46.653 Thread 0x0000000030c1c000 Uncommon trap: reason=unstable_if action=reinterpret pc=0x0000000003183f70 method=java.util.Arrays.hashCode([Ljava/lang/Object;)I @ 1
Event: 47.391 Thread 0x000000001b575800 Uncommon trap: reason=unstable_if action=reinterpret pc=0x00000000037410b8 method=com.esotericsoftware.kryo.io.Output.writeString(Ljava/lang/CharSequence;)V @ 50
Event: 47.391 Thread 0x000000001b575800 Uncommon trap: reason=unstable_if action=reinterpret pc=0x00000000031c1024 method=com.esotericsoftware.kryo.io.Output.writeString(Ljava/lang/CharSequence;)V @ 50
Event: 47.398 Thread 0x000000001b575800 Uncommon trap: reason=unstable_if action=reinterpret pc=0x000000000382af38 method=java.io.BufferedOutputStream.write([BII)V @ 6

Classes redefined (0 events):
No events

Internal exceptions (10 events):
Event: 46.460 Thread 0x0000000030c22000 Exception <a 'sun/nio/fs/WindowsException'> (0x00000000da426218) thrown at [C:\re\workspace\8-2-build-windows-amd64-cygwin\jdk8u221\13320\hotspot\src\share\vm\prims\jni.cpp, line 710]
Event: 46.479 Thread 0x0000000030c1c800 Exception <a 'sun/nio/fs/WindowsException'> (0x00000000dae9a600) thrown at [C:\re\workspace\8-2-build-windows-amd64-cygwin\jdk8u221\13320\hotspot\src\share\vm\prims\jni.cpp, line 710]
Event: 46.483 Thread 0x0000000030c1c800 Exception <a 'sun/nio/fs/WindowsException'> (0x00000000daeace28) thrown at [C:\re\workspace\8-2-build-windows-amd64-cygwin\jdk8u221\13320\hotspot\src\share\vm\prims\jni.cpp, line 710]
Event: 46.484 Thread 0x0000000030c1c800 Exception <a 'sun/nio/fs/WindowsException'> (0x00000000db0b4d78) thrown at [C:\re\workspace\8-2-build-windows-amd64-cygwin\jdk8u221\13320\hotspot\src\share\vm\prims\jni.cpp, line 710]
Event: 46.488 Thread 0x0000000030c1c800 Exception <a 'sun/nio/fs/WindowsException'> (0x00000000db103d88) thrown at [C:\re\workspace\8-2-build-windows-amd64-cygwin\jdk8u221\13320\hotspot\src\share\vm\prims\jni.cpp, line 710]
Event: 46.491 Thread 0x0000000030c1c800 Exception <a 'sun/nio/fs/WindowsException'> (0x00000000db10c368) thrown at [C:\re\workspace\8-2-build-windows-amd64-cygwin\jdk8u221\13320\hotspot\src\share\vm\prims\jni.cpp, line 710]
Event: 46.494 Thread 0x0000000030c1c800 Exception <a 'sun/nio/fs/WindowsException'> (0x00000000db113388) thrown at [C:\re\workspace\8-2-build-windows-amd64-cygwin\jdk8u221\13320\hotspot\src\share\vm\prims\jni.cpp, line 710]
Event: 46.495 Thread 0x0000000030c1c800 Exception <a 'sun/nio/fs/WindowsException'> (0x00000000db11ae38) thrown at [C:\re\workspace\8-2-build-windows-amd64-cygwin\jdk8u221\13320\hotspot\src\share\vm\prims\jni.cpp, line 710]
Event: 46.536 Thread 0x0000000030c1c800 Exception <a 'sun/nio/fs/WindowsException'> (0x00000000db127b50) thrown at [C:\re\workspace\8-2-build-windows-amd64-cygwin\jdk8u221\13320\hotspot\src\share\vm\prims\jni.cpp, line 710]
Event: 46.653 Thread 0x0000000030c1c000 Implicit null exception at 0x0000000003183e6f to 0x0000000003183f61

Events (10 events):
Event: 47.391 Thread 0x000000001b575800 DEOPT UNPACKING pc=0x0000000002c5583b sp=0x000000002d22ddf8 mode 2
Event: 47.392 Thread 0x000000001b575800 Uncommon trap: trap_request=0xffffff65 fr.pc=0x000000000382af38
Event: 47.392 Executing VM operation: RevokeBias
Event: 47.392 Executing VM operation: RevokeBias done
Event: 47.394 Thread 0x0000000018c3c800 flushing nmethod 0x0000000003102d90
Event: 47.394 Thread 0x0000000018c3c800 flushing nmethod 0x000000000314f210
Event: 47.398 Thread 0x0000000018c3c800 flushing nmethod 0x000000000375d5d0
Event: 47.398 Thread 0x000000001b575800 DEOPT PACKING pc=0x000000000382af38 sp=0x000000002d22e010
Event: 47.398 Thread 0x000000001b575800 DEOPT UNPACKING pc=0x0000000002c5583b sp=0x000000002d22df50 mode 2
Event: 47.403 Thread 0x0000000018c3c800 flushing nmethod 0x0000000003b12710


Dynamic libraries:
0x00007ff6ac140000 - 0x00007ff6ac177000 	C:\Program Files\Java\jdk1.8.0_221\bin\java.exe
0x00007ff95f6c0000 - 0x00007ff95f8b0000 	C:\WINDOWS\SYSTEM32\ntdll.dll
0x00007ff9320a0000 - 0x00007ff9320b2000 	C:\Program Files\AVAST Software\Avast\aswhook.dll
0x00007ff95eec0000 - 0x00007ff95ef72000 	C:\WINDOWS\System32\KERNEL32.DLL
0x00007ff95d2a0000 - 0x00007ff95d545000 	C:\WINDOWS\System32\KERNELBASE.dll
0x00007ff95f140000 - 0x00007ff95f1e3000 	C:\WINDOWS\System32\ADVAPI32.dll
0x00007ff95efb0000 - 0x00007ff95f04e000 	C:\WINDOWS\System32\msvcrt.dll
0x00007ff95f250000 - 0x00007ff95f2e7000 	C:\WINDOWS\System32\sechost.dll
0x00007ff95eb20000 - 0x00007ff95ec40000 	C:\WINDOWS\System32\RPCRT4.dll
0x00007ff95f2f0000 - 0x00007ff95f484000 	C:\WINDOWS\System32\USER32.dll
0x00007ff95d1c0000 - 0x00007ff95d1e1000 	C:\WINDOWS\System32\win32u.dll
0x00007ff95ef80000 - 0x00007ff95efa6000 	C:\WINDOWS\System32\GDI32.dll
0x00007ff95d5d0000 - 0x00007ff95d766000 	C:\WINDOWS\System32\gdi32full.dll
0x00007ff95cf10000 - 0x00007ff95cfae000 	C:\WINDOWS\System32\msvcp_win.dll
0x00007ff95cfb0000 - 0x00007ff95d0aa000 	C:\WINDOWS\System32\ucrtbase.dll
0x00007ff94d530000 - 0x00007ff94d7b4000 	C:\WINDOWS\WinSxS\amd64_microsoft.windows.common-controls_6595b64144ccf1df_6.0.18362.1256_none_9e7e379be45e40e2\COMCTL32.dll
0x00007ff95e7e0000 - 0x00007ff95eb16000 	C:\WINDOWS\System32\combase.dll
0x00007ff95d0b0000 - 0x00007ff95d131000 	C:\WINDOWS\System32\bcryptPrimitives.dll
0x00007ff95e510000 - 0x00007ff95e53e000 	C:\WINDOWS\System32\IMM32.DLL
0x000000005a1b0000 - 0x000000005a282000 	C:\Program Files\Java\jdk1.8.0_221\jre\bin\msvcr100.dll
0x0000000058a40000 - 0x00000000592e5000 	C:\Program Files\Java\jdk1.8.0_221\jre\bin\server\jvm.dll
0x00007ff95e500000 - 0x00007ff95e508000 	C:\WINDOWS\System32\PSAPI.DLL
0x00007ff94ade0000 - 0x00007ff94ade9000 	C:\WINDOWS\SYSTEM32\WSOCK32.dll
0x00007ff95ed80000 - 0x00007ff95edef000 	C:\WINDOWS\System32\WS2_32.dll
0x00007ff9573d0000 - 0x00007ff9573f4000 	C:\WINDOWS\SYSTEM32\WINMM.dll
0x00007ff955bd0000 - 0x00007ff955bda000 	C:\WINDOWS\SYSTEM32\VERSION.dll
0x00007ff9573a0000 - 0x00007ff9573cd000 	C:\WINDOWS\SYSTEM32\WINMMBASE.dll
0x00007ff95d580000 - 0x00007ff95d5ca000 	C:\WINDOWS\System32\cfgmgr32.dll
0x00007ff957e60000 - 0x00007ff957e6f000 	C:\Program Files\Java\jdk1.8.0_221\jre\bin\verify.dll
0x00007ff945f60000 - 0x00007ff945f89000 	C:\Program Files\Java\jdk1.8.0_221\jre\bin\java.dll
0x00007ff955c70000 - 0x00007ff955c86000 	C:\Program Files\Java\jdk1.8.0_221\jre\bin\zip.dll
0x00007ff95d770000 - 0x00007ff95de57000 	C:\WINDOWS\System32\SHELL32.dll
0x00007ff95e680000 - 0x00007ff95e729000 	C:\WINDOWS\System32\shcore.dll
0x00007ff95c630000 - 0x00007ff95cdb1000 	C:\WINDOWS\System32\windows.storage.dll
0x00007ff95c5b0000 - 0x00007ff95c5d3000 	C:\WINDOWS\System32\profapi.dll
0x00007ff95c5e0000 - 0x00007ff95c62a000 	C:\WINDOWS\System32\powrprof.dll
0x00007ff95c560000 - 0x00007ff95c570000 	C:\WINDOWS\System32\UMPDC.dll
0x00007ff95f0e0000 - 0x00007ff95f132000 	C:\WINDOWS\System32\shlwapi.dll
0x00007ff95c570000 - 0x00007ff95c581000 	C:\WINDOWS\System32\kernel.appcore.dll
0x00007ff95d1a0000 - 0x00007ff95d1b7000 	C:\WINDOWS\System32\cryptsp.dll
0x00007ff946080000 - 0x00007ff94609a000 	C:\Program Files\Java\jdk1.8.0_221\jre\bin\net.dll
0x00007ff944f00000 - 0x00007ff9450d6000 	C:\WINDOWS\SYSTEM32\urlmon.dll
0x00007ff944b50000 - 0x00007ff944df7000 	C:\WINDOWS\SYSTEM32\iertutil.dll
0x00007ff95bf80000 - 0x00007ff95bf8c000 	C:\WINDOWS\SYSTEM32\CRYPTBASE.DLL
0x00007ff95bdb0000 - 0x00007ff95be17000 	C:\WINDOWS\system32\mswsock.dll
0x00007ff945ce0000 - 0x00007ff945cf2000 	C:\Program Files\Java\jdk1.8.0_221\jre\bin\nio.dll
0x00007ff94b1f0000 - 0x00007ff94b217000 	C:\Users\Sseokkoo\.gradle\native\f6784746aeab05261644944871eae4fe03e0ef1612fff0a4a95f87b438bc6780\windows-amd64\native-platform.dll
0x00007ff956c10000 - 0x00007ff956c1d000 	C:\Program Files\Java\jdk1.8.0_221\jre\bin\management.dll
0x00007ff95b920000 - 0x00007ff95b953000 	C:\WINDOWS\system32\rsaenh.dll
0x00007ff95d550000 - 0x00007ff95d576000 	C:\WINDOWS\System32\bcrypt.dll
0x00007ff95c480000 - 0x00007ff95c4a5000 	C:\WINDOWS\SYSTEM32\USERENV.dll
0x00007ff95bac0000 - 0x00007ff95bafa000 	C:\WINDOWS\SYSTEM32\IPHLPAPI.DLL
0x00007ff95f510000 - 0x00007ff95f518000 	C:\WINDOWS\System32\NSI.dll
0x00007ff954990000 - 0x00007ff9549a6000 	C:\WINDOWS\SYSTEM32\dhcpcsvc6.DLL
0x00007ff954d00000 - 0x00007ff954d1c000 	C:\WINDOWS\SYSTEM32\dhcpcsvc.DLL
0x00007ff95bb00000 - 0x00007ff95bbcb000 	C:\WINDOWS\SYSTEM32\DNSAPI.dll
0x00007ff955c60000 - 0x00007ff955c6b000 	C:\WINDOWS\SYSTEM32\WINNSI.DLL

VM Arguments:
jvm_args: -Xmx2048m -Dfile.encoding=UTF-8 -Duser.country=KR -Duser.language=ko -Duser.variant 
java_command: org.gradle.launcher.daemon.bootstrap.GradleDaemon 6.5
java_class_path (initial): C:\Users\Sseokkoo\.gradle\wrapper\dists\gradle-6.5-bin\6nifqtx7604sqp1q6g8wikw7p\gradle-6.5\lib\gradle-launcher-6.5.jar
Launcher Type: SUN_STANDARD

Environment Variables:
JAVA_HOME=C:\Program Files\Java\jdk-12.0.1
CLASSPATH=C:\Program Files\Java\jdk-12.0.1\lib
PATH=C:\Program Files (x86)\Common Files\Oracle\Java\javapath;C:\Program Files (x86)\Intel\iCLS Client\;C:\Program Files\Intel\iCLS Client\;C:\Windows\system32;C:\Windows;C:\Windows\System32\Wbem;C:\Windows\System32\WindowsPowerShell\v1.0\;C:\Windows\System32\OpenSSH\;C:\Program Files (x86)\Intel\Intel(R) Management Engine Components\DAL;C:\Program Files\Intel\Intel(R) Management Engine Components\DAL;C:\Program Files (x86)\Intel\Intel(R) Management Engine Components\IPT;C:\Program Files\Intel\Intel(R) Management Engine Components\IPT;C:\Program Files (x86)\NVIDIA Corporation\PhysX\Common;C:\Program Files\Intel\WiFi\bin\;C:\Program Files\Common Files\Intel\WirelessCommon\;C:\AutoSet10\Server\conf\;C:\AutoSet10\Server\bin\;C:\Program Files\Git\cmd;C:\ProgramData\ComposerSetup\bin;C:\Program Files\MySQL\MySQL Server 8.0\bin;?C:\Program Files\nodejs\node.exe;C:\Program Files (x86)\GtkSharp\2.12\bin;%SystemRoot%\system32;%SystemRoot%;%SystemRoot%\System32\Wbem;%SYSTEMROOT%\System32\WindowsPowerShell\v1.0\;%SYSTEMROOT%\System32\OpenSSH\;C:\Users\Sseokkoo\AppData\Local\Microsoft\WindowsApps;C:\Program Files\Intel\WiFi\bin\;C:\Program Files\Common Files\Intel\WirelessCommon\;C:\Program Files\JetBrains\IntelliJ IDEA Community Edition 2019.1.2\bin;;C:\Program Files\Java\jdk-12.0.1\bin;C:\PHP;C:\Users\Sseokkoo\AppData\Roaming\Composer\vendor\bin;C:\Program Files\MySQL\MySQL Server 8.0\bin;C:\Users\Sseokkoo\AppData\Roaming\npm;C:\Program Files\nodejs;C:\Users\Sseokkoo\AppData\Local\Programs\Microsoft VS Code\bin
USERNAME=Sseokkoo
OS=Windows_NT
PROCESSOR_IDENTIFIER=Intel64 Family 6 Model 142 Stepping 9, GenuineIntel



---------------  S Y S T E M  ---------------

OS: Windows 10.0 , 64 bit Build 18362 (10.0.18362.1110)

CPU:total 4 (initial active 4) (2 cores per cpu, 2 threads per core) family 6 model 142 stepping 9, cmov, cx8, fxsr, mmx, sse, sse2, sse3, ssse3, sse4.1, sse4.2, popcnt, avx, avx2, aes, clmul, erms, 3dnowpref, lzcnt, ht, tsc, tscinvbit, bmi1, bmi2, adx

Memory: 4k page, physical 8268916k(1383640k free), swap 8268916k(7588k free)

vm_info: Java HotSpot(TM) 64-Bit Server VM (25.221-b11) for windows-amd64 JRE (1.8.0_221-b11), built on Jul  4 2019 04:39:29 by "java_re" with MS VC++ 10.0 (VS2010)

time: Thu Jan 07 23:03:34 2021
timezone: 대한민국 표준시
elapsed time: 47 seconds (0d 0h 0m 47s)

