#
# There is insufficient memory for the Java Runtime Environment to continue.
# Native memory allocation (malloc) failed to allocate 131088 bytes for Chunk::new
# Possible reasons:
#   The system is out of physical RAM or swap space
#   The process is running with CompressedOops enabled, and the Java Heap may be blocking the growth of the native heap
# Possible solutions:
#   Reduce memory load on the system
#   Increase physical memory or swap space
#   Check if swap backing store is full
#   Decrease Java heap size (-Xmx/-Xms)
#   Decrease number of Java threads
#   Decrease Java thread stack sizes (-Xss)
#   Set larger code cache with -XX:ReservedCodeCacheSize=
#   JVM is running with Unscaled Compressed Oops mode in which the Java heap is
#     placed in the first 4GB address space. The Java Heap base address is the
#     maximum limit for the native heap growth. Please use -XX:HeapBaseMinAddress
#     to set the Java Heap base and to place the Java Heap above 4GB virtual address.
# This output file may be truncated or incomplete.
#
#  Out of Memory Error (allocation.cpp:389), pid=11592, tid=0x0000000000000468
#
# JRE version: Java(TM) SE Runtime Environment (8.0_221-b11) (build 1.8.0_221-b11)
# Java VM: Java HotSpot(TM) 64-Bit Server VM (25.221-b11 mixed mode windows-amd64 compressed oops)
# Failed to write core dump. Minidumps are not enabled by default on client versions of Windows
#

---------------  T H R E A D  ---------------

Current thread (0x00000000175df800):  JavaThread "C2 CompilerThread0" daemon [_thread_in_native, id=1128, stack(0x0000000018f20000,0x0000000019020000)]

Stack: [0x0000000018f20000,0x0000000019020000]
[error occurred during error reporting (printing stack bounds), id 0xc0000005]

Native frames: (J=compiled Java code, j=interpreted, Vv=VM code, C=native code)


Current CompileTask:
C2:  16913 5021       4       sun.reflect.generics.parser.SignatureParser::parsePackageNameAndSimpleClassTypeSignature (139 bytes)


---------------  P R O C E S S  ---------------

Java Threads: ( => current thread )
  0x000000001a2f4800 JavaThread "Cache worker for Build Output Cleanup Cache (C:\Users\Sseokkoo\StudioProjects\AndroidStudy04\.gradle\buildOutputCleanup)" [_thread_blocked, id=14284, stack(0x0000000026ce0000,0x0000000026de0000)]
  0x000000001a2f6000 JavaThread "jar transforms Thread 92" [_thread_blocked, id=19324, stack(0x00000000269e0000,0x0000000026ae0000)]
  0x000000001a2f8800 JavaThread "jar transforms Thread 91" [_thread_blocked, id=14060, stack(0x00000000268e0000,0x00000000269e0000)]
  0x000000001a2f5800 JavaThread "jar transforms Thread 90" [_thread_blocked, id=3504, stack(0x00000000267e0000,0x00000000268e0000)]
  0x000000001aa2c000 JavaThread "jar transforms Thread 89" [_thread_blocked, id=9816, stack(0x00000000266e0000,0x00000000267e0000)]
  0x000000001aa2b800 JavaThread "jar transforms Thread 88" [_thread_blocked, id=5272, stack(0x00000000265e0000,0x00000000266e0000)]
  0x000000001aa2a800 JavaThread "jar transforms Thread 87" [_thread_blocked, id=4604, stack(0x00000000264e0000,0x00000000265e0000)]
  0x000000001aa2a000 JavaThread "jar transforms Thread 86" [_thread_blocked, id=11736, stack(0x00000000263e0000,0x00000000264e0000)]
  0x000000001aa29000 JavaThread "jar transforms Thread 85" [_thread_blocked, id=11568, stack(0x00000000262e0000,0x00000000263e0000)]
  0x000000001aa2e800 JavaThread "jar transforms Thread 84" [_thread_blocked, id=4700, stack(0x00000000261e0000,0x00000000262e0000)]
  0x000000001aa2d800 JavaThread "jar transforms Thread 83" [_thread_blocked, id=17740, stack(0x00000000260e0000,0x00000000261e0000)]
  0x000000001aa2d000 JavaThread "jar transforms Thread 82" [_thread_blocked, id=5164, stack(0x0000000025fe0000,0x00000000260e0000)]
  0x000000001aa21800 JavaThread "jar transforms Thread 81" [_thread_blocked, id=15348, stack(0x0000000025ee0000,0x0000000025fe0000)]
  0x000000001aa28800 JavaThread "jar transforms Thread 80" [_thread_blocked, id=4460, stack(0x0000000025de0000,0x0000000025ee0000)]
  0x000000001aa21000 JavaThread "jar transforms Thread 79" [_thread_blocked, id=3928, stack(0x0000000025ce0000,0x0000000025de0000)]
  0x000000001aa27000 JavaThread "jar transforms Thread 78" [_thread_blocked, id=9648, stack(0x0000000025be0000,0x0000000025ce0000)]
  0x000000001aa23000 JavaThread "jar transforms Thread 77" [_thread_blocked, id=2856, stack(0x0000000025ae0000,0x0000000025be0000)]
  0x000000001aa22800 JavaThread "jar transforms Thread 76" [_thread_blocked, id=17760, stack(0x00000000259e0000,0x0000000025ae0000)]
  0x000000001aa27800 JavaThread "jar transforms Thread 75" [_thread_blocked, id=15364, stack(0x00000000258e0000,0x00000000259e0000)]
  0x000000001aa25800 JavaThread "jar transforms Thread 74" [_thread_blocked, id=18952, stack(0x00000000257e0000,0x00000000258e0000)]
  0x000000001aa26000 JavaThread "jar transforms Thread 73" [_thread_blocked, id=8476, stack(0x00000000256e0000,0x00000000257e0000)]
  0x000000001aa20000 JavaThread "jar transforms Thread 72" [_thread_blocked, id=12368, stack(0x00000000255e0000,0x00000000256e0000)]
  0x000000001aa1f800 JavaThread "jar transforms Thread 71" [_thread_blocked, id=16156, stack(0x00000000254e0000,0x00000000255e0000)]
  0x000000001aa24800 JavaThread "jar transforms Thread 70" [_thread_blocked, id=15584, stack(0x00000000253e0000,0x00000000254e0000)]
  0x000000001aa24000 JavaThread "jar transforms Thread 69" [_thread_blocked, id=7056, stack(0x00000000252e0000,0x00000000253e0000)]
  0x00000000194b7000 JavaThread "jar transforms Thread 68" [_thread_blocked, id=8276, stack(0x00000000251e0000,0x00000000252e0000)]
  0x00000000194bb800 JavaThread "jar transforms Thread 67" [_thread_blocked, id=17600, stack(0x00000000250e0000,0x00000000251e0000)]
  0x00000000194b4000 JavaThread "jar transforms Thread 66" [_thread_blocked, id=1448, stack(0x0000000024fe0000,0x00000000250e0000)]
  0x00000000194b6000 JavaThread "jar transforms Thread 65" [_thread_blocked, id=19236, stack(0x0000000024ee0000,0x0000000024fe0000)]
  0x00000000194ba800 JavaThread "jar transforms Thread 64" [_thread_blocked, id=18756, stack(0x0000000024de0000,0x0000000024ee0000)]
  0x00000000194b3000 JavaThread "jar transforms Thread 63" [_thread_blocked, id=7356, stack(0x0000000024ce0000,0x0000000024de0000)]
  0x00000000194ba000 JavaThread "jar transforms Thread 62" [_thread_blocked, id=5180, stack(0x0000000024be0000,0x0000000024ce0000)]
  0x00000000194b4800 JavaThread "jar transforms Thread 61" [_thread_blocked, id=1724, stack(0x0000000024ae0000,0x0000000024be0000)]
  0x00000000194b7800 JavaThread "jar transforms Thread 60" [_thread_blocked, id=12300, stack(0x00000000249e0000,0x0000000024ae0000)]
  0x00000000194b9000 JavaThread "jar transforms Thread 59" [_thread_blocked, id=18852, stack(0x00000000248e0000,0x00000000249e0000)]
  0x00000000194b5800 JavaThread "jar transforms Thread 58" [_thread_blocked, id=7724, stack(0x00000000247e0000,0x00000000248e0000)]
  0x00000000194b1800 JavaThread "jar transforms Thread 57" [_thread_blocked, id=18008, stack(0x00000000246e0000,0x00000000247e0000)]
  0x00000000194b8800 JavaThread "jar transforms Thread 56" [_thread_blocked, id=10012, stack(0x00000000245e0000,0x00000000246e0000)]
  0x00000000194ac000 JavaThread "jar transforms Thread 55" [_thread_blocked, id=19396, stack(0x00000000244e0000,0x00000000245e0000)]
  0x00000000194af800 JavaThread "jar transforms Thread 54" [_thread_blocked, id=18728, stack(0x00000000243e0000,0x00000000244e0000)]
  0x00000000194ad800 JavaThread "jar transforms Thread 53" [_thread_blocked, id=9316, stack(0x00000000242e0000,0x00000000243e0000)]
  0x00000000194ae800 JavaThread "jar transforms Thread 52" [_thread_blocked, id=3168, stack(0x00000000241e0000,0x00000000242e0000)]
  0x00000000194b2800 JavaThread "jar transforms Thread 51" [_thread_blocked, id=17500, stack(0x00000000240e0000,0x00000000241e0000)]
  0x00000000194b1000 JavaThread "jar transforms Thread 50" [_thread_blocked, id=12536, stack(0x0000000023fe0000,0x00000000240e0000)]
  0x00000000194ad000 JavaThread "jar transforms Thread 49" [_thread_blocked, id=18560, stack(0x0000000023ee0000,0x0000000023fe0000)]
  0x00000000194b0000 JavaThread "jar transforms Thread 48" [_thread_blocked, id=10872, stack(0x0000000023de0000,0x0000000023ee0000)]
  0x000000001a24f000 JavaThread "jar transforms Thread 47" [_thread_blocked, id=12552, stack(0x0000000023ce0000,0x0000000023de0000)]
  0x000000001a24e800 JavaThread "jar transforms Thread 46" [_thread_blocked, id=13640, stack(0x0000000023be0000,0x0000000023ce0000)]
  0x000000001a24d800 JavaThread "jar transforms Thread 45" [_thread_blocked, id=17636, stack(0x0000000023ae0000,0x0000000023be0000)]
  0x000000001a24d000 JavaThread "jar transforms Thread 44" [_thread_blocked, id=17004, stack(0x00000000239e0000,0x0000000023ae0000)]
  0x000000001a24c000 JavaThread "jar transforms Thread 43" [_thread_blocked, id=14320, stack(0x00000000238e0000,0x00000000239e0000)]
  0x000000001a24b800 JavaThread "jar transforms Thread 42" [_thread_blocked, id=18648, stack(0x00000000237e0000,0x00000000238e0000)]
  0x000000001a244000 JavaThread "jar transforms Thread 41" [_thread_blocked, id=13496, stack(0x00000000236e0000,0x00000000237e0000)]
  0x000000001a24a800 JavaThread "jar transforms Thread 40" [_thread_blocked, id=16272, stack(0x00000000235e0000,0x00000000236e0000)]
  0x000000001a24a000 JavaThread "jar transforms Thread 39" [_thread_blocked, id=12604, stack(0x00000000234e0000,0x00000000235e0000)]
  0x000000001a249000 JavaThread "jar transforms Thread 38" [_thread_blocked, id=8140, stack(0x00000000233e0000,0x00000000234e0000)]
  0x000000001a241800 JavaThread "jar transforms Thread 37" [_thread_blocked, id=2960, stack(0x00000000232e0000,0x00000000233e0000)]
  0x000000001a248800 JavaThread "jar transforms Thread 36" [_thread_blocked, id=19120, stack(0x00000000231e0000,0x00000000232e0000)]
  0x000000001a240800 JavaThread "jar transforms Thread 35" [_thread_blocked, id=11984, stack(0x00000000230e0000,0x00000000231e0000)]
  0x000000001a247800 JavaThread "jar transforms Thread 34" [_thread_blocked, id=10796, stack(0x0000000022fe0000,0x00000000230e0000)]
  0x000000001a243000 JavaThread "jar transforms Thread 33" [_thread_blocked, id=6992, stack(0x0000000022ee0000,0x0000000022fe0000)]
  0x000000001a240000 JavaThread "jar transforms Thread 32" [_thread_blocked, id=8208, stack(0x0000000022de0000,0x0000000022ee0000)]
  0x000000001a245800 JavaThread "jar transforms Thread 31" [_thread_blocked, id=9120, stack(0x0000000022ce0000,0x0000000022de0000)]
  0x000000001a247000 JavaThread "jar transforms Thread 30" [_thread_blocked, id=18824, stack(0x0000000022be0000,0x0000000022ce0000)]
  0x000000001a242000 JavaThread "jar transforms Thread 29" [_thread_blocked, id=628, stack(0x0000000022ae0000,0x0000000022be0000)]
  0x000000001a244800 JavaThread "jar transforms Thread 28" [_thread_blocked, id=14008, stack(0x00000000229e0000,0x0000000022ae0000)]
  0x000000001a246000 JavaThread "jar transforms Thread 27" [_thread_blocked, id=16176, stack(0x00000000228e0000,0x00000000229e0000)]
  0x000000001ecda000 JavaThread "jar transforms Thread 26" [_thread_blocked, id=11596, stack(0x00000000227e0000,0x00000000228e0000)]
  0x000000001ecd9800 JavaThread "jar transforms Thread 25" [_thread_blocked, id=11524, stack(0x00000000226e0000,0x00000000227e0000)]
  0x000000001ecd8000 JavaThread "jar transforms Thread 24" [_thread_blocked, id=16144, stack(0x00000000225e0000,0x00000000226e0000)]
  0x000000001ecd6800 JavaThread "jar transforms Thread 23" [_thread_blocked, id=4640, stack(0x00000000224e0000,0x00000000225e0000)]
  0x000000001ecd4000 JavaThread "jar transforms Thread 22" [_thread_blocked, id=18472, stack(0x00000000223e0000,0x00000000224e0000)]
  0x000000001ecd5000 JavaThread "jar transforms Thread 21" [_thread_blocked, id=15128, stack(0x00000000222e0000,0x00000000223e0000)]
  0x000000001ecd8800 JavaThread "jar transforms Thread 20" [_thread_blocked, id=10928, stack(0x00000000221e0000,0x00000000222e0000)]
  0x000000001ecd7000 JavaThread "jar transforms Thread 19" [_thread_blocked, id=10612, stack(0x00000000220e0000,0x00000000221e0000)]
  0x000000001ecd5800 JavaThread "jar transforms Thread 18" [_thread_blocked, id=7428, stack(0x0000000021fe0000,0x00000000220e0000)]
  0x000000001ecdb000 JavaThread "jar transforms Thread 17" [_thread_blocked, id=10196, stack(0x0000000021ee0000,0x0000000021fe0000)]
  0x000000001ec3c800 JavaThread "jar transforms Thread 16" [_thread_blocked, id=7044, stack(0x0000000021de0000,0x0000000021ee0000)]
  0x000000001ec3c000 JavaThread "jar transforms Thread 15" [_thread_blocked, id=17112, stack(0x0000000021ce0000,0x0000000021de0000)]
  0x000000001ec3b000 JavaThread "jar transforms Thread 14" [_thread_blocked, id=5316, stack(0x0000000021be0000,0x0000000021ce0000)]
  0x000000001ec3a800 JavaThread "jar transforms Thread 13" [_thread_blocked, id=19400, stack(0x0000000021ae0000,0x0000000021be0000)]
  0x000000001ec39800 JavaThread "jar transforms Thread 12" [_thread_blocked, id=14744, stack(0x00000000219e0000,0x0000000021ae0000)]
  0x000000001ec39000 JavaThread "jar transforms Thread 11" [_thread_blocked, id=12080, stack(0x00000000218e0000,0x00000000219e0000)]
  0x000000001ec3e800 JavaThread "jar transforms Thread 10" [_thread_blocked, id=18956, stack(0x00000000217e0000,0x00000000218e0000)]
  0x000000001ec3d800 JavaThread "jar transforms Thread 9" [_thread_blocked, id=16360, stack(0x00000000216e0000,0x00000000217e0000)]
  0x000000001ec3f000 JavaThread "jar transforms Thread 8" [_thread_blocked, id=17744, stack(0x00000000215e0000,0x00000000216e0000)]
  0x000000001ec31800 JavaThread "jar transforms Thread 7" [_thread_blocked, id=17648, stack(0x00000000214e0000,0x00000000215e0000)]
  0x000000001ec32000 JavaThread "jar transforms Thread 6" [_thread_blocked, id=17892, stack(0x00000000213e0000,0x00000000214e0000)]
  0x000000001ec38000 JavaThread "jar transforms Thread 5" [_thread_blocked, id=6884, stack(0x00000000212e0000,0x00000000213e0000)]
  0x000000001ec30800 JavaThread "jar transforms Thread 4" [_thread_blocked, id=11468, stack(0x00000000211e0000,0x00000000212e0000)]
  0x000000001ec37800 JavaThread "jar transforms Thread 3" [_thread_blocked, id=16788, stack(0x00000000210e0000,0x00000000211e0000)]
  0x000000001ec30000 JavaThread "jar transforms Thread 2" [_thread_blocked, id=19072, stack(0x0000000020fe0000,0x00000000210e0000)]
  0x000000001ec36800 JavaThread "Build operations Thread 4" [_thread_blocked, id=6320, stack(0x0000000020ee0000,0x0000000020fe0000)]
  0x000000001ec35000 JavaThread "Build operations Thread 3" [_thread_blocked, id=4112, stack(0x0000000020de0000,0x0000000020ee0000)]
  0x000000001ec36000 JavaThread "Build operations Thread 2" [_thread_blocked, id=12000, stack(0x0000000020ce0000,0x0000000020de0000)]
  0x000000001ec34800 JavaThread "Build operations" [_thread_blocked, id=11192, stack(0x0000000020be0000,0x0000000020ce0000)]
  0x000000001ec33800 JavaThread "Cache worker for file content cache (C:\Users\Sseokkoo\.gradle\caches\6.5\fileContent)" [_thread_blocked, id=8420, stack(0x00000000204e0000,0x00000000205e0000)]
  0x000000001b291800 JavaThread "jar transforms" [_thread_blocked, id=14832, stack(0x00000000203e0000,0x00000000204e0000)]
  0x000000001b290000 JavaThread "Cache worker for execution history cache (C:\Users\Sseokkoo\.gradle\caches\6.5\executionHistory)" [_thread_blocked, id=2868, stack(0x000000001fce0000,0x000000001fde0000)]
  0x000000001b28f800 JavaThread "Cache worker for cache directory md-rule (C:\Users\Sseokkoo\.gradle\caches\6.5\md-rule)" [_thread_blocked, id=12592, stack(0x000000001fbe0000,0x000000001fce0000)]
  0x000000001b28d000 JavaThread "Cache worker for cache directory md-supplier (C:\Users\Sseokkoo\.gradle\caches\6.5\md-supplier)" [_thread_blocked, id=2912, stack(0x000000001fae0000,0x000000001fbe0000)]
  0x000000001b28e800 JavaThread "Cache worker for checksums cache (C:\Users\Sseokkoo\StudioProjects\AndroidStudy04\.gradle\checksums)" [_thread_blocked, id=1692, stack(0x000000001f9e0000,0x000000001fae0000)]
  0x000000001b28c800 JavaThread "Cache worker for file hash cache (C:\Users\Sseokkoo\StudioProjects\AndroidStudy04\.gradle\6.5\fileHashes)" [_thread_blocked, id=15964, stack(0x000000001e670000,0x000000001e770000)]
  0x000000001b28b800 JavaThread "Cache worker for file hash cache (C:\Users\Sseokkoo\.gradle\caches\6.5\fileHashes)" [_thread_blocked, id=7172, stack(0x000000001d1a0000,0x000000001d2a0000)]
  0x000000001b28b000 JavaThread "File lock request listener" [_thread_in_native, id=4060, stack(0x000000001d0a0000,0x000000001d1a0000)]
  0x000000001b28e000 JavaThread "Cache worker for journal cache (C:\Users\Sseokkoo\.gradle\caches\journal-1)" [_thread_blocked, id=2720, stack(0x000000001cea0000,0x000000001cfa0000)]
  0x000000001afd5800 JavaThread "Thread-9" [_thread_blocked, id=19012, stack(0x000000001cba0000,0x000000001cca0000)]
  0x000000001afd4800 JavaThread "Stdin handler" [_thread_blocked, id=8128, stack(0x000000001caa0000,0x000000001cba0000)]
  0x000000001afcf800 JavaThread "Asynchronous log dispatcher for DefaultDaemonConnection: socket connection from /127.0.0.1:52562 to /127.0.0.1:52563" [_thread_blocked, id=6368, stack(0x000000001c9a0000,0x000000001caa0000)]
  0x000000001afc6800 JavaThread "Daemon worker" [_thread_in_vm, id=1876, stack(0x000000001c8a0000,0x000000001c9a0000)]
  0x000000001afc5800 JavaThread "Cancel handler" [_thread_blocked, id=11392, stack(0x000000001c7a0000,0x000000001c8a0000)]
  0x0000000019f01000 JavaThread "Handler for socket connection from /127.0.0.1:52562 to /127.0.0.1:52563" [_thread_in_native, id=9928, stack(0x000000001c6a0000,0x000000001c7a0000)]
  0x000000001afbf800 JavaThread "Daemon" [_thread_blocked, id=8640, stack(0x000000001c5a0000,0x000000001c6a0000)]
  0x000000001af9a800 JavaThread "Daemon periodic checks" [_thread_blocked, id=8164, stack(0x000000001c2a0000,0x000000001c3a0000)]
  0x000000001af35000 JavaThread "Incoming local TCP Connector on port 52562" [_thread_in_native, id=19100, stack(0x000000001c0c0000,0x000000001c1c0000)]
  0x0000000018cf1800 JavaThread "Daemon health stats" [_thread_blocked, id=16488, stack(0x000000001bdc0000,0x000000001bec0000)]
  0x000000001899c800 JavaThread "Service Thread" daemon [_thread_blocked, id=15888, stack(0x0000000019220000,0x0000000019320000)]
  0x000000001896d800 JavaThread "C1 CompilerThread2" daemon [_thread_blocked, id=18068, stack(0x0000000019120000,0x0000000019220000)]
  0x000000001892a000 JavaThread "C2 CompilerThread1" daemon [_thread_in_native, id=9408, stack(0x0000000019020000,0x0000000019120000)]
=>0x00000000175df800 JavaThread "C2 CompilerThread0" daemon [_thread_in_native, id=1128, stack(0x0000000018f20000,0x0000000019020000)]
  0x00000000175c8800 JavaThread "Attach Listener" daemon [_thread_blocked, id=18968, stack(0x0000000018e20000,0x0000000018f20000)]
  0x000000001762e800 JavaThread "Signal Dispatcher" daemon [_thread_blocked, id=19144, stack(0x0000000018d20000,0x0000000018e20000)]
  0x000000000290c000 JavaThread "Finalizer" daemon [_thread_blocked, id=14092, stack(0x0000000018820000,0x0000000018920000)]
  0x0000000002902000 JavaThread "Reference Handler" daemon [_thread_blocked, id=1628, stack(0x0000000018720000,0x0000000018820000)]
  0x0000000002812800 JavaThread "main" [_thread_blocked, id=18908, stack(0x00000000023c0000,0x00000000024c0000)]

Other Threads:
  0x0000000017597800 VMThread [stack: 0x0000000018620000,0x0000000018720000] [id=3764]
  0x00000000189c7000 WatcherThread [stack: 0x0000000019320000,0x0000000019420000] [id=15392]

VM state:not at safepoint (normal execution)

VM Mutex/Monitor currently owned by a thread: None

heap address: 0x0000000080000000, size: 2048 MB, Compressed Oops mode: 32-bit
Narrow klass base: 0x0000000000000000, Narrow klass shift: 3
Compressed class space size: 1073741824 Address: 0x0000000100000000

Heap:
 PSYoungGen      total 145408K, used 68033K [0x00000000d5580000, 0x00000000e1900000, 0x0000000100000000)
  eden space 134144K, 42% used [0x00000000d5580000,0x00000000d8cf14d8,0x00000000dd880000)
  from space 11264K, 99% used [0x00000000dd880000,0x00000000de37f320,0x00000000de380000)
  to   space 15872K, 0% used [0x00000000e0980000,0x00000000e0980000,0x00000000e1900000)
 ParOldGen       total 87552K, used 24230K [0x0000000080000000, 0x0000000085580000, 0x00000000d5580000)
  object space 87552K, 27% used [0x0000000080000000,0x00000000817a9948,0x0000000085580000)
 Metaspace       used 55485K, capacity 57714K, committed 57856K, reserved 1101824K
  class space    used 7725K, capacity 8170K, committed 8192K, reserved 1048576K

Card table byte_map: [0x0000000011d70000,0x0000000012180000] byte_map_base: 0x0000000011970000

Marking Bits: (ParMarkBitMap*) 0x0000000059265ce0
 Begin Bits: [0x0000000012830000, 0x0000000014830000)
 End Bits:   [0x0000000014830000, 0x0000000016830000)

Polling page: 0x0000000000900000

CodeCache: size=245760Kb used=15732Kb max_used=15741Kb free=230027Kb
 bounds [0x00000000029b0000, 0x0000000003920000, 0x00000000119b0000]
 total_blobs=5351 nmethods=4582 adapters=680
 compilation: enabled

Compilation events (10 events):
Event: 16.871 Thread 0x000000001892a000 nmethod 5025 0x0000000003918f10 code [0x0000000003919060, 0x00000000039190f8]
Event: 16.879 Thread 0x000000001892a000 5026       4       java.lang.reflect.Method::getTypeParameters (26 bytes)
Event: 16.894 Thread 0x000000001892a000 nmethod 5026 0x000000000391b210 code [0x000000000391b3e0, 0x000000000391bd28]
Event: 16.895 Thread 0x000000001892a000 5027       4       java.lang.reflect.Method::getGenericParameterTypes (5 bytes)
Event: 16.896 Thread 0x000000001892a000 nmethod 5027 0x00000000038dedd0 code [0x00000000038def20, 0x00000000038defa8]
Event: 16.896 Thread 0x000000001892a000 5028   !   4       com.sun.beans.TypeResolver::resolve (274 bytes)
Event: 16.897 Thread 0x000000001896d800 5030       3       groovy.lang.MetaClassImpl$Index::put (10 bytes)
Event: 16.897 Thread 0x000000001896d800 nmethod 5030 0x0000000003916550 code [0x00000000039166c0, 0x00000000039168e8]
Event: 16.897 Thread 0x000000001896d800 5031       1       java.lang.reflect.AccessibleObject::isAccessible (5 bytes)
Event: 16.897 Thread 0x000000001896d800 nmethod 5031 0x000000000391af10 code [0x000000000391b060, 0x000000000391b170]

GC Heap History (10 events):
Event: 9.734 GC heap before
{Heap before GC invocations=9 (full 1):
 PSYoungGen      total 76800K, used 74154K [0x00000000d5580000, 0x00000000dcd00000, 0x0000000100000000)
  eden space 66048K, 100% used [0x00000000d5580000,0x00000000d9600000,0x00000000d9600000)
  from space 10752K, 75% used [0x00000000d9600000,0x00000000d9dea830,0x00000000da080000)
  to   space 10752K, 0% used [0x00000000dc280000,0x00000000dc280000,0x00000000dcd00000)
 ParOldGen       total 60928K, used 9028K [0x0000000080000000, 0x0000000083b80000, 0x00000000d5580000)
  object space 60928K, 14% used [0x0000000080000000,0x00000000808d1188,0x0000000083b80000)
 Metaspace       used 32870K, capacity 33908K, committed 34048K, reserved 1079296K
  class space    used 4587K, capacity 4850K, committed 4864K, reserved 1048576K
Event: 9.752 GC heap after
Heap after GC invocations=9 (full 1):
 PSYoungGen      total 110592K, used 9480K [0x00000000d5580000, 0x00000000dcf00000, 0x0000000100000000)
  eden space 99840K, 0% used [0x00000000d5580000,0x00000000d5580000,0x00000000db700000)
  from space 10752K, 88% used [0x00000000dc280000,0x00000000dcbc21d8,0x00000000dcd00000)
  to   space 11776K, 0% used [0x00000000db700000,0x00000000db700000,0x00000000dc280000)
 ParOldGen       total 60928K, used 9036K [0x0000000080000000, 0x0000000083b80000, 0x00000000d5580000)
  object space 60928K, 14% used [0x0000000080000000,0x00000000808d3188,0x0000000083b80000)
 Metaspace       used 32870K, capacity 33908K, committed 34048K, reserved 1079296K
  class space    used 4587K, capacity 4850K, committed 4864K, reserved 1048576K
}
Event: 10.119 GC heap before
{Heap before GC invocations=10 (full 1):
 PSYoungGen      total 110592K, used 38236K [0x00000000d5580000, 0x00000000dcf00000, 0x0000000100000000)
  eden space 99840K, 28% used [0x00000000d5580000,0x00000000d7195080,0x00000000db700000)
  from space 10752K, 88% used [0x00000000dc280000,0x00000000dcbc21d8,0x00000000dcd00000)
  to   space 11776K, 0% used [0x00000000db700000,0x00000000db700000,0x00000000dc280000)
 ParOldGen       total 60928K, used 9036K [0x0000000080000000, 0x0000000083b80000, 0x00000000d5580000)
  object space 60928K, 14% used [0x0000000080000000,0x00000000808d3188,0x0000000083b80000)
 Metaspace       used 34312K, capacity 35450K, committed 35496K, reserved 1079296K
  class space    used 4828K, capacity 5100K, committed 5120K, reserved 1048576K
Event: 10.136 GC heap after
Heap after GC invocations=10 (full 1):
 PSYoungGen      total 111616K, used 7976K [0x00000000d5580000, 0x00000000df300000, 0x0000000100000000)
  eden space 99840K, 0% used [0x00000000d5580000,0x00000000d5580000,0x00000000db700000)
  from space 11776K, 67% used [0x00000000db700000,0x00000000dbeca358,0x00000000dc280000)
  to   space 11776K, 0% used [0x00000000de780000,0x00000000de780000,0x00000000df300000)
 ParOldGen       total 60928K, used 9044K [0x0000000080000000, 0x0000000083b80000, 0x00000000d5580000)
  object space 60928K, 14% used [0x0000000080000000,0x00000000808d5188,0x0000000083b80000)
 Metaspace       used 34312K, capacity 35450K, committed 35496K, reserved 1079296K
  class space    used 4828K, capacity 5100K, committed 5120K, reserved 1048576K
}
Event: 10.136 GC heap before
{Heap before GC invocations=11 (full 2):
 PSYoungGen      total 111616K, used 7976K [0x00000000d5580000, 0x00000000df300000, 0x0000000100000000)
  eden space 99840K, 0% used [0x00000000d5580000,0x00000000d5580000,0x00000000db700000)
  from space 11776K, 67% used [0x00000000db700000,0x00000000dbeca358,0x00000000dc280000)
  to   space 11776K, 0% used [0x00000000de780000,0x00000000de780000,0x00000000df300000)
 ParOldGen       total 60928K, used 9044K [0x0000000080000000, 0x0000000083b80000, 0x00000000d5580000)
  object space 60928K, 14% used [0x0000000080000000,0x00000000808d5188,0x0000000083b80000)
 Metaspace       used 34312K, capacity 35450K, committed 35496K, reserved 1079296K
  class space    used 4828K, capacity 5100K, committed 5120K, reserved 1048576K
Event: 10.218 GC heap after
Heap after GC invocations=11 (full 2):
 PSYoungGen      total 111616K, used 0K [0x00000000d5580000, 0x00000000df300000, 0x0000000100000000)
  eden space 99840K, 0% used [0x00000000d5580000,0x00000000d5580000,0x00000000db700000)
  from space 11776K, 0% used [0x00000000db700000,0x00000000db700000,0x00000000dc280000)
  to   space 11776K, 0% used [0x00000000de780000,0x00000000de780000,0x00000000df300000)
 ParOldGen       total 87552K, used 14671K [0x0000000080000000, 0x0000000085580000, 0x00000000d5580000)
  object space 87552K, 16% used [0x0000000080000000,0x0000000080e53f80,0x0000000085580000)
 Metaspace       used 34312K, capacity 35450K, committed 35496K, reserved 1079296K
  class space    used 4828K, capacity 5100K, committed 5120K, reserved 1048576K
}
Event: 11.672 GC heap before
{Heap before GC invocations=12 (full 2):
 PSYoungGen      total 111616K, used 99840K [0x00000000d5580000, 0x00000000df300000, 0x0000000100000000)
  eden space 99840K, 100% used [0x00000000d5580000,0x00000000db700000,0x00000000db700000)
  from space 11776K, 0% used [0x00000000db700000,0x00000000db700000,0x00000000dc280000)
  to   space 11776K, 0% used [0x00000000de780000,0x00000000de780000,0x00000000df300000)
 ParOldGen       total 87552K, used 14671K [0x0000000080000000, 0x0000000085580000, 0x00000000d5580000)
  object space 87552K, 16% used [0x0000000080000000,0x0000000080e53f80,0x0000000085580000)
 Metaspace       used 37522K, capacity 39142K, committed 39168K, reserved 1083392K
  class space    used 5292K, capacity 5607K, committed 5632K, reserved 1048576K
Event: 11.686 GC heap after
Heap after GC invocations=12 (full 2):
 PSYoungGen      total 138240K, used 6977K [0x00000000d5580000, 0x00000000dee80000, 0x0000000100000000)
  eden space 131072K, 0% used [0x00000000d5580000,0x00000000d5580000,0x00000000dd580000)
  from space 7168K, 97% used [0x00000000de780000,0x00000000dee50728,0x00000000dee80000)
  to   space 11264K, 0% used [0x00000000dd880000,0x00000000dd880000,0x00000000de380000)
 ParOldGen       total 87552K, used 14679K [0x0000000080000000, 0x0000000085580000, 0x00000000d5580000)
  object space 87552K, 16% used [0x0000000080000000,0x0000000080e55f80,0x0000000085580000)
 Metaspace       used 37522K, capacity 39142K, committed 39168K, reserved 1083392K
  class space    used 5292K, capacity 5607K, committed 5632K, reserved 1048576K
}
Event: 15.183 GC heap before
{Heap before GC invocations=13 (full 2):
 PSYoungGen      total 138240K, used 138049K [0x00000000d5580000, 0x00000000dee80000, 0x0000000100000000)
  eden space 131072K, 100% used [0x00000000d5580000,0x00000000dd580000,0x00000000dd580000)
  from space 7168K, 97% used [0x00000000de780000,0x00000000dee50728,0x00000000dee80000)
  to   space 11264K, 0% used [0x00000000dd880000,0x00000000dd880000,0x00000000de380000)
 ParOldGen       total 87552K, used 14679K [0x0000000080000000, 0x0000000085580000, 0x00000000d5580000)
  object space 87552K, 16% used [0x0000000080000000,0x0000000080e55f80,0x0000000085580000)
 Metaspace       used 50942K, capacity 52902K, committed 53248K, reserved 1095680K
  class space    used 6973K, capacity 7368K, committed 7424K, reserved 1048576K
Event: 15.205 GC heap after
Heap after GC invocations=13 (full 2):
 PSYoungGen      total 145408K, used 11260K [0x00000000d5580000, 0x00000000e1900000, 0x0000000100000000)
  eden space 134144K, 0% used [0x00000000d5580000,0x00000000d5580000,0x00000000dd880000)
  from space 11264K, 99% used [0x00000000dd880000,0x00000000de37f320,0x00000000de380000)
  to   space 15872K, 0% used [0x00000000e0980000,0x00000000e0980000,0x00000000e1900000)
 ParOldGen       total 87552K, used 24230K [0x0000000080000000, 0x0000000085580000, 0x00000000d5580000)
  object space 87552K, 27% used [0x0000000080000000,0x00000000817a9948,0x0000000085580000)
 Metaspace       used 50942K, capacity 52902K, committed 53248K, reserved 1095680K
  class space    used 6973K, capacity 7368K, committed 7424K, reserved 1048576K
}

Deoptimization events (10 events):
Event: 13.667 Thread 0x000000001afc6800 Uncommon trap: reason=bimorphic action=maybe_recompile pc=0x00000000035da478 method=java.util.regex.Pattern$CharProperty.match(Ljava/util/regex/Matcher;ILjava/lang/CharSequence;)Z @ 18
Event: 13.724 Thread 0x000000001afc6800 Uncommon trap: reason=bimorphic action=maybe_recompile pc=0x00000000035da478 method=java.util.regex.Pattern$CharProperty.match(Ljava/util/regex/Matcher;ILjava/lang/CharSequence;)Z @ 18
Event: 14.050 Thread 0x000000001afc6800 Uncommon trap: reason=unstable_if action=reinterpret pc=0x0000000002bbd3b0 method=org.gradle.internal.reflect.PropertyAccessorType.of(Ljava/lang/reflect/Method;)Lorg/gradle/internal/reflect/PropertyAccessorType; @ 56
Event: 14.398 Thread 0x000000001afc6800 Uncommon trap: reason=unstable_if action=reinterpret pc=0x000000000377ef54 method=com.google.gson.stream.JsonReader.doPeek()I @ 315
Event: 14.759 Thread 0x000000001afc6800 Uncommon trap: reason=unstable_if action=reinterpret pc=0x00000000037f93f4 method=com.sun.org.apache.xerces.internal.impl.XMLEntityScanner.checkBeforeLoad(Lcom/sun/xml/internal/stream/Entity$ScannedEntity;II)I @ 18
Event: 14.934 Thread 0x000000001afc6800 Uncommon trap: reason=unstable_if action=reinterpret pc=0x0000000003687770 method=org.gradle.internal.instantiation.generator.AbstractClassGenerator$InjectionAnnotationValidator.validateMethod(Ljava/lang/reflect/Method;Lorg/gradle/internal/reflect/Propert
Event: 14.934 Thread 0x000000001afc6800 Uncommon trap: reason=unstable_if action=reinterpret pc=0x00000000036ad33c method=org.gradle.internal.instantiation.generator.AbstractClassGenerator$InjectionAnnotationValidator.validateMethod(Ljava/lang/reflect/Method;Lorg/gradle/internal/reflect/Propert
Event: 15.165 Thread 0x000000001afc6800 Uncommon trap: reason=null_check action=make_not_entrant pc=0x000000000317dbd0 method=java.lang.Class.searchMethods([Ljava/lang/reflect/Method;Ljava/lang/String;[Ljava/lang/Class;)Ljava/lang/reflect/Method; @ 59
Event: 16.402 Thread 0x000000001afc6800 Uncommon trap: reason=unstable_if action=reinterpret pc=0x00000000036dde0c method=java.security.CodeSource.hashCode()I @ 4
Event: 16.402 Thread 0x000000001afc6800 Uncommon trap: reason=unstable_if action=reinterpret pc=0x0000000002b8a04c method=java.security.CodeSource.hashCode()I @ 4

Classes redefined (0 events):
No events

Internal exceptions (10 events):
Event: 15.359 Thread 0x000000001afc6800 Exception <a 'java/lang/ClassNotFoundException': com/android/build/gradle/internal/CompileOptionsCustomizer> (0x00000000d62647a8) thrown at [C:\re\workspace\8-2-build-windows-amd64-cygwin\jdk8u221\13320\hotspot\src\share\vm\classfile\systemDictionary.cpp,
Event: 15.360 Thread 0x000000001afc6800 Exception <a 'java/lang/ClassNotFoundException': com/android/build/gradle/internal/CompileOptions_DecoratedCustomizer> (0x00000000d62953d8) thrown at [C:\re\workspace\8-2-build-windows-amd64-cygwin\jdk8u221\13320\hotspot\src\share\vm\classfile\systemDicti
Event: 16.401 Thread 0x000000001afc6800 Implicit null exception at 0x00000000036db9f2 to 0x00000000036ddde1
Event: 16.402 Thread 0x000000001afc6800 Implicit null exception at 0x0000000002b89d55 to 0x0000000002b8a03d
Event: 16.872 Thread 0x000000001afc6800 Exception <a 'java/lang/ClassNotFoundException': com/android/build/gradle/internal/api/ApkVariantOutputImpl_DecoratedBeanInfo> (0x00000000d8a9bad8) thrown at [C:\re\workspace\8-2-build-windows-amd64-cygwin\jdk8u221\13320\hotspot\src\share\vm\classfile\sys
Event: 16.873 Thread 0x000000001afc6800 Exception <a 'java/lang/ClassNotFoundException': com/android/build/gradle/internal/api/ApkVariantOutputImplBeanInfo> (0x00000000d8ab8d98) thrown at [C:\re\workspace\8-2-build-windows-amd64-cygwin\jdk8u221\13320\hotspot\src\share\vm\classfile\systemDiction
Event: 16.873 Thread 0x000000001afc6800 Exception <a 'java/lang/ClassNotFoundException': com/android/build/gradle/internal/api/BaseVariantOutputImplBeanInfo> (0x00000000d8ad71d0) thrown at [C:\re\workspace\8-2-build-windows-amd64-cygwin\jdk8u221\13320\hotspot\src\share\vm\classfile\systemDictio
Event: 16.875 Thread 0x000000001afc6800 Exception <a 'java/lang/ClassNotFoundException': com/android/build/gradle/internal/api/BaseVariantOutputImplCustomizer> (0x00000000d8af5b68) thrown at [C:\re\workspace\8-2-build-windows-amd64-cygwin\jdk8u221\13320\hotspot\src\share\vm\classfile\systemDict
Event: 16.876 Thread 0x000000001afc6800 Exception <a 'java/lang/ClassNotFoundException': com/android/build/gradle/internal/api/ApkVariantOutputImplCustomizer> (0x00000000d8b2e320) thrown at [C:\re\workspace\8-2-build-windows-amd64-cygwin\jdk8u221\13320\hotspot\src\share\vm\classfile\systemDicti
Event: 16.879 Thread 0x000000001afc6800 Exception <a 'java/lang/ClassNotFoundException': com/android/build/gradle/internal/api/ApkVariantOutputImpl_DecoratedCustomizer> (0x00000000d8b620d0) thrown at [C:\re\workspace\8-2-build-windows-amd64-cygwin\jdk8u221\13320\hotspot\src\share\vm\classfile\s

Events (10 events):
Event: 16.876 loading class com/android/build/gradle/internal/api/ApkVariantOutputImplCustomizer
Event: 16.876 loading class com/android/build/gradle/internal/api/ApkVariantOutputImplCustomizer done
Event: 16.876 loading class com/android/build/gradle/internal/api/ApkVariantOutputImplCustomizer
Event: 16.876 loading class com/android/build/gradle/internal/api/ApkVariantOutputImplCustomizer done
Event: 16.878 loading class com/android/build/gradle/internal/api/ApkVariantOutputImpl_DecoratedCustomizer
Event: 16.878 loading class com/android/build/gradle/internal/api/ApkVariantOutputImpl_DecoratedCustomizer done
Event: 16.879 loading class com/android/build/gradle/internal/api/ApkVariantOutputImpl_DecoratedCustomizer
Event: 16.879 loading class com/android/build/gradle/internal/api/ApkVariantOutputImpl_DecoratedCustomizer done
Event: 16.879 loading class com/android/build/gradle/internal/api/ApkVariantOutputImpl_DecoratedCustomizer
Event: 16.879 loading class com/android/build/gradle/internal/api/ApkVariantOutputImpl_DecoratedCustomizer done


Dynamic libraries:
0x00007ff6ac140000 - 0x00007ff6ac177000 	C:\Program Files\Java\jdk1.8.0_221\bin\java.exe
0x00007ff95f6c0000 - 0x00007ff95f8b0000 	C:\WINDOWS\SYSTEM32\ntdll.dll
0x00007ff9320a0000 - 0x00007ff9320b2000 	C:\Program Files\AVAST Software\Avast\aswhook.dll
0x00007ff95eec0000 - 0x00007ff95ef72000 	C:\WINDOWS\System32\KERNEL32.DLL
0x00007ff95d2a0000 - 0x00007ff95d545000 	C:\WINDOWS\System32\KERNELBASE.dll
0x00007ff95f140000 - 0x00007ff95f1e3000 	C:\WINDOWS\System32\ADVAPI32.dll
0x00007ff95efb0000 - 0x00007ff95f04e000 	C:\WINDOWS\System32\msvcrt.dll
0x00007ff95f250000 - 0x00007ff95f2e7000 	C:\WINDOWS\System32\sechost.dll
0x00007ff95eb20000 - 0x00007ff95ec40000 	C:\WINDOWS\System32\RPCRT4.dll
0x00007ff95f2f0000 - 0x00007ff95f484000 	C:\WINDOWS\System32\USER32.dll
0x00007ff95d1c0000 - 0x00007ff95d1e1000 	C:\WINDOWS\System32\win32u.dll
0x00007ff95ef80000 - 0x00007ff95efa6000 	C:\WINDOWS\System32\GDI32.dll
0x00007ff95d5d0000 - 0x00007ff95d766000 	C:\WINDOWS\System32\gdi32full.dll
0x00007ff95cf10000 - 0x00007ff95cfae000 	C:\WINDOWS\System32\msvcp_win.dll
0x00007ff95cfb0000 - 0x00007ff95d0aa000 	C:\WINDOWS\System32\ucrtbase.dll
0x00007ff94d530000 - 0x00007ff94d7b4000 	C:\WINDOWS\WinSxS\amd64_microsoft.windows.common-controls_6595b64144ccf1df_6.0.18362.1256_none_9e7e379be45e40e2\COMCTL32.dll
0x00007ff95e7e0000 - 0x00007ff95eb16000 	C:\WINDOWS\System32\combase.dll
0x00007ff95d0b0000 - 0x00007ff95d131000 	C:\WINDOWS\System32\bcryptPrimitives.dll
0x00007ff95e510000 - 0x00007ff95e53e000 	C:\WINDOWS\System32\IMM32.DLL
0x000000005a1b0000 - 0x000000005a282000 	C:\Program Files\Java\jdk1.8.0_221\jre\bin\msvcr100.dll
0x0000000058a40000 - 0x00000000592e5000 	C:\Program Files\Java\jdk1.8.0_221\jre\bin\server\jvm.dll
0x00007ff95e500000 - 0x00007ff95e508000 	C:\WINDOWS\System32\PSAPI.DLL
0x00007ff94ade0000 - 0x00007ff94ade9000 	C:\WINDOWS\SYSTEM32\WSOCK32.dll
0x00007ff95ed80000 - 0x00007ff95edef000 	C:\WINDOWS\System32\WS2_32.dll
0x00007ff9573d0000 - 0x00007ff9573f4000 	C:\WINDOWS\SYSTEM32\WINMM.dll
0x00007ff955bd0000 - 0x00007ff955bda000 	C:\WINDOWS\SYSTEM32\VERSION.dll
0x00007ff9573a0000 - 0x00007ff9573cd000 	C:\WINDOWS\SYSTEM32\WINMMBASE.dll
0x00007ff95d580000 - 0x00007ff95d5ca000 	C:\WINDOWS\System32\cfgmgr32.dll
0x00007ff956c10000 - 0x00007ff956c1f000 	C:\Program Files\Java\jdk1.8.0_221\jre\bin\verify.dll
0x00007ff94c6f0000 - 0x00007ff94c719000 	C:\Program Files\Java\jdk1.8.0_221\jre\bin\java.dll
0x00007ff955c70000 - 0x00007ff955c86000 	C:\Program Files\Java\jdk1.8.0_221\jre\bin\zip.dll
0x00007ff95d770000 - 0x00007ff95de57000 	C:\WINDOWS\System32\SHELL32.dll
0x00007ff95e680000 - 0x00007ff95e729000 	C:\WINDOWS\System32\shcore.dll
0x00007ff95c630000 - 0x00007ff95cdb1000 	C:\WINDOWS\System32\windows.storage.dll
0x00007ff95c5b0000 - 0x00007ff95c5d3000 	C:\WINDOWS\System32\profapi.dll
0x00007ff95c5e0000 - 0x00007ff95c62a000 	C:\WINDOWS\System32\powrprof.dll
0x00007ff95c560000 - 0x00007ff95c570000 	C:\WINDOWS\System32\UMPDC.dll
0x00007ff95f0e0000 - 0x00007ff95f132000 	C:\WINDOWS\System32\shlwapi.dll
0x00007ff95c570000 - 0x00007ff95c581000 	C:\WINDOWS\System32\kernel.appcore.dll
0x00007ff95d1a0000 - 0x00007ff95d1b7000 	C:\WINDOWS\System32\cryptsp.dll
0x00007ff938260000 - 0x00007ff93827a000 	C:\Program Files\Java\jdk1.8.0_221\jre\bin\net.dll
0x00007ff944f00000 - 0x00007ff9450d6000 	C:\WINDOWS\SYSTEM32\urlmon.dll
0x00007ff944b50000 - 0x00007ff944df7000 	C:\WINDOWS\SYSTEM32\iertutil.dll
0x00007ff95bf80000 - 0x00007ff95bf8c000 	C:\WINDOWS\SYSTEM32\CRYPTBASE.DLL
0x00007ff95bdb0000 - 0x00007ff95be17000 	C:\WINDOWS\system32\mswsock.dll
0x00007ff938150000 - 0x00007ff938162000 	C:\Program Files\Java\jdk1.8.0_221\jre\bin\nio.dll
0x00007ff94b1f0000 - 0x00007ff94b217000 	C:\Users\Sseokkoo\.gradle\native\f6784746aeab05261644944871eae4fe03e0ef1612fff0a4a95f87b438bc6780\windows-amd64\native-platform.dll
0x00007ff956b60000 - 0x00007ff956b6d000 	C:\Program Files\Java\jdk1.8.0_221\jre\bin\management.dll
0x00007ff95b920000 - 0x00007ff95b953000 	C:\WINDOWS\system32\rsaenh.dll
0x00007ff95d550000 - 0x00007ff95d576000 	C:\WINDOWS\System32\bcrypt.dll
0x00007ff95c480000 - 0x00007ff95c4a5000 	C:\WINDOWS\SYSTEM32\USERENV.dll
0x00007ff95bac0000 - 0x00007ff95bafa000 	C:\WINDOWS\SYSTEM32\IPHLPAPI.DLL
0x00007ff95f510000 - 0x00007ff95f518000 	C:\WINDOWS\System32\NSI.dll
0x00007ff954990000 - 0x00007ff9549a6000 	C:\WINDOWS\SYSTEM32\dhcpcsvc6.DLL
0x00007ff954d00000 - 0x00007ff954d1c000 	C:\WINDOWS\SYSTEM32\dhcpcsvc.DLL
0x00007ff95bb00000 - 0x00007ff95bbcb000 	C:\WINDOWS\SYSTEM32\DNSAPI.dll
0x00007ff955c60000 - 0x00007ff955c6b000 	C:\WINDOWS\SYSTEM32\WINNSI.DLL

VM Arguments:
jvm_args: -Xmx2048m -Dfile.encoding=UTF-8 -Duser.country=KR -Duser.language=ko -Duser.variant 
java_command: org.gradle.launcher.daemon.bootstrap.GradleDaemon 6.5
java_class_path (initial): C:\Users\Sseokkoo\.gradle\wrapper\dists\gradle-6.5-bin\6nifqtx7604sqp1q6g8wikw7p\gradle-6.5\lib\gradle-launcher-6.5.jar
Launcher Type: SUN_STANDARD

Environment Variables:
JAVA_HOME=C:\Program Files\Java\jdk-12.0.1
CLASSPATH=C:\Program Files\Java\jdk-12.0.1\lib
PATH=C:\Program Files (x86)\Common Files\Oracle\Java\javapath;C:\Program Files (x86)\Intel\iCLS Client\;C:\Program Files\Intel\iCLS Client\;C:\Windows\system32;C:\Windows;C:\Windows\System32\Wbem;C:\Windows\System32\WindowsPowerShell\v1.0\;C:\Windows\System32\OpenSSH\;C:\Program Files (x86)\Intel\Intel(R) Management Engine Components\DAL;C:\Program Files\Intel\Intel(R) Management Engine Components\DAL;C:\Program Files (x86)\Intel\Intel(R) Management Engine Components\IPT;C:\Program Files\Intel\Intel(R) Management Engine Components\IPT;C:\Program Files (x86)\NVIDIA Corporation\PhysX\Common;C:\Program Files\Intel\WiFi\bin\;C:\Program Files\Common Files\Intel\WirelessCommon\;C:\AutoSet10\Server\conf\;C:\AutoSet10\Server\bin\;C:\Program Files\Git\cmd;C:\ProgramData\ComposerSetup\bin;C:\Program Files\MySQL\MySQL Server 8.0\bin;?C:\Program Files\nodejs\node.exe;C:\Program Files (x86)\GtkSharp\2.12\bin;%SystemRoot%\system32;%SystemRoot%;%SystemRoot%\System32\Wbem;%SYSTEMROOT%\System32\WindowsPowerShell\v1.0\;%SYSTEMROOT%\System32\OpenSSH\;C:\Users\Sseokkoo\AppData\Local\Microsoft\WindowsApps;C:\Program Files\Intel\WiFi\bin\;C:\Program Files\Common Files\Intel\WirelessCommon\;C:\Program Files\JetBrains\IntelliJ IDEA Community Edition 2019.1.2\bin;;C:\Program Files\Java\jdk-12.0.1\bin;C:\PHP;C:\Users\Sseokkoo\AppData\Roaming\Composer\vendor\bin;C:\Program Files\MySQL\MySQL Server 8.0\bin;C:\Users\Sseokkoo\AppData\Roaming\npm;C:\Program Files\nodejs;C:\Users\Sseokkoo\AppData\Local\Programs\Microsoft VS Code\bin
USERNAME=Sseokkoo
OS=Windows_NT
PROCESSOR_IDENTIFIER=Intel64 Family 6 Model 142 Stepping 9, GenuineIntel



---------------  S Y S T E M  ---------------

OS: Windows 10.0 , 64 bit Build 18362 (10.0.18362.1110)

CPU:total 4 (initial active 4) (2 cores per cpu, 2 threads per core) family 6 model 142 stepping 9, cmov, cx8, fxsr, mmx, sse, sse2, sse3, ssse3, sse4.1, sse4.2, popcnt, avx, avx2, aes, clmul, erms, 3dnowpref, lzcnt, ht, tsc, tscinvbit, bmi1, bmi2, adx

Memory: 4k page, physical 8268916k(1591564k free), swap 8268916k(2008k free)

vm_info: Java HotSpot(TM) 64-Bit Server VM (25.221-b11) for windows-amd64 JRE (1.8.0_221-b11), built on Jul  4 2019 04:39:29 by "java_re" with MS VC++ 10.0 (VS2010)

time: Thu Jan 07 23:08:01 2021
timezone: 대한민국 표준시
elapsed time: 16 seconds (0d 0h 0m 16s)

